Preprocessing Project al010
Preprocessing Project al031
Preprocessing Project al056
Preprocessing Project al062
Preprocessing Project al067
Preprocessing Project al087
Preprocessing Project al101
Preprocessing Project al133
Preprocessing Project al140
Preprocessing Project tp032
Preprocessing Project tp040
Preprocessing Project tp045
Preprocessing Project tp052
Preprocessing Project tp063
Compiling Llvm bytecode for preprocessed Project al010
Compiling Llvm bytecode for preprocessed Project al031
Compiling Llvm bytecode for preprocessed Project al056
Compiling Llvm bytecode for preprocessed Project al062
Compiling Llvm bytecode for preprocessed Project al067
Compiling Llvm bytecode for preprocessed Project al087
Compiling Llvm bytecode for preprocessed Project al101
Compiling Llvm bytecode for preprocessed Project al133
Compiling Llvm bytecode for preprocessed Project al140
Compiling Llvm bytecode for preprocessed Project tp032
Compiling Llvm bytecode for preprocessed Project tp040
Compiling Llvm bytecode for preprocessed Project tp045
Compiling Llvm bytecode for preprocessed Project tp052
Compiling Llvm bytecode for preprocessed Project tp063
klee -output-dir=Results/Klee/Projects/asa_2122_p1/Fri_Aug_26_11:40:52_2022/Project_al031 --posix-runtime --libc=uclibc --only-output-states-covering-new -max-time=900 --watchdog Projects/asa_2122_p1/al031/preprocessed/al031.bc -sym-stdin 10
klee -output-dir=Results/Klee/Projects/asa_2122_p1/Fri_Aug_26_11:40:52_2022/Project_al056 --posix-runtime --libc=uclibc --only-output-states-covering-new -max-time=900 --watchdog Projects/asa_2122_p1/al056/preprocessed/al056.bc -sym-stdin 10
klee -output-dir=Results/Klee/Projects/asa_2122_p1/Fri_Aug_26_11:40:52_2022/Project_al062 --posix-runtime --libc=uclibc --only-output-states-covering-new -max-time=900 --watchdog Projects/asa_2122_p1/al062/preprocessed/al062.bc -sym-stdin 10
klee -output-dir=Results/Klee/Projects/asa_2122_p1/Fri_Aug_26_11:40:52_2022/Project_al010 --posix-runtime --libc=uclibc --only-output-states-covering-new -max-time=900 --watchdog Projects/asa_2122_p1/al010/preprocessed/al010.bc -sym-stdin 10
klee -output-dir=Results/Klee/Projects/asa_2122_p1/Fri_Aug_26_11:40:52_2022/Project_al133 --posix-runtime --libc=uclibc --only-output-states-covering-new -max-time=900 --watchdog Projects/asa_2122_p1/al133/preprocessed/al133.bc -sym-stdin 10
klee -output-dir=Results/Klee/Projects/asa_2122_p1/Fri_Aug_26_11:40:52_2022/Project_al101 --posix-runtime --libc=uclibc --only-output-states-covering-new -max-time=900 --watchdog Projects/asa_2122_p1/al101/preprocessed/al101.bc -sym-stdin 10
klee -output-dir=Results/Klee/Projects/asa_2122_p1/Fri_Aug_26_11:40:52_2022/Project_al067 --posix-runtime --libc=uclibc --only-output-states-covering-new -max-time=900 --watchdog Projects/asa_2122_p1/al067/preprocessed/al067.bc -sym-stdin 10

[!] 15min Timeout Detected: ['klee', '-output-dir=Results/Klee/Projects/asa_2122_p1/Fri_Aug_26_11:40:52_2022/Project_al031', '--posix-runtime', '--libc=uclibc', '--only-output-states-covering-new', '-max-time=900', '--watchdog', 'Projects/asa_2122_p1/al031/preprocessed/al031.bc', '-sym-stdin 10']
klee -output-dir=Results/Klee/Projects/asa_2122_p1/Fri_Aug_26_11:40:52_2022/Project_al087 --posix-runtime --libc=uclibc --only-output-states-covering-new -max-time=900 --watchdog Projects/asa_2122_p1/al087/preprocessed/al087.bc -sym-stdin 10
klee -output-dir=Results/Klee/Projects/asa_2122_p1/Fri_Aug_26_11:40:52_2022/Project_tp045 --posix-runtime --libc=uclibc --only-output-states-covering-new -max-time=900 --watchdog Projects/asa_2122_p1/tp045/preprocessed/tp045.bc -sym-stdin 10
klee -output-dir=Results/Klee/Projects/asa_2122_p1/Fri_Aug_26_11:40:52_2022/Project_al140 --posix-runtime --libc=uclibc --only-output-states-covering-new -max-time=900 --watchdog Projects/asa_2122_p1/al140/preprocessed/al140.bc -sym-stdin 10
klee -output-dir=Results/Klee/Projects/asa_2122_p1/Fri_Aug_26_11:40:52_2022/Project_tp040 --posix-runtime --libc=uclibc --only-output-states-covering-new -max-time=900 --watchdog Projects/asa_2122_p1/tp040/preprocessed/tp040.bc -sym-stdin 10
klee -output-dir=Results/Klee/Projects/asa_2122_p1/Fri_Aug_26_11:40:52_2022/Project_tp032 --posix-runtime --libc=uclibc --only-output-states-covering-new -max-time=900 --watchdog Projects/asa_2122_p1/tp032/preprocessed/tp032.bc -sym-stdin 10

[!] 15min Timeout Detected: ['klee', '-output-dir=Results/Klee/Projects/asa_2122_p1/Fri_Aug_26_11:40:52_2022/Project_tp045', '--posix-runtime', '--libc=uclibc', '--only-output-states-covering-new', '-max-time=900', '--watchdog', 'Projects/asa_2122_p1/tp045/preprocessed/tp045.bc', '-sym-stdin 10']
klee -output-dir=Results/Klee/Projects/asa_2122_p1/Fri_Aug_26_11:40:52_2022/Project_tp063 --posix-runtime --libc=uclibc --only-output-states-covering-new -max-time=900 --watchdog Projects/asa_2122_p1/tp063/preprocessed/tp063.bc -sym-stdin 10
klee -output-dir=Results/Klee/Projects/asa_2122_p1/Fri_Aug_26_11:40:52_2022/Project_tp052 --posix-runtime --libc=uclibc --only-output-states-covering-new -max-time=900 --watchdog Projects/asa_2122_p1/tp052/preprocessed/tp052.bc -sym-stdin 10

[!] 15min Timeout Detected: ['klee', '-output-dir=Results/Klee/Projects/asa_2122_p1/Fri_Aug_26_11:40:52_2022/Project_tp040', '--posix-runtime', '--libc=uclibc', '--only-output-states-covering-new', '-max-time=900', '--watchdog', 'Projects/asa_2122_p1/tp040/preprocessed/tp040.bc', '-sym-stdin 10']
Elapsed: 3416.009 seconds (0.95 hours)
