Preprocessing Project al003
Preprocessing Project al049
Preprocessing Project al058
Preprocessing Project al065
Preprocessing Project al086
Preprocessing Project al098
Preprocessing Project al110
Preprocessing Project al117
Preprocessing Project al133
Preprocessing Project al134
Preprocessing Project al150
Preprocessing Project al152
Preprocessing Project tp018
Preprocessing Project tp061
Compiling Llvm bytecode for preprocessed Project al003
Compiling Llvm bytecode for preprocessed Project al049
Compiling Llvm bytecode for preprocessed Project al058
Compiling Llvm bytecode for preprocessed Project al065
Compiling Llvm bytecode for preprocessed Project al086
Compiling Llvm bytecode for preprocessed Project al098
Compiling Llvm bytecode for preprocessed Project al110
Compiling Llvm bytecode for preprocessed Project al117
Compiling Llvm bytecode for preprocessed Project al133
Compiling Llvm bytecode for preprocessed Project al134
Compiling Llvm bytecode for preprocessed Project al150
Compiling Llvm bytecode for preprocessed Project al152
Compiling Llvm bytecode for preprocessed Project tp018
Compiling Llvm bytecode for preprocessed Project tp061
klee -output-dir=Results/Klee/Projects/asa_2021_p2/Fri_Aug_26_10:55:22_2022/Project_al049 --posix-runtime --libc=uclibc --only-output-states-covering-new -max-time=900 --watchdog Projects/asa_2021_p2/al049/preprocessed/al049.bc -sym-stdin 10
klee -output-dir=Results/Klee/Projects/asa_2021_p2/Fri_Aug_26_10:55:22_2022/Project_al058 --posix-runtime --libc=uclibc --only-output-states-covering-new -max-time=900 --watchdog Projects/asa_2021_p2/al058/preprocessed/al058.bc -sym-stdin 10
klee -output-dir=Results/Klee/Projects/asa_2021_p2/Fri_Aug_26_10:55:22_2022/Project_al065 --posix-runtime --libc=uclibc --only-output-states-covering-new -max-time=900 --watchdog Projects/asa_2021_p2/al065/preprocessed/al065.bc -sym-stdin 10
klee -output-dir=Results/Klee/Projects/asa_2021_p2/Fri_Aug_26_10:55:22_2022/Project_al003 --posix-runtime --libc=uclibc --only-output-states-covering-new -max-time=900 --watchdog Projects/asa_2021_p2/al003/preprocessed/al003.bc -sym-stdin 10
klee -output-dir=Results/Klee/Projects/asa_2021_p2/Fri_Aug_26_10:55:22_2022/Project_al110 --posix-runtime --libc=uclibc --only-output-states-covering-new -max-time=900 --watchdog Projects/asa_2021_p2/al110/preprocessed/al110.bc -sym-stdin 10

[!] 15min Timeout Detected: ['klee', '-output-dir=Results/Klee/Projects/asa_2021_p2/Fri_Aug_26_10:55:22_2022/Project_al049', '--posix-runtime', '--libc=uclibc', '--only-output-states-covering-new', '-max-time=900', '--watchdog', 'Projects/asa_2021_p2/al049/preprocessed/al049.bc', '-sym-stdin 10']
klee -output-dir=Results/Klee/Projects/asa_2021_p2/Fri_Aug_26_10:55:22_2022/Project_al098 --posix-runtime --libc=uclibc --only-output-states-covering-new -max-time=900 --watchdog Projects/asa_2021_p2/al098/preprocessed/al098.bc -sym-stdin 10

[!] 15min Timeout Detected: ['klee', '-output-dir=Results/Klee/Projects/asa_2021_p2/Fri_Aug_26_10:55:22_2022/Project_al003', '--posix-runtime', '--libc=uclibc', '--only-output-states-covering-new', '-max-time=900', '--watchdog', 'Projects/asa_2021_p2/al003/preprocessed/al003.bc', '-sym-stdin 10']
klee -output-dir=Results/Klee/Projects/asa_2021_p2/Fri_Aug_26_10:55:22_2022/Project_al086 --posix-runtime --libc=uclibc --only-output-states-covering-new -max-time=900 --watchdog Projects/asa_2021_p2/al086/preprocessed/al086.bc -sym-stdin 10

[!] 15min Timeout Detected: ['klee', '-output-dir=Results/Klee/Projects/asa_2021_p2/Fri_Aug_26_10:55:22_2022/Project_al065', '--posix-runtime', '--libc=uclibc', '--only-output-states-covering-new', '-max-time=900', '--watchdog', 'Projects/asa_2021_p2/al065/preprocessed/al065.bc', '-sym-stdin 10']
klee -output-dir=Results/Klee/Projects/asa_2021_p2/Fri_Aug_26_10:55:22_2022/Project_al117 --posix-runtime --libc=uclibc --only-output-states-covering-new -max-time=900 --watchdog Projects/asa_2021_p2/al117/preprocessed/al117.bc -sym-stdin 10
klee -output-dir=Results/Klee/Projects/asa_2021_p2/Fri_Aug_26_10:55:22_2022/Project_al134 --posix-runtime --libc=uclibc --only-output-states-covering-new -max-time=900 --watchdog Projects/asa_2021_p2/al134/preprocessed/al134.bc -sym-stdin 10
klee -output-dir=Results/Klee/Projects/asa_2021_p2/Fri_Aug_26_10:55:22_2022/Project_al133 --posix-runtime --libc=uclibc --only-output-states-covering-new -max-time=900 --watchdog Projects/asa_2021_p2/al133/preprocessed/al133.bc -sym-stdin 10
klee -output-dir=Results/Klee/Projects/asa_2021_p2/Fri_Aug_26_10:55:22_2022/Project_tp018 --posix-runtime --libc=uclibc --only-output-states-covering-new -max-time=900 --watchdog Projects/asa_2021_p2/tp018/preprocessed/tp018.bc -sym-stdin 10

[!] 15min Timeout Detected: ['klee', '-output-dir=Results/Klee/Projects/asa_2021_p2/Fri_Aug_26_10:55:22_2022/Project_al110', '--posix-runtime', '--libc=uclibc', '--only-output-states-covering-new', '-max-time=900', '--watchdog', 'Projects/asa_2021_p2/al110/preprocessed/al110.bc', '-sym-stdin 10']
klee -output-dir=Results/Klee/Projects/asa_2021_p2/Fri_Aug_26_10:55:22_2022/Project_al150 --posix-runtime --libc=uclibc --only-output-states-covering-new -max-time=900 --watchdog Projects/asa_2021_p2/al150/preprocessed/al150.bc -sym-stdin 10
klee -output-dir=Results/Klee/Projects/asa_2021_p2/Fri_Aug_26_10:55:22_2022/Project_tp061 --posix-runtime --libc=uclibc --only-output-states-covering-new -max-time=900 --watchdog Projects/asa_2021_p2/tp061/preprocessed/tp061.bc -sym-stdin 10

[!] 15min Timeout Detected: ['klee', '-output-dir=Results/Klee/Projects/asa_2021_p2/Fri_Aug_26_10:55:22_2022/Project_al117', '--posix-runtime', '--libc=uclibc', '--only-output-states-covering-new', '-max-time=900', '--watchdog', 'Projects/asa_2021_p2/al117/preprocessed/al117.bc', '-sym-stdin 10']
klee -output-dir=Results/Klee/Projects/asa_2021_p2/Fri_Aug_26_10:55:22_2022/Project_al152 --posix-runtime --libc=uclibc --only-output-states-covering-new -max-time=900 --watchdog Projects/asa_2021_p2/al152/preprocessed/al152.bc -sym-stdin 10

[!] 15min Timeout Detected: ['klee', '-output-dir=Results/Klee/Projects/asa_2021_p2/Fri_Aug_26_10:55:22_2022/Project_al150', '--posix-runtime', '--libc=uclibc', '--only-output-states-covering-new', '-max-time=900', '--watchdog', 'Projects/asa_2021_p2/al150/preprocessed/al150.bc', '-sym-stdin 10']
Elapsed: 2725.501 seconds (0.76 hours)
