Preprocessing Project al010
Preprocessing Project al025
Preprocessing Project al031
Preprocessing Project al056
Preprocessing Project al064
Preprocessing Project al067
Preprocessing Project al118
Preprocessing Project al133
Preprocessing Project al140
Preprocessing Project tp040
Preprocessing Project tp063
Compiling Llvm bytecode for preprocessed Project al010
Compiling Llvm bytecode for preprocessed Project al025
Compiling Llvm bytecode for preprocessed Project al031
Compiling Llvm bytecode for preprocessed Project al056
Compiling Llvm bytecode for preprocessed Project al064
Compiling Llvm bytecode for preprocessed Project al067
Compiling Llvm bytecode for preprocessed Project al118
Compiling Llvm bytecode for preprocessed Project al133
Compiling Llvm bytecode for preprocessed Project al140
Compiling Llvm bytecode for preprocessed Project tp040
Compiling Llvm bytecode for preprocessed Project tp063
klee -output-dir=Results/Klee/Projects/asa_2122_p2/Fri_Aug_26_12:37:51_2022/Project_al025 --posix-runtime --libc=uclibc --only-output-states-covering-new -max-time=900 --watchdog Projects/asa_2122_p2/al025/preprocessed/al025.bc -sym-stdin 10
klee -output-dir=Results/Klee/Projects/asa_2122_p2/Fri_Aug_26_12:37:51_2022/Project_al031 --posix-runtime --libc=uclibc --only-output-states-covering-new -max-time=900 --watchdog Projects/asa_2122_p2/al031/preprocessed/al031.bc -sym-stdin 10
klee -output-dir=Results/Klee/Projects/asa_2122_p2/Fri_Aug_26_12:37:51_2022/Project_al056 --posix-runtime --libc=uclibc --only-output-states-covering-new -max-time=900 --watchdog Projects/asa_2122_p2/al056/preprocessed/al056.bc -sym-stdin 10
klee -output-dir=Results/Klee/Projects/asa_2122_p2/Fri_Aug_26_12:37:51_2022/Project_al010 --posix-runtime --libc=uclibc --only-output-states-covering-new -max-time=900 --watchdog Projects/asa_2122_p2/al010/preprocessed/al010.bc -sym-stdin 10
klee -output-dir=Results/Klee/Projects/asa_2122_p2/Fri_Aug_26_12:37:51_2022/Project_al064 --posix-runtime --libc=uclibc --only-output-states-covering-new -max-time=900 --watchdog Projects/asa_2122_p2/al064/preprocessed/al064.bc -sym-stdin 10
klee -output-dir=Results/Klee/Projects/asa_2122_p2/Fri_Aug_26_12:37:51_2022/Project_al067 --posix-runtime --libc=uclibc --only-output-states-covering-new -max-time=900 --watchdog Projects/asa_2122_p2/al067/preprocessed/al067.bc -sym-stdin 10
klee -output-dir=Results/Klee/Projects/asa_2122_p2/Fri_Aug_26_12:37:51_2022/Project_tp040 --posix-runtime --libc=uclibc --only-output-states-covering-new -max-time=900 --watchdog Projects/asa_2122_p2/tp040/preprocessed/tp040.bc -sym-stdin 10

[!] 15min Timeout Detected: ['klee', '-output-dir=Results/Klee/Projects/asa_2122_p2/Fri_Aug_26_12:37:51_2022/Project_al031', '--posix-runtime', '--libc=uclibc', '--only-output-states-covering-new', '-max-time=900', '--watchdog', 'Projects/asa_2122_p2/al031/preprocessed/al031.bc', '-sym-stdin 10']
klee -output-dir=Results/Klee/Projects/asa_2122_p2/Fri_Aug_26_12:37:51_2022/Project_al118 --posix-runtime --libc=uclibc --only-output-states-covering-new -max-time=900 --watchdog Projects/asa_2122_p2/al118/preprocessed/al118.bc -sym-stdin 10

[!] 15min Timeout Detected: ['klee', '-output-dir=Results/Klee/Projects/asa_2122_p2/Fri_Aug_26_12:37:51_2022/Project_al056', '--posix-runtime', '--libc=uclibc', '--only-output-states-covering-new', '-max-time=900', '--watchdog', 'Projects/asa_2122_p2/al056/preprocessed/al056.bc', '-sym-stdin 10']
klee -output-dir=Results/Klee/Projects/asa_2122_p2/Fri_Aug_26_12:37:51_2022/Project_al133 --posix-runtime --libc=uclibc --only-output-states-covering-new -max-time=900 --watchdog Projects/asa_2122_p2/al133/preprocessed/al133.bc -sym-stdin 10

[!] 15min Timeout Detected: ['klee', '-output-dir=Results/Klee/Projects/asa_2122_p2/Fri_Aug_26_12:37:51_2022/Project_al064', '--posix-runtime', '--libc=uclibc', '--only-output-states-covering-new', '-max-time=900', '--watchdog', 'Projects/asa_2122_p2/al064/preprocessed/al064.bc', '-sym-stdin 10']
klee -output-dir=Results/Klee/Projects/asa_2122_p2/Fri_Aug_26_12:37:51_2022/Project_al140 --posix-runtime --libc=uclibc --only-output-states-covering-new -max-time=900 --watchdog Projects/asa_2122_p2/al140/preprocessed/al140.bc -sym-stdin 10
klee -output-dir=Results/Klee/Projects/asa_2122_p2/Fri_Aug_26_12:37:51_2022/Project_tp063 --posix-runtime --libc=uclibc --only-output-states-covering-new -max-time=900 --watchdog Projects/asa_2122_p2/tp063/preprocessed/tp063.bc -sym-stdin 10

[!] 15min Timeout Detected: ['klee', '-output-dir=Results/Klee/Projects/asa_2122_p2/Fri_Aug_26_12:37:51_2022/Project_tp063', '--posix-runtime', '--libc=uclibc', '--only-output-states-covering-new', '-max-time=900', '--watchdog', 'Projects/asa_2122_p2/tp063/preprocessed/tp063.bc', '-sym-stdin 10']
Elapsed: 1823.106 seconds (0.51 hours)
