tmp_proj1.c:20:0: warning: "EXIT_FAILURE" redefined
 #define EXIT_FAILURE -1
 
In file included from /home/framos/.local/lib/python3.6/site-packages/CProcessor/Fake_libc/fake_libc_include/stdio.h:1:0,
                 from tmp_proj1.c:7:
/home/framos/.local/lib/python3.6/site-packages/CProcessor/Fake_libc/fake_libc_include/_fake_defines.h:26:0: note: this is the location of the previous definition
 #define EXIT_FAILURE 1
 
p1.c:986:45: warning: too many arguments in call to 'cria_encomenda'
        cria_encomenda(comando_do_utilizador);
        ~~~~~~~~~~~~~~                      ^
1 warning generated.
PROJETO.c:446:14: warning: using the result of an assignment as a condition without parentheses [-Wparentheses]
  while (cmd = getchar())
         ~~~~^~~~~~~~~~~
PROJETO.c:446:14: note: place parentheses around the assignment to silence this warning
  while (cmd = getchar())
             ^
         (              )
PROJETO.c:446:14: note: use '==' to turn this assignment into an equality comparison
  while (cmd = getchar())
             ^
             ==
1 warning generated.
cobaia14.c:413:17: warning: too many arguments in call to 'ordena_preco'
  ordena_preco(p);
  ~~~~~~~~~~~~  ^
1 warning generated.
proj1.c:46:18: warning: using the result of an assignment as a condition without parentheses [-Wparentheses]
  while (comando = getchar())
         ~~~~~~~~^~~~~~~~~~~
proj1.c:46:18: note: place parentheses around the assignment to silence this warning
  while (comando = getchar())
                 ^
         (                  )
proj1.c:46:18: note: use '==' to turn this assignment into an equality comparison
  while (comando = getchar())
                 ^
                 ==
1 warning generated.
proj1.c:508:12: warning: using the result of an assignment as a condition without parentheses [-Wparentheses]
  while (c = getchar())
         ~~^~~~~~~~~~~
proj1.c:508:12: note: place parentheses around the assignment to silence this warning
  while (c = getchar())
           ^
         (            )
proj1.c:508:12: note: use '==' to turn this assignment into an equality comparison
  while (c = getchar())
           ^
           ==
1 warning generated.
resproj01.c:411:14: warning: using the result of an assignment as a condition without parentheses [-Wparentheses]
  while (car = getchar())
         ~~~~^~~~~~~~~~~
resproj01.c:411:14: note: place parentheses around the assignment to silence this warning
  while (car = getchar())
             ^
         (              )
resproj01.c:411:14: note: use '==' to turn this assignment into an equality comparison
  while (car = getchar())
             ^
             ==
1 warning generated.
proj1.c:516:28: warning: comparison of array 'enc[a].prod[k].des' not equal to a null pointer is always true [-Wtautological-pointer-compare]
        if (enc[a].prod[k].des != 0)
            ~~~~~~~~~~~~~~~^~~    ~
1 warning generated.
projeto1.c:144:3: warning: array index 64 is past the end of the array (which contains 64 elements) [-Warray-bounds]
  prod.descricao[64] = descricao;
  ^              ~~
projeto1.c:11:3: note: array 'descricao' declared here
  char *descricao[64];
  ^
1 warning generated.
main.c:500:29: warning: too many arguments in call to 'cria_encomenda'
        cria_encomenda(input);
        ~~~~~~~~~~~~~~      ^
1 warning generated.
IAEDproj1.c:435:31: warning: using the result of an assignment as a condition without parentheses [-Wparentheses]
  if (mat[atoi(v[0])][0].flag = 1)
      ~~~~~~~~~~~~~~~~~~~~~~~~^~~
IAEDproj1.c:435:31: note: place parentheses around the assignment to silence this warning
  if (mat[atoi(v[0])][0].flag = 1)
                              ^
      (                          )
IAEDproj1.c:435:31: note: use '==' to turn this assignment into an equality comparison
  if (mat[atoi(v[0])][0].flag = 1)
                              ^
                              ==
1 warning generated.
proj1.c:216:15: warning: comparison of array 'num_prod_in_encom' equal to a null pointer is always false [-Wtautological-pointer-compare]
          if (num_prod_in_encom == 0)
              ^~~~~~~~~~~~~~~~~    ~
1 warning generated.
projetofinal.c:557:18: warning: using the result of an assignment as a condition without parentheses [-Wparentheses]
  while (command = getchar())
         ~~~~~~~~^~~~~~~~~~~
projetofinal.c:557:18: note: place parentheses around the assignment to silence this warning
  while (command = getchar())
                 ^
         (                  )
projetofinal.c:557:18: note: use '==' to turn this assignment into an equality comparison
  while (command = getchar())
                 ^
                 ==
1 warning generated.
proj1.c:258:3: warning: array index 10000 is past the end of the array (which contains 10000 elements) [-Warray-bounds]
  encomenda[ide].produtos[10000] = 0;
  ^                       ~~~~~
proj1.c:21:3: note: array 'produtos' declared here
  int produtos[10000];
  ^
1 warning generated.
funcional.c:338:32: warning: too many arguments in call to 'adiciona_stock'
        adiciona_stock(idp, qnt);
        ~~~~~~~~~~~~~~         ^
1 warning generated.
proj1.c:48:3: warning: array index 63 is past the end of the array (which contains 63 elements) [-Warray-bounds]
  nome[63] = new_sym_var(sizeof(char) * 8);
  ^    ~~
proj1.c:36:3: note: array 'nome' declared here
  char nome[63];
  ^
1 warning generated.
hash.c:19:12: warning: using the result of an assignment as a condition without parentheses [-Wparentheses]
  while (c = *(str++))
         ~~^~~~~~~~~~
hash.c:19:12: note: place parentheses around the assignment to silence this warning
  while (c = *(str++))
           ^
         (           )
hash.c:19:12: note: use '==' to turn this assignment into an equality comparison
  while (c = *(str++))
           ^
           ==
1 warning generated.
hash.c:11:12: warning: using the result of an assignment as a condition without parentheses [-Wparentheses]
  while (c = *(s++))
         ~~^~~~~~~~
hash.c:11:12: note: place parentheses around the assignment to silence this warning
  while (c = *(s++))
           ^
         (         )
hash.c:11:12: note: use '==' to turn this assignment into an equality comparison
  while (c = *(s++))
           ^
           ==
1 warning generated.
teste.c:470:14: warning: using the result of an assignment as a condition without parentheses [-Wparentheses]
  while (cmd = getchar())
         ~~~~^~~~~~~~~~~
teste.c:470:14: note: place parentheses around the assignment to silence this warning
  while (cmd = getchar())
             ^
         (              )
teste.c:470:14: note: use '==' to turn this assignment into an equality comparison
  while (cmd = getchar())
             ^
             ==
1 warning generated.
hash.c:11:12: warning: using the result of an assignment as a condition without parentheses [-Wparentheses]
  while (c = *(str++))
         ~~^~~~~~~~~~
hash.c:11:12: note: place parentheses around the assignment to silence this warning
  while (c = *(str++))
           ^
         (           )
hash.c:11:12: note: use '==' to turn this assignment into an equality comparison
  while (c = *(str++))
           ^
           ==
1 warning generated.
main.c:17:18: warning: using the result of an assignment as a condition without parentheses [-Wparentheses]
  while (command = getchar())
         ~~~~~~~~^~~~~~~~~~~
main.c:17:18: note: place parentheses around the assignment to silence this warning
  while (command = getchar())
                 ^
         (                  )
main.c:17:18: note: use '==' to turn this assignment into an equality comparison
  while (command = getchar())
                 ^
                 ==
1 warning generated.
Main.c:48:14: warning: using the result of an assignment as a condition without parentheses [-Wparentheses]
  if (equipa = procura_equipa_h(nome, h_equipas, tam_h_equipas))
      ~~~~~~~^~~~~~~~~~~~~~~~~~~~~~~~~~~~~~~~~~~~~~~~~~~~~~~~~~
Main.c:48:14: note: place parentheses around the assignment to silence this warning
  if (equipa = procura_equipa_h(nome, h_equipas, tam_h_equipas))
             ^
      (                                                        )
Main.c:48:14: note: use '==' to turn this assignment into an equality comparison
  if (equipa = procura_equipa_h(nome, h_equipas, tam_h_equipas))
             ^
             ==
Main.c:197:12: warning: using the result of an assignment as a condition without parentheses [-Wparentheses]
  if (jogo = procura_jogo_h(nome, h_jogos, tam_h_jogos))
      ~~~~~^~~~~~~~~~~~~~~~~~~~~~~~~~~~~~~~~~~~~~~~~~~~
Main.c:197:12: note: place parentheses around the assignment to silence this warning
  if (jogo = procura_jogo_h(nome, h_jogos, tam_h_jogos))
           ^
      (                                                )
Main.c:197:12: note: use '==' to turn this assignment into an equality comparison
  if (jogo = procura_jogo_h(nome, h_jogos, tam_h_jogos))
           ^
           ==
2 warnings generated.
aux.c:28:12: warning: using the result of an assignment as a condition without parentheses [-Wparentheses]
  while (c = *(chave++))
         ~~^~~~~~~~~~~~
aux.c:28:12: note: place parentheses around the assignment to silence this warning
  while (c = *(chave++))
           ^
         (             )
aux.c:28:12: note: use '==' to turn this assignment into an equality comparison
  while (c = *(chave++))
           ^
           ==
1 warning generated.
comuns.c:54:12: warning: using the result of an assignment as a condition without parentheses [-Wparentheses]
  while (c = *(nome++))
         ~~^~~~~~~~~~~
comuns.c:54:12: note: place parentheses around the assignment to silence this warning
  while (c = *(nome++))
           ^
         (            )
comuns.c:54:12: note: use '==' to turn this assignment into an equality comparison
  while (c = *(nome++))
           ^
           ==
comuns.c:64:12: warning: using the result of an assignment as a condition without parentheses [-Wparentheses]
  while (c = *(nome++))
         ~~^~~~~~~~~~~
comuns.c:64:12: note: place parentheses around the assignment to silence this warning
  while (c = *(nome++))
           ^
         (            )
comuns.c:64:12: note: use '==' to turn this assignment into an equality comparison
  while (c = *(nome++))
           ^
           ==
2 warnings generated.
jogos.c:44:3: warning: array index 1 is past the end of the array (which contains 1 element) [-Warray-bounds]
  J->score[1] = 0;
  ^        ~
./jogos.h:8:5: note: array 'score' declared here
    unsigned int score[1]; /* Par de numeros inteiros nao negativo */
    ^
1 warning generated.
proj2hash.c:72:9: warning: array index 1 is past the end of the array (which contains 1 element) [-Warray-bounds]
        J->score[1] = new_sym_var(sizeof(unsigned int) * 8);
        ^        ~
./jogos.h:8:5: note: array 'score' declared here
    unsigned int score[1]; /* Par de numeros inteiros nao negativo */
    ^
proj2hash.c:108:27: warning: array index 1 is past the end of the array (which contains 1 element) [-Warray-bounds]
        if (J->score[0] > J->score[1])
                          ^        ~
./jogos.h:8:5: note: array 'score' declared here
    unsigned int score[1]; /* Par de numeros inteiros nao negativo */
    ^
proj2hash.c:114:27: warning: array index 1 is past the end of the array (which contains 1 element) [-Warray-bounds]
        if (J->score[0] < J->score[1])
                          ^        ~
./jogos.h:8:5: note: array 'score' declared here
    unsigned int score[1]; /* Par de numeros inteiros nao negativo */
    ^
proj2hash.c:155:97: warning: array index 1 is past the end of the array (which contains 1 element) [-Warray-bounds]
          printf("%u %s %s %s %u %u\n", NL, J->nome, J->Equipas[0], J->Equipas[1], J->score[0], J->score[1]);
                                                                                                ^        ~
./jogos.h:8:5: note: array 'score' declared here
    unsigned int score[1]; /* Par de numeros inteiros nao negativo */
    ^
proj2hash.c:184:95: warning: array index 1 is past the end of the array (which contains 1 element) [-Warray-bounds]
        printf("%u %s %s %s %u %u\n", NL, J->nome, J->Equipas[0], J->Equipas[1], J->score[0], J->score[1]);
                                                                                              ^        ~
./jogos.h:8:5: note: array 'score' declared here
    unsigned int score[1]; /* Par de numeros inteiros nao negativo */
    ^
proj2hash.c:206:27: warning: array index 1 is past the end of the array (which contains 1 element) [-Warray-bounds]
        if (J->score[0] > J->score[1])
                          ^        ~
./jogos.h:8:5: note: array 'score' declared here
    unsigned int score[1]; /* Par de numeros inteiros nao negativo */
    ^
proj2hash.c:213:27: warning: array index 1 is past the end of the array (which contains 1 element) [-Warray-bounds]
        if (J->score[0] < J->score[1])
                          ^        ~
./jogos.h:8:5: note: array 'score' declared here
    unsigned int score[1]; /* Par de numeros inteiros nao negativo */
    ^
proj2hash.c:252:27: warning: array index 1 is past the end of the array (which contains 1 element) [-Warray-bounds]
        if (J->score[0] > J->score[1])
                          ^        ~
./jogos.h:8:5: note: array 'score' declared here
    unsigned int score[1]; /* Par de numeros inteiros nao negativo */
    ^
proj2hash.c:258:27: warning: array index 1 is past the end of the array (which contains 1 element) [-Warray-bounds]
        if (J->score[0] < J->score[1])
                          ^        ~
./jogos.h:8:5: note: array 'score' declared here
    unsigned int score[1]; /* Par de numeros inteiros nao negativo */
    ^
proj2hash.c:287:9: warning: array index 1 is past the end of the array (which contains 1 element) [-Warray-bounds]
        J->score[1] = Score2;
        ^        ~
./jogos.h:8:5: note: array 'score' declared here
    unsigned int score[1]; /* Par de numeros inteiros nao negativo */
    ^
10 warnings generated.
resproj02.c:738:14: warning: using the result of an assignment as a condition without parentheses [-Wparentheses]
  while (car = getchar())
         ~~~~^~~~~~~~~~~
resproj02.c:738:14: note: place parentheses around the assignment to silence this warning
  while (car = getchar())
             ^
         (              )
resproj02.c:738:14: note: use '==' to turn this assignment into an equality comparison
  while (car = getchar())
             ^
             ==
1 warning generated.
proj2.c:199:9: warning: using the result of an assignment as a condition without parentheses [-Wparentheses]
  if (e = procuraHash_equipa(ht_equipa, nome))
      ~~^~~~~~~~~~~~~~~~~~~~~~~~~~~~~~~~~~~~~
proj2.c:199:9: note: place parentheses around the assignment to silence this warning
  if (e = procuraHash_equipa(ht_equipa, nome))
        ^
      (                                      )
proj2.c:199:9: note: use '==' to turn this assignment into an equality comparison
  if (e = procuraHash_equipa(ht_equipa, nome))
        ^
        ==
1 warning generated.
main.c:188:12: warning: using the result of an assignment as a condition without parentheses [-Wparentheses]
  if (jogo = procuraHT_j(ht_jogos, nome))
      ~~~~~^~~~~~~~~~~~~~~~~~~~~~~~~~~~~
main.c:188:12: note: place parentheses around the assignment to silence this warning
  if (jogo = procuraHT_j(ht_jogos, nome))
           ^
      (                                 )
main.c:188:12: note: use '==' to turn this assignment into an equality comparison
  if (jogo = procuraHT_j(ht_jogos, nome))
           ^
           ==
main.c:368:14: warning: using the result of an assignment as a condition without parentheses [-Wparentheses]
  if (equipa = procuraHT_eq(ht_equipas, nome))
      ~~~~~~~^~~~~~~~~~~~~~~~~~~~~~~~~~~~~~~~
main.c:368:14: note: place parentheses around the assignment to silence this warning
  if (equipa = procuraHT_eq(ht_equipas, nome))
             ^
      (                                      )
main.c:368:14: note: use '==' to turn this assignment into an equality comparison
  if (equipa = procuraHT_eq(ht_equipas, nome))
             ^
             ==
2 warnings generated.
commands.c:22:12: warning: using the result of an assignment as a condition without parentheses [-Wparentheses]
  while (c = getchar() != ' ')
         ~~^~~~~~~~~~~~~~~~~~
commands.c:22:12: note: place parentheses around the assignment to silence this warning
  while (c = getchar() != ' ')
           ^
         (                   )
commands.c:22:12: note: use '==' to turn this assignment into an equality comparison
  while (c = getchar() != ' ')
           ^
           ==
commands.c:99:12: warning: using the result of an assignment as a condition without parentheses [-Wparentheses]
  while (c = getchar() != ' ')
         ~~^~~~~~~~~~~~~~~~~~
commands.c:99:12: note: place parentheses around the assignment to silence this warning
  while (c = getchar() != ' ')
           ^
         (                   )
commands.c:99:12: note: use '==' to turn this assignment into an equality comparison
  while (c = getchar() != ' ')
           ^
           ==
commands.c:126:12: warning: using the result of an assignment as a condition without parentheses [-Wparentheses]
  while (c = getchar() != ' ')
         ~~^~~~~~~~~~~~~~~~~~
commands.c:126:12: note: place parentheses around the assignment to silence this warning
  while (c = getchar() != ' ')
           ^
         (                   )
commands.c:126:12: note: use '==' to turn this assignment into an equality comparison
  while (c = getchar() != ' ')
           ^
           ==
commands.c:153:12: warning: using the result of an assignment as a condition without parentheses [-Wparentheses]
  while (c = getchar() != ' ')
         ~~^~~~~~~~~~~~~~~~~~
commands.c:153:12: note: place parentheses around the assignment to silence this warning
  while (c = getchar() != ' ')
           ^
         (                   )
commands.c:153:12: note: use '==' to turn this assignment into an equality comparison
  while (c = getchar() != ' ')
           ^
           ==
commands.c:199:12: warning: using the result of an assignment as a condition without parentheses [-Wparentheses]
  while (c = getchar() != ' ')
         ~~^~~~~~~~~~~~~~~~~~
commands.c:199:12: note: place parentheses around the assignment to silence this warning
  while (c = getchar() != ' ')
           ^
         (                   )
commands.c:199:12: note: use '==' to turn this assignment into an equality comparison
  while (c = getchar() != ' ')
           ^
           ==
commands.c:246:12: warning: using the result of an assignment as a condition without parentheses [-Wparentheses]
  while (c = getchar() != ' ')
         ~~^~~~~~~~~~~~~~~~~~
commands.c:246:12: note: place parentheses around the assignment to silence this warning
  while (c = getchar() != ' ')
           ^
         (                   )
commands.c:246:12: note: use '==' to turn this assignment into an equality comparison
  while (c = getchar() != ' ')
           ^
           ==
6 warnings generated.
hashtable.c:146:12: warning: using the result of an assignment as a condition without parentheses [-Wparentheses]
  while (c = *(chave++))
         ~~^~~~~~~~~~~~
hashtable.c:146:12: note: place parentheses around the assignment to silence this warning
  while (c = *(chave++))
           ^
         (             )
hashtable.c:146:12: note: use '==' to turn this assignment into an equality comparison
  while (c = *(chave++))
           ^
           ==
1 warning generated.
jogo.c:31:12: warning: using the result of an assignment as a condition without parentheses [-Wparentheses]
  while (c = *(str++))
         ~~^~~~~~~~~~
jogo.c:31:12: note: place parentheses around the assignment to silence this warning
  while (c = *(str++))
           ^
         (           )
jogo.c:31:12: note: use '==' to turn this assignment into an equality comparison
  while (c = *(str++))
           ^
           ==
1 warning generated.
cmds.c:88:12: warning: using the result of an assignment as a condition without parentheses [-Wparentheses]
  if (game = G_search(system->games, name))
      ~~~~~^~~~~~~~~~~~~~~~~~~~~~~~~~~~~~~
cmds.c:88:12: note: place parentheses around the assignment to silence this warning
  if (game = G_search(system->games, name))
           ^
      (                                   )
cmds.c:88:12: note: use '==' to turn this assignment into an equality comparison
  if (game = G_search(system->games, name))
           ^
           ==
cmds.c:192:12: warning: using the result of an assignment as a condition without parentheses [-Wparentheses]
  if (team = T_search(system->teams, name))
      ~~~~~^~~~~~~~~~~~~~~~~~~~~~~~~~~~~~~
cmds.c:192:12: note: place parentheses around the assignment to silence this warning
  if (team = T_search(system->teams, name))
           ^
      (                                   )
cmds.c:192:12: note: use '==' to turn this assignment into an equality comparison
  if (team = T_search(system->teams, name))
           ^
           ==
2 warnings generated.
proj2.c:593:32: warning: too many arguments in call to 'lista_jogos'
        lista_jogos(instruction);
        ~~~~~~~~~~~            ^
proj2.c:641:43: warning: too many arguments in call to 'encontra_mais_vitorias'
        encontra_mais_vitorias(instruction);
        ~~~~~~~~~~~~~~~~~~~~~~            ^
2 warnings generated.
main.c:174:12: warning: using the result of an assignment as a condition without parentheses [-Wparentheses]
  if (node = gameHtNodeSelect(data->gamesHT[h_name], gameName))
      ~~~~~^~~~~~~~~~~~~~~~~~~~~~~~~~~~~~~~~~~~~~~~~~~~~~~~~~~
main.c:174:12: note: place parentheses around the assignment to silence this warning
  if (node = gameHtNodeSelect(data->gamesHT[h_name], gameName))
           ^
      (                                                       )
main.c:174:12: note: use '==' to turn this assignment into an equality comparison
  if (node = gameHtNodeSelect(data->gamesHT[h_name], gameName))
           ^
           ==
main.c:198:12: warning: using the result of an assignment as a condition without parentheses [-Wparentheses]
  if (node = teamHtNodeSelect(data->teamsHT[h_name], teamName))
      ~~~~~^~~~~~~~~~~~~~~~~~~~~~~~~~~~~~~~~~~~~~~~~~~~~~~~~~~
main.c:198:12: note: place parentheses around the assignment to silence this warning
  if (node = teamHtNodeSelect(data->teamsHT[h_name], teamName))
           ^
      (                                                       )
main.c:198:12: note: use '==' to turn this assignment into an equality comparison
  if (node = teamHtNodeSelect(data->teamsHT[h_name], teamName))
           ^
           ==
2 warnings generated.
commands.c:105:16: warning: using the result of an assignment as a condition without parentheses [-Wparentheses]
  if (new_team = find_in_ht(teams, name))
      ~~~~~~~~~^~~~~~~~~~~~~~~~~~~~~~~~~
commands.c:105:16: note: place parentheses around the assignment to silence this warning
  if (new_team = find_in_ht(teams, name))
               ^
      (                                 )
commands.c:105:16: note: use '==' to turn this assignment into an equality comparison
  if (new_team = find_in_ht(teams, name))
               ^
               ==
1 warning generated.
main.c:15:12: warning: using the result of an assignment as a condition without parentheses [-Wparentheses]
  while (c = *(str++))
         ~~^~~~~~~~~~
main.c:15:12: note: place parentheses around the assignment to silence this warning
  while (c = *(str++))
           ^
         (           )
main.c:15:12: note: use '==' to turn this assignment into an equality comparison
  while (c = *(str++))
           ^
           ==
main.c:150:17: warning: using the result of an assignment as a condition without parentheses [-Wparentheses]
  if (game_node = (G_Node *) locate_node(game_name, (void *) g_hashtab))
      ~~~~~~~~~~^~~~~~~~~~~~~~~~~~~~~~~~~~~~~~~~~~~~~~~~~~~~~~~~~~~~~~~
main.c:150:17: note: place parentheses around the assignment to silence this warning
  if (game_node = (G_Node *) locate_node(game_name, (void *) g_hashtab))
                ^
      (                                                                )
main.c:150:17: note: use '==' to turn this assignment into an equality comparison
  if (game_node = (G_Node *) locate_node(game_name, (void *) g_hashtab))
                ^
                ==
main.c:217:17: warning: using the result of an assignment as a condition without parentheses [-Wparentheses]
  if (game_node = (G_Node *) locate_node(name, (void *) g_hashtab))
      ~~~~~~~~~~^~~~~~~~~~~~~~~~~~~~~~~~~~~~~~~~~~~~~~~~~~~~~~~~~~
main.c:217:17: note: place parentheses around the assignment to silence this warning
  if (game_node = (G_Node *) locate_node(name, (void *) g_hashtab))
                ^
      (                                                           )
main.c:217:17: note: use '==' to turn this assignment into an equality comparison
  if (game_node = (G_Node *) locate_node(name, (void *) g_hashtab))
                ^
                ==
main.c:272:22: warning: using the result of an assignment as a condition without parentheses [-Wparentheses]
  if (game_hash_node = (G_Node *) locate_node(name, (void *) g_hashtab))
      ~~~~~~~~~~~~~~~^~~~~~~~~~~~~~~~~~~~~~~~~~~~~~~~~~~~~~~~~~~~~~~~~~
main.c:272:22: note: place parentheses around the assignment to silence this warning
  if (game_hash_node = (G_Node *) locate_node(name, (void *) g_hashtab))
                     ^
      (                                                                )
main.c:272:22: note: use '==' to turn this assignment into an equality comparison
  if (game_hash_node = (G_Node *) locate_node(name, (void *) g_hashtab))
                     ^
                     ==
main.c:317:17: warning: using the result of an assignment as a condition without parentheses [-Wparentheses]
  if (team_node = (T_Node *) locate_node(name, (void *) t_hashtab))
      ~~~~~~~~~~^~~~~~~~~~~~~~~~~~~~~~~~~~~~~~~~~~~~~~~~~~~~~~~~~~
main.c:317:17: note: place parentheses around the assignment to silence this warning
  if (team_node = (T_Node *) locate_node(name, (void *) t_hashtab))
                ^
      (                                                           )
main.c:317:17: note: use '==' to turn this assignment into an equality comparison
  if (team_node = (T_Node *) locate_node(name, (void *) t_hashtab))
                ^
                ==
5 warnings generated.
EQUIPA.c:36:14: warning: using the result of an assignment as a condition without parentheses [-Wparentheses]
  if (toFind = FindTeam(l, buffer))
      ~~~~~~~^~~~~~~~~~~~~~~~~~~~~
EQUIPA.c:36:14: note: place parentheses around the assignment to silence this warning
  if (toFind = FindTeam(l, buffer))
             ^
      (                           )
EQUIPA.c:36:14: note: use '==' to turn this assignment into an equality comparison
  if (toFind = FindTeam(l, buffer))
             ^
             ==
1 warning generated.
JOGO.c:48:14: warning: using the result of an assignment as a condition without parentheses [-Wparentheses]
  if (toFind = FindGame(l, buffer))
      ~~~~~~~^~~~~~~~~~~~~~~~~~~~~
JOGO.c:48:14: note: place parentheses around the assignment to silence this warning
  if (toFind = FindGame(l, buffer))
             ^
      (                           )
JOGO.c:48:14: note: use '==' to turn this assignment into an equality comparison
  if (toFind = FindGame(l, buffer))
             ^
             ==
JOGO.c:79:16: warning: using the result of an assignment as a condition without parentheses [-Wparentheses]
  if (toDelete = FindGame(l, buffer))
      ~~~~~~~~~^~~~~~~~~~~~~~~~~~~~~
JOGO.c:79:16: note: place parentheses around the assignment to silence this warning
  if (toDelete = FindGame(l, buffer))
               ^
      (                             )
JOGO.c:79:16: note: use '==' to turn this assignment into an equality comparison
  if (toDelete = FindGame(l, buffer))
               ^
               ==
JOGO.c:181:16: warning: using the result of an assignment as a condition without parentheses [-Wparentheses]
  if (toChange = FindGame(l, buffer))
      ~~~~~~~~~^~~~~~~~~~~~~~~~~~~~~
JOGO.c:181:16: note: place parentheses around the assignment to silence this warning
  if (toChange = FindGame(l, buffer))
               ^
      (                             )
JOGO.c:181:16: note: use '==' to turn this assignment into an equality comparison
  if (toChange = FindGame(l, buffer))
               ^
               ==
3 warnings generated.
JOGO.c:215:9: warning: using the result of an assignment as a condition without parentheses [-Wparentheses]
  if (x = encontrarJogo(l, buffer))
      ~~^~~~~~~~~~~~~~~~~~~~~~~~~~
JOGO.c:215:9: note: place parentheses around the assignment to silence this warning
  if (x = encontrarJogo(l, buffer))
        ^
      (                           )
JOGO.c:215:9: note: use '==' to turn this assignment into an equality comparison
  if (x = encontrarJogo(l, buffer))
        ^
        ==
JOGO.c:236:18: warning: using the result of an assignment as a condition without parentheses [-Wparentheses]
  if (paraApagar = encontrarJogo(l, buffer))
      ~~~~~~~~~~~^~~~~~~~~~~~~~~~~~~~~~~~~~
JOGO.c:236:18: note: place parentheses around the assignment to silence this warning
  if (paraApagar = encontrarJogo(l, buffer))
                 ^
      (                                    )
JOGO.c:236:18: note: use '==' to turn this assignment into an equality comparison
  if (paraApagar = encontrarJogo(l, buffer))
                 ^
                 ==
JOGO.c:327:17: warning: using the result of an assignment as a condition without parentheses [-Wparentheses]
  if (paraMudar = encontrarJogo(l, buffer))
      ~~~~~~~~~~^~~~~~~~~~~~~~~~~~~~~~~~~~
JOGO.c:327:17: note: place parentheses around the assignment to silence this warning
  if (paraMudar = encontrarJogo(l, buffer))
                ^
      (                                   )
JOGO.c:327:17: note: use '==' to turn this assignment into an equality comparison
  if (paraMudar = encontrarJogo(l, buffer))
                ^
                ==
3 warnings generated.
equipas.c:241:22: warning: expression which evaluates to zero treated as a null pointer constant of type 'char *' [-Wnon-literal-null-conversion]
    *(equipas + x) = '\0';
                     ^~~~
1 warning generated.
list.c:31:15: warning: expression which evaluates to zero treated as a null pointer constant of type 'char *' [-Wnon-literal-null-conversion]
  new->name = '\0';
              ^~~~
list.c:32:16: warning: expression which evaluates to zero treated as a null pointer constant of type 'char *' [-Wnon-literal-null-conversion]
  new->team1 = '\0';
               ^~~~
list.c:33:16: warning: expression which evaluates to zero treated as a null pointer constant of type 'char *' [-Wnon-literal-null-conversion]
  new->team2 = '\0';
               ^~~~
list.c:177:15: warning: expression which evaluates to zero treated as a null pointer constant of type 'char *' [-Wnon-literal-null-conversion]
  new->name = '\0';
              ^~~~
4 warnings generated.
hash_table.c:12:18: warning: using the result of an assignment as a condition without parentheses [-Wparentheses]
  while (counter = *(key++))
         ~~~~~~~~^~~~~~~~~~
hash_table.c:12:18: note: place parentheses around the assignment to silence this warning
  while (counter = *(key++))
                 ^
         (                 )
hash_table.c:12:18: note: use '==' to turn this assignment into an equality comparison
  while (counter = *(key++))
                 ^
                 ==
1 warning generated.
team_ht.c:121:11: warning: using the result of an assignment as a condition without parentheses [-Wparentheses]
    if (t = teams->ht[i])
        ~~^~~~~~~~~~~~~~
team_ht.c:121:11: note: place parentheses around the assignment to silence this warning
    if (t = teams->ht[i])
          ^
        (               )
team_ht.c:121:11: note: use '==' to turn this assignment into an equality comparison
    if (t = teams->ht[i])
          ^
          ==
1 warning generated.
Projeto2.c:543:13: warning: comparison of array 'who_won' not equal to a null pointer is always true [-Wtautological-pointer-compare]
        if (who_won != 0)
            ^~~~~~~    ~
1 warning generated.
p.c:128:19: warning: too many arguments in call to 'isEmpty'
  if (!isEmpty(top))
       ~~~~~~~    ^
1 warning generated.
tmp_proj2_6.c:24:0: warning: "INT_MAX" redefined
 #define INT_MAX 2147483647
 
In file included from /home/framos/.local/lib/python3.6/site-packages/CProcessor/Fake_libc/fake_libc_include/stdio.h:1:0,
                 from tmp_proj2_6.c:7:
/home/framos/.local/lib/python3.6/site-packages/CProcessor/Fake_libc/fake_libc_include/_fake_defines.h:33:0: note: this is the location of the previous definition
 #define INT_MAX 32767
 
main_v1.1.c:460:12: warning: using the result of an assignment as a condition without parentheses [-Wparentheses]
  while (u = selectVertex(overflown))
         ~~^~~~~~~~~~~~~~~~~~~~~~~~~
main_v1.1.c:460:12: note: place parentheses around the assignment to silence this warning
  while (u = selectVertex(overflown))
           ^
         (                          )
main_v1.1.c:460:12: note: use '==' to turn this assignment into an equality comparison
  while (u = selectVertex(overflown))
           ^
           ==
1 warning generated.
asafinal.c:242:20: warning: using the result of an assignment as a condition without parentheses [-Wparentheses]
  while (path_flow = bfs(rGraph, n, s, d, parent, 32767))
         ~~~~~~~~~~^~~~~~~~~~~~~~~~~~~~~~~~~~~~~~~~~~~~~
asafinal.c:242:20: note: place parentheses around the assignment to silence this warning
  while (path_flow = bfs(rGraph, n, s, d, parent, 32767))
                   ^
         (                                              )
asafinal.c:242:20: note: use '==' to turn this assignment into an equality comparison
  while (path_flow = bfs(rGraph, n, s, d, parent, 32767))
                   ^
                   ==
1 warning generated.
proj_2.c:325:17: warning: using the result of an assignment as a condition without parentheses [-Wparentheses]
    while (flow = sendFlow(s, t, increment, graph))
           ~~~~~^~~~~~~~~~~~~~~~~~~~~~~~~~~~~~~~~~
proj_2.c:325:17: note: place parentheses around the assignment to silence this warning
    while (flow = sendFlow(s, t, increment, graph))
                ^
           (                                      )
proj_2.c:325:17: note: use '==' to turn this assignment into an equality comparison
    while (flow = sendFlow(s, t, increment, graph))
                ^
                ==
1 warning generated.
asa_2p_2019.c:243:7: warning: incompatible pointer types assigning to 'aresta' (aka 'struct Aresta *') from 'struct adjLink *' [-Wincompatible-pointer-types]
    a = u->current;
      ^ ~~~~~~~~~~
asa_2p_2019.c:257:20: warning: incompatible pointer types assigning to 'struct adjLink *' from 'struct Aresta *' [-Wincompatible-pointer-types]
        u->current = a->next;
                   ^ ~~~~~~~
2 warnings generated.
proj2.c:154:1: warning: control reaches end of non-void function [-Wreturn-type]
}
^
1 warning generated.
proj.c:554:17: warning: using the result of an assignment as a condition without parentheses [-Wparentheses]
    while (flow = send_flow(g, 0, 0x7fffffff, mf))
           ~~~~~^~~~~~~~~~~~~~~~~~~~~~~~~~~~~~~~~
proj.c:554:17: note: place parentheses around the assignment to silence this warning
    while (flow = send_flow(g, 0, 0x7fffffff, mf))
                ^
           (                                     )
proj.c:554:17: note: use '==' to turn this assignment into an equality comparison
    while (flow = send_flow(g, 0, 0x7fffffff, mf))
                ^
                ==
1 warning generated.
main.c:221:14: warning: using the result of an assignment as a condition without parentheses [-Wparentheses]
    while (r = getNextRelacaoProcessar(al))
           ~~^~~~~~~~~~~~~~~~~~~~~~~~~~~~~
main.c:221:14: note: place parentheses around the assignment to silence this warning
    while (r = getNextRelacaoProcessar(al))
             ^
           (                              )
main.c:221:14: note: use '==' to turn this assignment into an equality comparison
    while (r = getNextRelacaoProcessar(al))
             ^
             ==
1 warning generated.
main.c:44:19: warning: format string is not a string literal (potentially insecure) [-Wformat-security]
  fprintf(stderr, msg);
                  ^~~
main.c:44:19: note: treat the string as an argument to avoid this
  fprintf(stderr, msg);
                  ^
                  "%s", 
1 warning generated.
tp008_proj1.c:273:21: warning: too many arguments in call to 'delete_stack'
  delete_stack(stack);
  ~~~~~~~~~~~~      ^
1 warning generated.
scc.c:260:21: warning: too many arguments in call to 'is_empty'
  if (is_empty(stack))
      ~~~~~~~~      ^
1 warning generated.
tmp_proj.c:24:0: warning: "INT_MAX" redefined
 #define INT_MAX 1
 
In file included from /home/framos/.local/lib/python3.6/site-packages/CProcessor/Fake_libc/fake_libc_include/stdio.h:1:0,
                 from tmp_proj.c:7:
/home/framos/.local/lib/python3.6/site-packages/CProcessor/Fake_libc/fake_libc_include/_fake_defines.h:33:0: note: this is the location of the previous definition
 #define INT_MAX 32767
 
projeto2EK.c:605:19: warning: using the result of an assignment as a condition without parentheses [-Wparentheses]
  while (new_flow = bfs(source, sink, fila, numDePessoas))
         ~~~~~~~~~^~~~~~~~~~~~~~~~~~~~~~~~~~~~~~~~~~~~~~~
projeto2EK.c:605:19: note: place parentheses around the assignment to silence this warning
  while (new_flow = bfs(source, sink, fila, numDePessoas))
                  ^
         (                                               )
projeto2EK.c:605:19: note: use '==' to turn this assignment into an equality comparison
  while (new_flow = bfs(source, sink, fila, numDePessoas))
                  ^
                  ==
1 warning generated.
proj.c:500:17: warning: using the result of an assignment as a condition without parentheses [-Wparentheses]
    while (flow = send_flow(g->mat[0][0], (g->M * g->N) * 2))
           ~~~~~^~~~~~~~~~~~~~~~~~~~~~~~~~~~~~~~~~~~~~~~~~~~
proj.c:500:17: note: place parentheses around the assignment to silence this warning
    while (flow = send_flow(g->mat[0][0], (g->M * g->N) * 2))
                ^
           (                                                )
proj.c:500:17: note: use '==' to turn this assignment into an equality comparison
    while (flow = send_flow(g->mat[0][0], (g->M * g->N) * 2))
                ^
                ==
1 warning generated.
proj2_10.c:282:15: warning: using the result of an assignment as a condition without parentheses [-Wparentheses]
  while (path = increase_path(city, path))
         ~~~~~^~~~~~~~~~~~~~~~~~~~~~~~~~~
proj2_10.c:282:15: note: place parentheses around the assignment to silence this warning
  while (path = increase_path(city, path))
              ^
         (                               )
proj2_10.c:282:15: note: use '==' to turn this assignment into an equality comparison
  while (path = increase_path(city, path))
              ^
              ==
proj2_10.c:287:19: warning: using the result of an assignment as a condition without parentheses [-Wparentheses]
      if (pathinv = find_inverse(path[i], city))
          ~~~~~~~~^~~~~~~~~~~~~~~~~~~~~~~~~~~~~
proj2_10.c:287:19: note: place parentheses around the assignment to silence this warning
      if (pathinv = find_inverse(path[i], city))
                  ^
          (                                    )
proj2_10.c:287:19: note: use '==' to turn this assignment into an equality comparison
      if (pathinv = find_inverse(path[i], city))
                  ^
                  ==
2 warnings generated.
input.c:43:22: warning: too many arguments in call to 'qIsEmpty'
  if (!qIsEmpty(queue))
       ~~~~~~~~      ^
input.c:179:26: warning: too many arguments in call to 'qIsEmpty'
  while (!qIsEmpty(&queue))
          ~~~~~~~~       ^
2 warnings generated.
