Preprocessing Project al003
Preprocessing Project al029
Preprocessing Project al040
Preprocessing Project al044
Preprocessing Project al049
Preprocessing Project al050
Preprocessing Project al058
Preprocessing Project al086
Preprocessing Project al095
Preprocessing Project al098
Preprocessing Project al106
Preprocessing Project al110
Preprocessing Project al111
Preprocessing Project al117
Preprocessing Project al133
Preprocessing Project al134
Preprocessing Project al145
Preprocessing Project al146
Preprocessing Project al150
Preprocessing Project al152
Preprocessing Project tp001
Preprocessing Project tp018
Preprocessing Project tp023
Preprocessing Project tp061
Preprocessing Project tp067
Compiling Llvm bytecode for preprocessed Project al003
Compiling Llvm bytecode for preprocessed Project al029
Compiling Llvm bytecode for preprocessed Project al040
Compiling Llvm bytecode for preprocessed Project al044
Compiling Llvm bytecode for preprocessed Project al049
Compiling Llvm bytecode for preprocessed Project al050
Compiling Llvm bytecode for preprocessed Project al058
Compiling Llvm bytecode for preprocessed Project al086
Compiling Llvm bytecode for preprocessed Project al095
Compiling Llvm bytecode for preprocessed Project al098
Compiling Llvm bytecode for preprocessed Project al106
Compiling Llvm bytecode for preprocessed Project al110
Compiling Llvm bytecode for preprocessed Project al111
Compiling Llvm bytecode for preprocessed Project al117
Compiling Llvm bytecode for preprocessed Project al133
Compiling Llvm bytecode for preprocessed Project al134
Compiling Llvm bytecode for preprocessed Project al145
Compiling Llvm bytecode for preprocessed Project al146
Compiling Llvm bytecode for preprocessed Project al150
Compiling Llvm bytecode for preprocessed Project al152
Compiling Llvm bytecode for preprocessed Project tp001
Compiling Llvm bytecode for preprocessed Project tp018
Compiling Llvm bytecode for preprocessed Project tp023
Compiling Llvm bytecode for preprocessed Project tp061
Compiling Llvm bytecode for preprocessed Project tp067
klee -output-dir=Results/Klee/Projects/asa_2021_p1/Fri_Aug_26_09:40:35_2022/Project_al029 --posix-runtime --libc=uclibc --only-output-states-covering-new -max-time=900 --watchdog Projects/asa_2021_p1/al029/preprocessed/al029.bc -sym-stdin 10
klee -output-dir=Results/Klee/Projects/asa_2021_p1/Fri_Aug_26_09:40:35_2022/Project_al040 --posix-runtime --libc=uclibc --only-output-states-covering-new -max-time=900 --watchdog Projects/asa_2021_p1/al040/preprocessed/al040.bc -sym-stdin 10
klee -output-dir=Results/Klee/Projects/asa_2021_p1/Fri_Aug_26_09:40:35_2022/Project_al044 --posix-runtime --libc=uclibc --only-output-states-covering-new -max-time=900 --watchdog Projects/asa_2021_p1/al044/preprocessed/al044.bc -sym-stdin 10
klee -output-dir=Results/Klee/Projects/asa_2021_p1/Fri_Aug_26_09:40:35_2022/Project_al003 --posix-runtime --libc=uclibc --only-output-states-covering-new -max-time=900 --watchdog Projects/asa_2021_p1/al003/preprocessed/al003.bc -sym-stdin 10
klee -output-dir=Results/Klee/Projects/asa_2021_p1/Fri_Aug_26_09:40:35_2022/Project_al058 --posix-runtime --libc=uclibc --only-output-states-covering-new -max-time=900 --watchdog Projects/asa_2021_p1/al058/preprocessed/al058.bc -sym-stdin 10
klee -output-dir=Results/Klee/Projects/asa_2021_p1/Fri_Aug_26_09:40:35_2022/Project_al049 --posix-runtime --libc=uclibc --only-output-states-covering-new -max-time=900 --watchdog Projects/asa_2021_p1/al049/preprocessed/al049.bc -sym-stdin 10
klee -output-dir=Results/Klee/Projects/asa_2021_p1/Fri_Aug_26_09:40:35_2022/Project_al086 --posix-runtime --libc=uclibc --only-output-states-covering-new -max-time=900 --watchdog Projects/asa_2021_p1/al086/preprocessed/al086.bc -sym-stdin 10
klee -output-dir=Results/Klee/Projects/asa_2021_p1/Fri_Aug_26_09:40:35_2022/Project_al110 --posix-runtime --libc=uclibc --only-output-states-covering-new -max-time=900 --watchdog Projects/asa_2021_p1/al110/preprocessed/al110.bc -sym-stdin 10

[!] 15min Timeout Detected: ['klee', '-output-dir=Results/Klee/Projects/asa_2021_p1/Fri_Aug_26_09:40:35_2022/Project_al029', '--posix-runtime', '--libc=uclibc', '--only-output-states-covering-new', '-max-time=900', '--watchdog', 'Projects/asa_2021_p1/al029/preprocessed/al029.bc', '-sym-stdin 10']
klee -output-dir=Results/Klee/Projects/asa_2021_p1/Fri_Aug_26_09:40:35_2022/Project_al050 --posix-runtime --libc=uclibc --only-output-states-covering-new -max-time=900 --watchdog Projects/asa_2021_p1/al050/preprocessed/al050.bc -sym-stdin 10

[!] 15min Timeout Detected: ['klee', '-output-dir=Results/Klee/Projects/asa_2021_p1/Fri_Aug_26_09:40:35_2022/Project_al058', '--posix-runtime', '--libc=uclibc', '--only-output-states-covering-new', '-max-time=900', '--watchdog', 'Projects/asa_2021_p1/al058/preprocessed/al058.bc', '-sym-stdin 10']
klee -output-dir=Results/Klee/Projects/asa_2021_p1/Fri_Aug_26_09:40:35_2022/Project_al106 --posix-runtime --libc=uclibc --only-output-states-covering-new -max-time=900 --watchdog Projects/asa_2021_p1/al106/preprocessed/al106.bc -sym-stdin 10
klee -output-dir=Results/Klee/Projects/asa_2021_p1/Fri_Aug_26_09:40:35_2022/Project_al133 --posix-runtime --libc=uclibc --only-output-states-covering-new -max-time=900 --watchdog Projects/asa_2021_p1/al133/preprocessed/al133.bc -sym-stdin 10

[!] 15min Timeout Detected: ['klee', '-output-dir=Results/Klee/Projects/asa_2021_p1/Fri_Aug_26_09:40:35_2022/Project_al049', '--posix-runtime', '--libc=uclibc', '--only-output-states-covering-new', '-max-time=900', '--watchdog', 'Projects/asa_2021_p1/al049/preprocessed/al049.bc', '-sym-stdin 10']
klee -output-dir=Results/Klee/Projects/asa_2021_p1/Fri_Aug_26_09:40:35_2022/Project_al095 --posix-runtime --libc=uclibc --only-output-states-covering-new -max-time=900 --watchdog Projects/asa_2021_p1/al095/preprocessed/al095.bc -sym-stdin 10

[!] 15min Timeout Detected: ['klee', '-output-dir=Results/Klee/Projects/asa_2021_p1/Fri_Aug_26_09:40:35_2022/Project_al110', '--posix-runtime', '--libc=uclibc', '--only-output-states-covering-new', '-max-time=900', '--watchdog', 'Projects/asa_2021_p1/al110/preprocessed/al110.bc', '-sym-stdin 10']
klee -output-dir=Results/Klee/Projects/asa_2021_p1/Fri_Aug_26_09:40:35_2022/Project_al134 --posix-runtime --libc=uclibc --only-output-states-covering-new -max-time=900 --watchdog Projects/asa_2021_p1/al134/preprocessed/al134.bc -sym-stdin 10

[!] 15min Timeout Detected: ['klee', '-output-dir=Results/Klee/Projects/asa_2021_p1/Fri_Aug_26_09:40:35_2022/Project_al050', '--posix-runtime', '--libc=uclibc', '--only-output-states-covering-new', '-max-time=900', '--watchdog', 'Projects/asa_2021_p1/al050/preprocessed/al050.bc', '-sym-stdin 10']
klee -output-dir=Results/Klee/Projects/asa_2021_p1/Fri_Aug_26_09:40:35_2022/Project_al098 --posix-runtime --libc=uclibc --only-output-states-covering-new -max-time=900 --watchdog Projects/asa_2021_p1/al098/preprocessed/al098.bc -sym-stdin 10

[!] 15min Timeout Detected: ['klee', '-output-dir=Results/Klee/Projects/asa_2021_p1/Fri_Aug_26_09:40:35_2022/Project_al133', '--posix-runtime', '--libc=uclibc', '--only-output-states-covering-new', '-max-time=900', '--watchdog', 'Projects/asa_2021_p1/al133/preprocessed/al133.bc', '-sym-stdin 10']
klee -output-dir=Results/Klee/Projects/asa_2021_p1/Fri_Aug_26_09:40:35_2022/Project_al150 --posix-runtime --libc=uclibc --only-output-states-covering-new -max-time=900 --watchdog Projects/asa_2021_p1/al150/preprocessed/al150.bc -sym-stdin 10
klee -output-dir=Results/Klee/Projects/asa_2021_p1/Fri_Aug_26_09:40:35_2022/Project_tp023 --posix-runtime --libc=uclibc --only-output-states-covering-new -max-time=900 --watchdog Projects/asa_2021_p1/tp023/preprocessed/tp023.bc -sym-stdin 10

[!] 15min Timeout Detected: ['klee', '-output-dir=Results/Klee/Projects/asa_2021_p1/Fri_Aug_26_09:40:35_2022/Project_al095', '--posix-runtime', '--libc=uclibc', '--only-output-states-covering-new', '-max-time=900', '--watchdog', 'Projects/asa_2021_p1/al095/preprocessed/al095.bc', '-sym-stdin 10']
klee -output-dir=Results/Klee/Projects/asa_2021_p1/Fri_Aug_26_09:40:35_2022/Project_al111 --posix-runtime --libc=uclibc --only-output-states-covering-new -max-time=900 --watchdog Projects/asa_2021_p1/al111/preprocessed/al111.bc -sym-stdin 10

[!] 15min Timeout Detected: ['klee', '-output-dir=Results/Klee/Projects/asa_2021_p1/Fri_Aug_26_09:40:35_2022/Project_al134', '--posix-runtime', '--libc=uclibc', '--only-output-states-covering-new', '-max-time=900', '--watchdog', 'Projects/asa_2021_p1/al134/preprocessed/al134.bc', '-sym-stdin 10']
klee -output-dir=Results/Klee/Projects/asa_2021_p1/Fri_Aug_26_09:40:35_2022/Project_al152 --posix-runtime --libc=uclibc --only-output-states-covering-new -max-time=900 --watchdog Projects/asa_2021_p1/al152/preprocessed/al152.bc -sym-stdin 10

[!] 15min Timeout Detected: ['klee', '-output-dir=Results/Klee/Projects/asa_2021_p1/Fri_Aug_26_09:40:35_2022/Project_al098', '--posix-runtime', '--libc=uclibc', '--only-output-states-covering-new', '-max-time=900', '--watchdog', 'Projects/asa_2021_p1/al098/preprocessed/al098.bc', '-sym-stdin 10']
klee -output-dir=Results/Klee/Projects/asa_2021_p1/Fri_Aug_26_09:40:35_2022/Project_al117 --posix-runtime --libc=uclibc --only-output-states-covering-new -max-time=900 --watchdog Projects/asa_2021_p1/al117/preprocessed/al117.bc -sym-stdin 10
klee -output-dir=Results/Klee/Projects/asa_2021_p1/Fri_Aug_26_09:40:35_2022/Project_al146 --posix-runtime --libc=uclibc --only-output-states-covering-new -max-time=900 --watchdog Projects/asa_2021_p1/al146/preprocessed/al146.bc -sym-stdin 10

[!] 15min Timeout Detected: ['klee', '-output-dir=Results/Klee/Projects/asa_2021_p1/Fri_Aug_26_09:40:35_2022/Project_tp023', '--posix-runtime', '--libc=uclibc', '--only-output-states-covering-new', '-max-time=900', '--watchdog', 'Projects/asa_2021_p1/tp023/preprocessed/tp023.bc', '-sym-stdin 10']
klee -output-dir=Results/Klee/Projects/asa_2021_p1/Fri_Aug_26_09:40:35_2022/Project_tp018 --posix-runtime --libc=uclibc --only-output-states-covering-new -max-time=900 --watchdog Projects/asa_2021_p1/tp018/preprocessed/tp018.bc -sym-stdin 10

[!] 15min Timeout Detected: ['klee', '-output-dir=Results/Klee/Projects/asa_2021_p1/Fri_Aug_26_09:40:35_2022/Project_al111', '--posix-runtime', '--libc=uclibc', '--only-output-states-covering-new', '-max-time=900', '--watchdog', 'Projects/asa_2021_p1/al111/preprocessed/al111.bc', '-sym-stdin 10']
klee -output-dir=Results/Klee/Projects/asa_2021_p1/Fri_Aug_26_09:40:35_2022/Project_al145 --posix-runtime --libc=uclibc --only-output-states-covering-new -max-time=900 --watchdog Projects/asa_2021_p1/al145/preprocessed/al145.bc -sym-stdin 10
klee -output-dir=Results/Klee/Projects/asa_2021_p1/Fri_Aug_26_09:40:35_2022/Project_tp001 --posix-runtime --libc=uclibc --only-output-states-covering-new -max-time=900 --watchdog Projects/asa_2021_p1/tp001/preprocessed/tp001.bc -sym-stdin 10
klee -output-dir=Results/Klee/Projects/asa_2021_p1/Fri_Aug_26_09:40:35_2022/Project_tp067 --posix-runtime --libc=uclibc --only-output-states-covering-new -max-time=900 --watchdog Projects/asa_2021_p1/tp067/preprocessed/tp067.bc -sym-stdin 10

[!] 15min Timeout Detected: ['klee', '-output-dir=Results/Klee/Projects/asa_2021_p1/Fri_Aug_26_09:40:35_2022/Project_al152', '--posix-runtime', '--libc=uclibc', '--only-output-states-covering-new', '-max-time=900', '--watchdog', 'Projects/asa_2021_p1/al152/preprocessed/al152.bc', '-sym-stdin 10']
klee -output-dir=Results/Klee/Projects/asa_2021_p1/Fri_Aug_26_09:40:35_2022/Project_tp061 --posix-runtime --libc=uclibc --only-output-states-covering-new -max-time=900 --watchdog Projects/asa_2021_p1/tp061/preprocessed/tp061.bc -sym-stdin 10

[!] 15min Timeout Detected: ['klee', '-output-dir=Results/Klee/Projects/asa_2021_p1/Fri_Aug_26_09:40:35_2022/Project_tp018', '--posix-runtime', '--libc=uclibc', '--only-output-states-covering-new', '-max-time=900', '--watchdog', 'Projects/asa_2021_p1/tp018/preprocessed/tp018.bc', '-sym-stdin 10']

[!] 15min Timeout Detected: ['klee', '-output-dir=Results/Klee/Projects/asa_2021_p1/Fri_Aug_26_09:40:35_2022/Project_tp067', '--posix-runtime', '--libc=uclibc', '--only-output-states-covering-new', '-max-time=900', '--watchdog', 'Projects/asa_2021_p1/tp067/preprocessed/tp067.bc', '-sym-stdin 10']
Elapsed: 4483.658 seconds (1.25 hours)
