Preprocessing Project al003
Preprocessing Project al004
Preprocessing Project al008
Preprocessing Project al018
Preprocessing Project al020
Preprocessing Project al030
Preprocessing Project al031
Preprocessing Project al036
Preprocessing Project al037
Preprocessing Project al043
Preprocessing Project al049
Preprocessing Project al054
Preprocessing Project al057
Preprocessing Project al059
Preprocessing Project al060
Preprocessing Project al062
Preprocessing Project al067
Preprocessing Project al069
Preprocessing Project al071
Preprocessing Project al074
Preprocessing Project al077
Preprocessing Project al082
Preprocessing Project al083
Preprocessing Project al088
Preprocessing Project al093
Preprocessing Project al098
Preprocessing Project al101
Preprocessing Project al102
Preprocessing Project al113
Preprocessing Project al114
Preprocessing Project al117
Preprocessing Project al119
Preprocessing Project al121
Preprocessing Project al124
Preprocessing Project al128
Preprocessing Project al135
Preprocessing Project al141
Preprocessing Project al142
Preprocessing Project al147
Preprocessing Project al153
Preprocessing Project tg002
Preprocessing Project tg003
Preprocessing Project tg004
Preprocessing Project tg005
Preprocessing Project tg006
Preprocessing Project tg007
Preprocessing Project tg008
Preprocessing Project tg009
Preprocessing Project tg011
Preprocessing Project tg014
Preprocessing Project tg015
Preprocessing Project tg017
Preprocessing Project tg021
Preprocessing Project tg022
Preprocessing Project tg025
Preprocessing Project tg031
Preprocessing Project tg033
Preprocessing Project tg034
Preprocessing Project tg043
Preprocessing Project tg044
Preprocessing Project tg047
Preprocessing Project tg051
Preprocessing Project tg056
Preprocessing Project tg061
Compiling Llvm bytecode for preprocessed Project al003
Compiling Llvm bytecode for preprocessed Project al004
Compiling Llvm bytecode for preprocessed Project al008
Compiling Llvm bytecode for preprocessed Project al018
Compiling Llvm bytecode for preprocessed Project al020
Compiling Llvm bytecode for preprocessed Project al030
Compiling Llvm bytecode for preprocessed Project al031
Compiling Llvm bytecode for preprocessed Project al036
Compiling Llvm bytecode for preprocessed Project al037
Compiling Llvm bytecode for preprocessed Project al043
Compiling Llvm bytecode for preprocessed Project al049
Compiling Llvm bytecode for preprocessed Project al054
Compiling Llvm bytecode for preprocessed Project al057
Compiling Llvm bytecode for preprocessed Project al059
Compiling Llvm bytecode for preprocessed Project al060
Compiling Llvm bytecode for preprocessed Project al062
Compiling Llvm bytecode for preprocessed Project al067
Compiling Llvm bytecode for preprocessed Project al069
Compiling Llvm bytecode for preprocessed Project al071
Compiling Llvm bytecode for preprocessed Project al074
Compiling Llvm bytecode for preprocessed Project al077
Compiling Llvm bytecode for preprocessed Project al082
Compiling Llvm bytecode for preprocessed Project al083
Compiling Llvm bytecode for preprocessed Project al088
Compiling Llvm bytecode for preprocessed Project al093
Compiling Llvm bytecode for preprocessed Project al098
Compiling Llvm bytecode for preprocessed Project al101
Compiling Llvm bytecode for preprocessed Project al102
Compiling Llvm bytecode for preprocessed Project al113
Compiling Llvm bytecode for preprocessed Project al114
Compiling Llvm bytecode for preprocessed Project al117
Compiling Llvm bytecode for preprocessed Project al119
Compiling Llvm bytecode for preprocessed Project al121
Compiling Llvm bytecode for preprocessed Project al124
Compiling Llvm bytecode for preprocessed Project al128
Compiling Llvm bytecode for preprocessed Project al135
Compiling Llvm bytecode for preprocessed Project al141
Compiling Llvm bytecode for preprocessed Project al142
Compiling Llvm bytecode for preprocessed Project al147
Compiling Llvm bytecode for preprocessed Project al153
Compiling Llvm bytecode for preprocessed Project tg002
Compiling Llvm bytecode for preprocessed Project tg003
Compiling Llvm bytecode for preprocessed Project tg004
Compiling Llvm bytecode for preprocessed Project tg005
Compiling Llvm bytecode for preprocessed Project tg006
Compiling Llvm bytecode for preprocessed Project tg007
Compiling Llvm bytecode for preprocessed Project tg008
Compiling Llvm bytecode for preprocessed Project tg009
Compiling Llvm bytecode for preprocessed Project tg011
Compiling Llvm bytecode for preprocessed Project tg014
Compiling Llvm bytecode for preprocessed Project tg015
Compiling Llvm bytecode for preprocessed Project tg017
Compiling Llvm bytecode for preprocessed Project tg021
Compiling Llvm bytecode for preprocessed Project tg022
Compiling Llvm bytecode for preprocessed Project tg025
Compiling Llvm bytecode for preprocessed Project tg031
Compiling Llvm bytecode for preprocessed Project tg033
Compiling Llvm bytecode for preprocessed Project tg034
Compiling Llvm bytecode for preprocessed Project tg043
Compiling Llvm bytecode for preprocessed Project tg044
Compiling Llvm bytecode for preprocessed Project tg047
Compiling Llvm bytecode for preprocessed Project tg051
Compiling Llvm bytecode for preprocessed Project tg056
Compiling Llvm bytecode for preprocessed Project tg061
klee -output-dir=Results/Klee/Projects/asa_1819_p2/Thu_Aug_25_21:29:22_2022/Project_al004 --posix-runtime --libc=uclibc --only-output-states-covering-new -max-time=900 --watchdog Projects/asa_1819_p2/al004/preprocessed/al004.bc -sym-stdin 10
klee -output-dir=Results/Klee/Projects/asa_1819_p2/Thu_Aug_25_21:29:22_2022/Project_al008 --posix-runtime --libc=uclibc --only-output-states-covering-new -max-time=900 --watchdog Projects/asa_1819_p2/al008/preprocessed/al008.bc -sym-stdin 10
klee -output-dir=Results/Klee/Projects/asa_1819_p2/Thu_Aug_25_21:29:22_2022/Project_al018 --posix-runtime --libc=uclibc --only-output-states-covering-new -max-time=900 --watchdog Projects/asa_1819_p2/al018/preprocessed/al018.bc -sym-stdin 10
klee -output-dir=Results/Klee/Projects/asa_1819_p2/Thu_Aug_25_21:29:22_2022/Project_al003 --posix-runtime --libc=uclibc --only-output-states-covering-new -max-time=900 --watchdog Projects/asa_1819_p2/al003/preprocessed/al003.bc -sym-stdin 10
klee -output-dir=Results/Klee/Projects/asa_1819_p2/Thu_Aug_25_21:29:22_2022/Project_al030 --posix-runtime --libc=uclibc --only-output-states-covering-new -max-time=900 --watchdog Projects/asa_1819_p2/al030/preprocessed/al030.bc -sym-stdin 10

[!] 15min Timeout Detected: ['klee', '-output-dir=Results/Klee/Projects/asa_1819_p2/Thu_Aug_25_21:29:22_2022/Project_al008', '--posix-runtime', '--libc=uclibc', '--only-output-states-covering-new', '-max-time=900', '--watchdog', 'Projects/asa_1819_p2/al008/preprocessed/al008.bc', '-sym-stdin 10']
klee -output-dir=Results/Klee/Projects/asa_1819_p2/Thu_Aug_25_21:29:22_2022/Project_al031 --posix-runtime --libc=uclibc --only-output-states-covering-new -max-time=900 --watchdog Projects/asa_1819_p2/al031/preprocessed/al031.bc -sym-stdin 10

[!] 15min Timeout Detected: ['klee', '-output-dir=Results/Klee/Projects/asa_1819_p2/Thu_Aug_25_21:29:22_2022/Project_al003', '--posix-runtime', '--libc=uclibc', '--only-output-states-covering-new', '-max-time=900', '--watchdog', 'Projects/asa_1819_p2/al003/preprocessed/al003.bc', '-sym-stdin 10']

[!] 15min Timeout Detected: ['klee', '-output-dir=Results/Klee/Projects/asa_1819_p2/Thu_Aug_25_21:29:22_2022/Project_al018', '--posix-runtime', '--libc=uclibc', '--only-output-states-covering-new', '-max-time=900', '--watchdog', 'Projects/asa_1819_p2/al018/preprocessed/al018.bc', '-sym-stdin 10']
klee -output-dir=Results/Klee/Projects/asa_1819_p2/Thu_Aug_25_21:29:22_2022/Project_al020 --posix-runtime --libc=uclibc --only-output-states-covering-new -max-time=900 --watchdog Projects/asa_1819_p2/al020/preprocessed/al020.bc -sym-stdin 10
klee -output-dir=Results/Klee/Projects/asa_1819_p2/Thu_Aug_25_21:29:22_2022/Project_al036 --posix-runtime --libc=uclibc --only-output-states-covering-new -max-time=900 --watchdog Projects/asa_1819_p2/al036/preprocessed/al036.bc -sym-stdin 10
klee -output-dir=Results/Klee/Projects/asa_1819_p2/Thu_Aug_25_21:29:22_2022/Project_al037 --posix-runtime --libc=uclibc --only-output-states-covering-new -max-time=900 --watchdog Projects/asa_1819_p2/al037/preprocessed/al037.bc -sym-stdin 10
klee -output-dir=Results/Klee/Projects/asa_1819_p2/Thu_Aug_25_21:29:22_2022/Project_al049 --posix-runtime --libc=uclibc --only-output-states-covering-new -max-time=900 --watchdog Projects/asa_1819_p2/al049/preprocessed/al049.bc -sym-stdin 10
klee -output-dir=Results/Klee/Projects/asa_1819_p2/Thu_Aug_25_21:29:22_2022/Project_al057 --posix-runtime --libc=uclibc --only-output-states-covering-new -max-time=900 --watchdog Projects/asa_1819_p2/al057/preprocessed/al057.bc -sym-stdin 10
klee -output-dir=Results/Klee/Projects/asa_1819_p2/Thu_Aug_25_21:29:22_2022/Project_al067 --posix-runtime --libc=uclibc --only-output-states-covering-new -max-time=900 --watchdog Projects/asa_1819_p2/al067/preprocessed/al067.bc -sym-stdin 10
klee -output-dir=Results/Klee/Projects/asa_1819_p2/Thu_Aug_25_21:29:22_2022/Project_al054 --posix-runtime --libc=uclibc --only-output-states-covering-new -max-time=900 --watchdog Projects/asa_1819_p2/al054/preprocessed/al054.bc -sym-stdin 10
klee -output-dir=Results/Klee/Projects/asa_1819_p2/Thu_Aug_25_21:29:22_2022/Project_al062 --posix-runtime --libc=uclibc --only-output-states-covering-new -max-time=900 --watchdog Projects/asa_1819_p2/al062/preprocessed/al062.bc -sym-stdin 10
klee -output-dir=Results/Klee/Projects/asa_1819_p2/Thu_Aug_25_21:29:22_2022/Project_al074 --posix-runtime --libc=uclibc --only-output-states-covering-new -max-time=900 --watchdog Projects/asa_1819_p2/al074/preprocessed/al074.bc -sym-stdin 10
klee -output-dir=Results/Klee/Projects/asa_1819_p2/Thu_Aug_25_21:29:22_2022/Project_al088 --posix-runtime --libc=uclibc --only-output-states-covering-new -max-time=900 --watchdog Projects/asa_1819_p2/al088/preprocessed/al088.bc -sym-stdin 10

[!] 15min Timeout Detected: ['klee', '-output-dir=Results/Klee/Projects/asa_1819_p2/Thu_Aug_25_21:29:22_2022/Project_al030', '--posix-runtime', '--libc=uclibc', '--only-output-states-covering-new', '-max-time=900', '--watchdog', 'Projects/asa_1819_p2/al030/preprocessed/al030.bc', '-sym-stdin 10']
klee -output-dir=Results/Klee/Projects/asa_1819_p2/Thu_Aug_25_21:29:22_2022/Project_al043 --posix-runtime --libc=uclibc --only-output-states-covering-new -max-time=900 --watchdog Projects/asa_1819_p2/al043/preprocessed/al043.bc -sym-stdin 10
klee -output-dir=Results/Klee/Projects/asa_1819_p2/Thu_Aug_25_21:29:22_2022/Project_al060 --posix-runtime --libc=uclibc --only-output-states-covering-new -max-time=900 --watchdog Projects/asa_1819_p2/al060/preprocessed/al060.bc -sym-stdin 10
klee -output-dir=Results/Klee/Projects/asa_1819_p2/Thu_Aug_25_21:29:22_2022/Project_al059 --posix-runtime --libc=uclibc --only-output-states-covering-new -max-time=900 --watchdog Projects/asa_1819_p2/al059/preprocessed/al059.bc -sym-stdin 10
klee -output-dir=Results/Klee/Projects/asa_1819_p2/Thu_Aug_25_21:29:22_2022/Project_al077 --posix-runtime --libc=uclibc --only-output-states-covering-new -max-time=900 --watchdog Projects/asa_1819_p2/al077/preprocessed/al077.bc -sym-stdin 10

[!] 15min Timeout Detected: ['klee', '-output-dir=Results/Klee/Projects/asa_1819_p2/Thu_Aug_25_21:29:22_2022/Project_al088', '--posix-runtime', '--libc=uclibc', '--only-output-states-covering-new', '-max-time=900', '--watchdog', 'Projects/asa_1819_p2/al088/preprocessed/al088.bc', '-sym-stdin 10']
klee -output-dir=Results/Klee/Projects/asa_1819_p2/Thu_Aug_25_21:29:22_2022/Project_al102 --posix-runtime --libc=uclibc --only-output-states-covering-new -max-time=900 --watchdog Projects/asa_1819_p2/al102/preprocessed/al102.bc -sym-stdin 10
klee -output-dir=Results/Klee/Projects/asa_1819_p2/Thu_Aug_25_21:29:22_2022/Project_al093 --posix-runtime --libc=uclibc --only-output-states-covering-new -max-time=900 --watchdog Projects/asa_1819_p2/al093/preprocessed/al093.bc -sym-stdin 10
klee -output-dir=Results/Klee/Projects/asa_1819_p2/Thu_Aug_25_21:29:22_2022/Project_al071 --posix-runtime --libc=uclibc --only-output-states-covering-new -max-time=900 --watchdog Projects/asa_1819_p2/al071/preprocessed/al071.bc -sym-stdin 10

[!] 15min Timeout Detected: ['klee', '-output-dir=Results/Klee/Projects/asa_1819_p2/Thu_Aug_25_21:29:22_2022/Project_al059', '--posix-runtime', '--libc=uclibc', '--only-output-states-covering-new', '-max-time=900', '--watchdog', 'Projects/asa_1819_p2/al059/preprocessed/al059.bc', '-sym-stdin 10']
klee -output-dir=Results/Klee/Projects/asa_1819_p2/Thu_Aug_25_21:29:22_2022/Project_al069 --posix-runtime --libc=uclibc --only-output-states-covering-new -max-time=900 --watchdog Projects/asa_1819_p2/al069/preprocessed/al069.bc -sym-stdin 10
klee -output-dir=Results/Klee/Projects/asa_1819_p2/Thu_Aug_25_21:29:22_2022/Project_al119 --posix-runtime --libc=uclibc --only-output-states-covering-new -max-time=900 --watchdog Projects/asa_1819_p2/al119/preprocessed/al119.bc -sym-stdin 10
klee -output-dir=Results/Klee/Projects/asa_1819_p2/Thu_Aug_25_21:29:22_2022/Project_al135 --posix-runtime --libc=uclibc --only-output-states-covering-new -max-time=900 --watchdog Projects/asa_1819_p2/al135/preprocessed/al135.bc -sym-stdin 10
klee -output-dir=Results/Klee/Projects/asa_1819_p2/Thu_Aug_25_21:29:22_2022/Project_al113 --posix-runtime --libc=uclibc --only-output-states-covering-new -max-time=900 --watchdog Projects/asa_1819_p2/al113/preprocessed/al113.bc -sym-stdin 10

[!] 15min Timeout Detected: ['klee', '-output-dir=Results/Klee/Projects/asa_1819_p2/Thu_Aug_25_21:29:22_2022/Project_al071', '--posix-runtime', '--libc=uclibc', '--only-output-states-covering-new', '-max-time=900', '--watchdog', 'Projects/asa_1819_p2/al071/preprocessed/al071.bc', '-sym-stdin 10']
klee -output-dir=Results/Klee/Projects/asa_1819_p2/Thu_Aug_25_21:29:22_2022/Project_al083 --posix-runtime --libc=uclibc --only-output-states-covering-new -max-time=900 --watchdog Projects/asa_1819_p2/al083/preprocessed/al083.bc -sym-stdin 10

[!] 15min Timeout Detected: ['klee', '-output-dir=Results/Klee/Projects/asa_1819_p2/Thu_Aug_25_21:29:22_2022/Project_al069', '--posix-runtime', '--libc=uclibc', '--only-output-states-covering-new', '-max-time=900', '--watchdog', 'Projects/asa_1819_p2/al069/preprocessed/al069.bc', '-sym-stdin 10']
klee -output-dir=Results/Klee/Projects/asa_1819_p2/Thu_Aug_25_21:29:22_2022/Project_al082 --posix-runtime --libc=uclibc --only-output-states-covering-new -max-time=900 --watchdog Projects/asa_1819_p2/al082/preprocessed/al082.bc -sym-stdin 10

[!] 15min Timeout Detected: ['klee', '-output-dir=Results/Klee/Projects/asa_1819_p2/Thu_Aug_25_21:29:22_2022/Project_al135', '--posix-runtime', '--libc=uclibc', '--only-output-states-covering-new', '-max-time=900', '--watchdog', 'Projects/asa_1819_p2/al135/preprocessed/al135.bc', '-sym-stdin 10']
klee -output-dir=Results/Klee/Projects/asa_1819_p2/Thu_Aug_25_21:29:22_2022/Project_al153 --posix-runtime --libc=uclibc --only-output-states-covering-new -max-time=900 --watchdog Projects/asa_1819_p2/al153/preprocessed/al153.bc -sym-stdin 10
klee -output-dir=Results/Klee/Projects/asa_1819_p2/Thu_Aug_25_21:29:22_2022/Project_al121 --posix-runtime --libc=uclibc --only-output-states-covering-new -max-time=900 --watchdog Projects/asa_1819_p2/al121/preprocessed/al121.bc -sym-stdin 10
klee -output-dir=Results/Klee/Projects/asa_1819_p2/Thu_Aug_25_21:29:22_2022/Project_al101 --posix-runtime --libc=uclibc --only-output-states-covering-new -max-time=900 --watchdog Projects/asa_1819_p2/al101/preprocessed/al101.bc -sym-stdin 10

[!] 15min Timeout Detected: ['klee', '-output-dir=Results/Klee/Projects/asa_1819_p2/Thu_Aug_25_21:29:22_2022/Project_al082', '--posix-runtime', '--libc=uclibc', '--only-output-states-covering-new', '-max-time=900', '--watchdog', 'Projects/asa_1819_p2/al082/preprocessed/al082.bc', '-sym-stdin 10']
klee -output-dir=Results/Klee/Projects/asa_1819_p2/Thu_Aug_25_21:29:22_2022/Project_al098 --posix-runtime --libc=uclibc --only-output-states-covering-new -max-time=900 --watchdog Projects/asa_1819_p2/al098/preprocessed/al098.bc -sym-stdin 10
klee -output-dir=Results/Klee/Projects/asa_1819_p2/Thu_Aug_25_21:29:22_2022/Project_al117 --posix-runtime --libc=uclibc --only-output-states-covering-new -max-time=900 --watchdog Projects/asa_1819_p2/al117/preprocessed/al117.bc -sym-stdin 10
klee -output-dir=Results/Klee/Projects/asa_1819_p2/Thu_Aug_25_21:29:22_2022/Project_al128 --posix-runtime --libc=uclibc --only-output-states-covering-new -max-time=900 --watchdog Projects/asa_1819_p2/al128/preprocessed/al128.bc -sym-stdin 10
klee -output-dir=Results/Klee/Projects/asa_1819_p2/Thu_Aug_25_21:29:22_2022/Project_al147 --posix-runtime --libc=uclibc --only-output-states-covering-new -max-time=900 --watchdog Projects/asa_1819_p2/al147/preprocessed/al147.bc -sym-stdin 10

[!] 15min Timeout Detected: ['klee', '-output-dir=Results/Klee/Projects/asa_1819_p2/Thu_Aug_25_21:29:22_2022/Project_al153', '--posix-runtime', '--libc=uclibc', '--only-output-states-covering-new', '-max-time=900', '--watchdog', 'Projects/asa_1819_p2/al153/preprocessed/al153.bc', '-sym-stdin 10']
klee -output-dir=Results/Klee/Projects/asa_1819_p2/Thu_Aug_25_21:29:22_2022/Project_tg005 --posix-runtime --libc=uclibc --only-output-states-covering-new -max-time=900 --watchdog Projects/asa_1819_p2/tg005/preprocessed/tg005.bc -sym-stdin 10

[!] 15min Timeout Detected: ['klee', '-output-dir=Results/Klee/Projects/asa_1819_p2/Thu_Aug_25_21:29:22_2022/Project_al121', '--posix-runtime', '--libc=uclibc', '--only-output-states-covering-new', '-max-time=900', '--watchdog', 'Projects/asa_1819_p2/al121/preprocessed/al121.bc', '-sym-stdin 10']
klee -output-dir=Results/Klee/Projects/asa_1819_p2/Thu_Aug_25_21:29:22_2022/Project_al141 --posix-runtime --libc=uclibc --only-output-states-covering-new -max-time=900 --watchdog Projects/asa_1819_p2/al141/preprocessed/al141.bc -sym-stdin 10

[!] 15min Timeout Detected: ['klee', '-output-dir=Results/Klee/Projects/asa_1819_p2/Thu_Aug_25_21:29:22_2022/Project_al098', '--posix-runtime', '--libc=uclibc', '--only-output-states-covering-new', '-max-time=900', '--watchdog', 'Projects/asa_1819_p2/al098/preprocessed/al098.bc', '-sym-stdin 10']
klee -output-dir=Results/Klee/Projects/asa_1819_p2/Thu_Aug_25_21:29:22_2022/Project_al114 --posix-runtime --libc=uclibc --only-output-states-covering-new -max-time=900 --watchdog Projects/asa_1819_p2/al114/preprocessed/al114.bc -sym-stdin 10
klee -output-dir=Results/Klee/Projects/asa_1819_p2/Thu_Aug_25_21:29:22_2022/Project_tg004 --posix-runtime --libc=uclibc --only-output-states-covering-new -max-time=900 --watchdog Projects/asa_1819_p2/tg004/preprocessed/tg004.bc -sym-stdin 10
klee -output-dir=Results/Klee/Projects/asa_1819_p2/Thu_Aug_25_21:29:22_2022/Project_tg008 --posix-runtime --libc=uclibc --only-output-states-covering-new -max-time=900 --watchdog Projects/asa_1819_p2/tg008/preprocessed/tg008.bc -sym-stdin 10
klee -output-dir=Results/Klee/Projects/asa_1819_p2/Thu_Aug_25_21:29:22_2022/Project_tg015 --posix-runtime --libc=uclibc --only-output-states-covering-new -max-time=900 --watchdog Projects/asa_1819_p2/tg015/preprocessed/tg015.bc -sym-stdin 10
klee -output-dir=Results/Klee/Projects/asa_1819_p2/Thu_Aug_25_21:29:22_2022/Project_tg025 --posix-runtime --libc=uclibc --only-output-states-covering-new -max-time=900 --watchdog Projects/asa_1819_p2/tg025/preprocessed/tg025.bc -sym-stdin 10

[!] 15min Timeout Detected: ['klee', '-output-dir=Results/Klee/Projects/asa_1819_p2/Thu_Aug_25_21:29:22_2022/Project_tg005', '--posix-runtime', '--libc=uclibc', '--only-output-states-covering-new', '-max-time=900', '--watchdog', 'Projects/asa_1819_p2/tg005/preprocessed/tg005.bc', '-sym-stdin 10']
klee -output-dir=Results/Klee/Projects/asa_1819_p2/Thu_Aug_25_21:29:22_2022/Project_tg009 --posix-runtime --libc=uclibc --only-output-states-covering-new -max-time=900 --watchdog Projects/asa_1819_p2/tg009/preprocessed/tg009.bc -sym-stdin 10
klee -output-dir=Results/Klee/Projects/asa_1819_p2/Thu_Aug_25_21:29:22_2022/Project_tg002 --posix-runtime --libc=uclibc --only-output-states-covering-new -max-time=900 --watchdog Projects/asa_1819_p2/tg002/preprocessed/tg002.bc -sym-stdin 10
klee -output-dir=Results/Klee/Projects/asa_1819_p2/Thu_Aug_25_21:29:22_2022/Project_tg006 --posix-runtime --libc=uclibc --only-output-states-covering-new -max-time=900 --watchdog Projects/asa_1819_p2/tg006/preprocessed/tg006.bc -sym-stdin 10
klee -output-dir=Results/Klee/Projects/asa_1819_p2/Thu_Aug_25_21:29:22_2022/Project_tg011 --posix-runtime --libc=uclibc --only-output-states-covering-new -max-time=900 --watchdog Projects/asa_1819_p2/tg011/preprocessed/tg011.bc -sym-stdin 10
klee -output-dir=Results/Klee/Projects/asa_1819_p2/Thu_Aug_25_21:29:22_2022/Project_tg021 --posix-runtime --libc=uclibc --only-output-states-covering-new -max-time=900 --watchdog Projects/asa_1819_p2/tg021/preprocessed/tg021.bc -sym-stdin 10

[!] 15min Timeout Detected: ['klee', '-output-dir=Results/Klee/Projects/asa_1819_p2/Thu_Aug_25_21:29:22_2022/Project_al114', '--posix-runtime', '--libc=uclibc', '--only-output-states-covering-new', '-max-time=900', '--watchdog', 'Projects/asa_1819_p2/al114/preprocessed/al114.bc', '-sym-stdin 10']
klee -output-dir=Results/Klee/Projects/asa_1819_p2/Thu_Aug_25_21:29:22_2022/Project_al124 --posix-runtime --libc=uclibc --only-output-states-covering-new -max-time=900 --watchdog Projects/asa_1819_p2/al124/preprocessed/al124.bc -sym-stdin 10

[!] 15min Timeout Detected: ['klee', '-output-dir=Results/Klee/Projects/asa_1819_p2/Thu_Aug_25_21:29:22_2022/Project_tg025', '--posix-runtime', '--libc=uclibc', '--only-output-states-covering-new', '-max-time=900', '--watchdog', 'Projects/asa_1819_p2/tg025/preprocessed/tg025.bc', '-sym-stdin 10']
klee -output-dir=Results/Klee/Projects/asa_1819_p2/Thu_Aug_25_21:29:22_2022/Project_tg043 --posix-runtime --libc=uclibc --only-output-states-covering-new -max-time=900 --watchdog Projects/asa_1819_p2/tg043/preprocessed/tg043.bc -sym-stdin 10
klee -output-dir=Results/Klee/Projects/asa_1819_p2/Thu_Aug_25_21:29:22_2022/Project_tg056 --posix-runtime --libc=uclibc --only-output-states-covering-new -max-time=900 --watchdog Projects/asa_1819_p2/tg056/preprocessed/tg056.bc -sym-stdin 10

[!] 15min Timeout Detected: ['klee', '-output-dir=Results/Klee/Projects/asa_1819_p2/Thu_Aug_25_21:29:22_2022/Project_tg009', '--posix-runtime', '--libc=uclibc', '--only-output-states-covering-new', '-max-time=900', '--watchdog', 'Projects/asa_1819_p2/tg009/preprocessed/tg009.bc', '-sym-stdin 10']
klee -output-dir=Results/Klee/Projects/asa_1819_p2/Thu_Aug_25_21:29:22_2022/Project_tg017 --posix-runtime --libc=uclibc --only-output-states-covering-new -max-time=900 --watchdog Projects/asa_1819_p2/tg017/preprocessed/tg017.bc -sym-stdin 10
klee -output-dir=Results/Klee/Projects/asa_1819_p2/Thu_Aug_25_21:29:22_2022/Project_tg033 --posix-runtime --libc=uclibc --only-output-states-covering-new -max-time=900 --watchdog Projects/asa_1819_p2/tg033/preprocessed/tg033.bc -sym-stdin 10

[!] 15min Timeout Detected: ['klee', '-output-dir=Results/Klee/Projects/asa_1819_p2/Thu_Aug_25_21:29:22_2022/Project_al124', '--posix-runtime', '--libc=uclibc', '--only-output-states-covering-new', '-max-time=900', '--watchdog', 'Projects/asa_1819_p2/al124/preprocessed/al124.bc', '-sym-stdin 10']
klee -output-dir=Results/Klee/Projects/asa_1819_p2/Thu_Aug_25_21:29:22_2022/Project_al142 --posix-runtime --libc=uclibc --only-output-states-covering-new -max-time=900 --watchdog Projects/asa_1819_p2/al142/preprocessed/al142.bc -sym-stdin 10
klee -output-dir=Results/Klee/Projects/asa_1819_p2/Thu_Aug_25_21:29:22_2022/Project_tg003 --posix-runtime --libc=uclibc --only-output-states-covering-new -max-time=900 --watchdog Projects/asa_1819_p2/tg003/preprocessed/tg003.bc -sym-stdin 10

[!] 15min Timeout Detected: ['klee', '-output-dir=Results/Klee/Projects/asa_1819_p2/Thu_Aug_25_21:29:22_2022/Project_tg056', '--posix-runtime', '--libc=uclibc', '--only-output-states-covering-new', '-max-time=900', '--watchdog', 'Projects/asa_1819_p2/tg056/preprocessed/tg056.bc', '-sym-stdin 10']

[!] 15min Timeout Detected: ['klee', '-output-dir=Results/Klee/Projects/asa_1819_p2/Thu_Aug_25_21:29:22_2022/Project_tg017', '--posix-runtime', '--libc=uclibc', '--only-output-states-covering-new', '-max-time=900', '--watchdog', 'Projects/asa_1819_p2/tg017/preprocessed/tg017.bc', '-sym-stdin 10']
klee -output-dir=Results/Klee/Projects/asa_1819_p2/Thu_Aug_25_21:29:22_2022/Project_tg031 --posix-runtime --libc=uclibc --only-output-states-covering-new -max-time=900 --watchdog Projects/asa_1819_p2/tg031/preprocessed/tg031.bc -sym-stdin 10

[!] 15min Timeout Detected: ['klee', '-output-dir=Results/Klee/Projects/asa_1819_p2/Thu_Aug_25_21:29:22_2022/Project_tg033', '--posix-runtime', '--libc=uclibc', '--only-output-states-covering-new', '-max-time=900', '--watchdog', 'Projects/asa_1819_p2/tg033/preprocessed/tg033.bc', '-sym-stdin 10']
klee -output-dir=Results/Klee/Projects/asa_1819_p2/Thu_Aug_25_21:29:22_2022/Project_tg047 --posix-runtime --libc=uclibc --only-output-states-covering-new -max-time=900 --watchdog Projects/asa_1819_p2/tg047/preprocessed/tg047.bc -sym-stdin 10
klee -output-dir=Results/Klee/Projects/asa_1819_p2/Thu_Aug_25_21:29:22_2022/Project_tg007 --posix-runtime --libc=uclibc --only-output-states-covering-new -max-time=900 --watchdog Projects/asa_1819_p2/tg007/preprocessed/tg007.bc -sym-stdin 10
klee -output-dir=Results/Klee/Projects/asa_1819_p2/Thu_Aug_25_21:29:22_2022/Project_tg044 --posix-runtime --libc=uclibc --only-output-states-covering-new -max-time=900 --watchdog Projects/asa_1819_p2/tg044/preprocessed/tg044.bc -sym-stdin 10
klee -output-dir=Results/Klee/Projects/asa_1819_p2/Thu_Aug_25_21:29:22_2022/Project_tg061 --posix-runtime --libc=uclibc --only-output-states-covering-new -max-time=900 --watchdog Projects/asa_1819_p2/tg061/preprocessed/tg061.bc -sym-stdin 10

[!] 15min Timeout Detected: ['klee', '-output-dir=Results/Klee/Projects/asa_1819_p2/Thu_Aug_25_21:29:22_2022/Project_tg047', '--posix-runtime', '--libc=uclibc', '--only-output-states-covering-new', '-max-time=900', '--watchdog', 'Projects/asa_1819_p2/tg047/preprocessed/tg047.bc', '-sym-stdin 10']

[!] 15min Timeout Detected: ['klee', '-output-dir=Results/Klee/Projects/asa_1819_p2/Thu_Aug_25_21:29:22_2022/Project_tg007', '--posix-runtime', '--libc=uclibc', '--only-output-states-covering-new', '-max-time=900', '--watchdog', 'Projects/asa_1819_p2/tg007/preprocessed/tg007.bc', '-sym-stdin 10']
klee -output-dir=Results/Klee/Projects/asa_1819_p2/Thu_Aug_25_21:29:22_2022/Project_tg014 --posix-runtime --libc=uclibc --only-output-states-covering-new -max-time=900 --watchdog Projects/asa_1819_p2/tg014/preprocessed/tg014.bc -sym-stdin 10
klee -output-dir=Results/Klee/Projects/asa_1819_p2/Thu_Aug_25_21:29:22_2022/Project_tg022 --posix-runtime --libc=uclibc --only-output-states-covering-new -max-time=900 --watchdog Projects/asa_1819_p2/tg022/preprocessed/tg022.bc -sym-stdin 10

[!] 15min Timeout Detected: ['klee', '-output-dir=Results/Klee/Projects/asa_1819_p2/Thu_Aug_25_21:29:22_2022/Project_tg022', '--posix-runtime', '--libc=uclibc', '--only-output-states-covering-new', '-max-time=900', '--watchdog', 'Projects/asa_1819_p2/tg022/preprocessed/tg022.bc', '-sym-stdin 10']
klee -output-dir=Results/Klee/Projects/asa_1819_p2/Thu_Aug_25_21:29:22_2022/Project_tg034 --posix-runtime --libc=uclibc --only-output-states-covering-new -max-time=900 --watchdog Projects/asa_1819_p2/tg034/preprocessed/tg034.bc -sym-stdin 10
klee -output-dir=Results/Klee/Projects/asa_1819_p2/Thu_Aug_25_21:29:22_2022/Project_tg051 --posix-runtime --libc=uclibc --only-output-states-covering-new -max-time=900 --watchdog Projects/asa_1819_p2/tg051/preprocessed/tg051.bc -sym-stdin 10
Elapsed: 12303.492 seconds (3.42 hours)
