Preprocessing Project al005
Preprocessing Project al008
Preprocessing Project al009
Preprocessing Project al011
Preprocessing Project al012
Preprocessing Project al015
Preprocessing Project al016
Preprocessing Project al017
Preprocessing Project al019
Preprocessing Project al021
Preprocessing Project al025
Preprocessing Project al029
Preprocessing Project al030
Preprocessing Project al033
Preprocessing Project al035
Preprocessing Project al037
Preprocessing Project al038
Preprocessing Project al054
Preprocessing Project al055
Preprocessing Project al058
Preprocessing Project al065
Preprocessing Project al066
Preprocessing Project al067
Preprocessing Project al070
Preprocessing Project al076
Preprocessing Project al085
Preprocessing Project al086
Preprocessing Project al090
Preprocessing Project al094
Preprocessing Project al099
Preprocessing Project al101
Preprocessing Project al102
Preprocessing Project al104
Preprocessing Project al105
Preprocessing Project al111
Preprocessing Project al114
Preprocessing Project al119
Preprocessing Project al121
Preprocessing Project al123
Preprocessing Project al124
Preprocessing Project al125
Preprocessing Project al131
Preprocessing Project al135
Preprocessing Project al142
Preprocessing Project al144
Preprocessing Project al150
Preprocessing Project al152
Preprocessing Project al154
Preprocessing Project al156
Preprocessing Project al157
Preprocessing Project al160
Preprocessing Project al166
Preprocessing Project al167
Preprocessing Project al168
Preprocessing Project al170
Preprocessing Project al171
Preprocessing Project tp001
Preprocessing Project tp004
Preprocessing Project tp008
Preprocessing Project tp009
Preprocessing Project tp012
Preprocessing Project tp013
Preprocessing Project tp015
Preprocessing Project tp023
Preprocessing Project tp027
Preprocessing Project tp031
Preprocessing Project tp032
Preprocessing Project tp034
Preprocessing Project tp041
Preprocessing Project tp050
Preprocessing Project tp051
Preprocessing Project tp052
Preprocessing Project tp054
Preprocessing Project tp056
Preprocessing Project tp057
Preprocessing Project tp062
Compiling Llvm bytecode for preprocessed Project al005
Compiling Llvm bytecode for preprocessed Project al008
Compiling Llvm bytecode for preprocessed Project al009
Compiling Llvm bytecode for preprocessed Project al011
Compiling Llvm bytecode for preprocessed Project al012
Compiling Llvm bytecode for preprocessed Project al015
Compiling Llvm bytecode for preprocessed Project al016
Compiling Llvm bytecode for preprocessed Project al017
Compiling Llvm bytecode for preprocessed Project al019
Compiling Llvm bytecode for preprocessed Project al021
Compiling Llvm bytecode for preprocessed Project al025
Compiling Llvm bytecode for preprocessed Project al029
Compiling Llvm bytecode for preprocessed Project al030
Compiling Llvm bytecode for preprocessed Project al033
Compiling Llvm bytecode for preprocessed Project al035
Compiling Llvm bytecode for preprocessed Project al037
Compiling Llvm bytecode for preprocessed Project al038
Compiling Llvm bytecode for preprocessed Project al054
Compiling Llvm bytecode for preprocessed Project al055
Compiling Llvm bytecode for preprocessed Project al058
Compiling Llvm bytecode for preprocessed Project al065
Compiling Llvm bytecode for preprocessed Project al066
Compiling Llvm bytecode for preprocessed Project al067
Compiling Llvm bytecode for preprocessed Project al070
Compiling Llvm bytecode for preprocessed Project al076
Compiling Llvm bytecode for preprocessed Project al085
Compiling Llvm bytecode for preprocessed Project al086
Compiling Llvm bytecode for preprocessed Project al090
Compiling Llvm bytecode for preprocessed Project al094
Compiling Llvm bytecode for preprocessed Project al099
Compiling Llvm bytecode for preprocessed Project al101
Compiling Llvm bytecode for preprocessed Project al102
Compiling Llvm bytecode for preprocessed Project al104
Compiling Llvm bytecode for preprocessed Project al105
Compiling Llvm bytecode for preprocessed Project al111
Compiling Llvm bytecode for preprocessed Project al114
Compiling Llvm bytecode for preprocessed Project al119
Compiling Llvm bytecode for preprocessed Project al121
Compiling Llvm bytecode for preprocessed Project al123
Compiling Llvm bytecode for preprocessed Project al124
Compiling Llvm bytecode for preprocessed Project al125
Compiling Llvm bytecode for preprocessed Project al131
Compiling Llvm bytecode for preprocessed Project al135
Compiling Llvm bytecode for preprocessed Project al142
Compiling Llvm bytecode for preprocessed Project al144
Compiling Llvm bytecode for preprocessed Project al150
Compiling Llvm bytecode for preprocessed Project al152
Compiling Llvm bytecode for preprocessed Project al154
Compiling Llvm bytecode for preprocessed Project al156
Compiling Llvm bytecode for preprocessed Project al157
Compiling Llvm bytecode for preprocessed Project al160
Compiling Llvm bytecode for preprocessed Project al166
Compiling Llvm bytecode for preprocessed Project al167
Compiling Llvm bytecode for preprocessed Project al168
Compiling Llvm bytecode for preprocessed Project al170
Compiling Llvm bytecode for preprocessed Project al171
Compiling Llvm bytecode for preprocessed Project tp001
Compiling Llvm bytecode for preprocessed Project tp004
Compiling Llvm bytecode for preprocessed Project tp008
Compiling Llvm bytecode for preprocessed Project tp009
Compiling Llvm bytecode for preprocessed Project tp012
Compiling Llvm bytecode for preprocessed Project tp013
Compiling Llvm bytecode for preprocessed Project tp015
Compiling Llvm bytecode for preprocessed Project tp023
Compiling Llvm bytecode for preprocessed Project tp027
Compiling Llvm bytecode for preprocessed Project tp031
Compiling Llvm bytecode for preprocessed Project tp032
Compiling Llvm bytecode for preprocessed Project tp034
Compiling Llvm bytecode for preprocessed Project tp041
Compiling Llvm bytecode for preprocessed Project tp050
Compiling Llvm bytecode for preprocessed Project tp051
Compiling Llvm bytecode for preprocessed Project tp052
Compiling Llvm bytecode for preprocessed Project tp054
Compiling Llvm bytecode for preprocessed Project tp056
Compiling Llvm bytecode for preprocessed Project tp057
Compiling Llvm bytecode for preprocessed Project tp062
klee -output-dir=Results/Klee/Projects/asa_1920_p2/Fri_Aug_26_05:47:06_2022/Project_al008 --posix-runtime --libc=uclibc --only-output-states-covering-new -max-time=900 --watchdog Projects/asa_1920_p2/al008/preprocessed/al008.bc -sym-stdin 10
klee -output-dir=Results/Klee/Projects/asa_1920_p2/Fri_Aug_26_05:47:06_2022/Project_al009 --posix-runtime --libc=uclibc --only-output-states-covering-new -max-time=900 --watchdog Projects/asa_1920_p2/al009/preprocessed/al009.bc -sym-stdin 10
klee -output-dir=Results/Klee/Projects/asa_1920_p2/Fri_Aug_26_05:47:06_2022/Project_al011 --posix-runtime --libc=uclibc --only-output-states-covering-new -max-time=900 --watchdog Projects/asa_1920_p2/al011/preprocessed/al011.bc -sym-stdin 10
klee -output-dir=Results/Klee/Projects/asa_1920_p2/Fri_Aug_26_05:47:06_2022/Project_al005 --posix-runtime --libc=uclibc --only-output-states-covering-new -max-time=900 --watchdog Projects/asa_1920_p2/al005/preprocessed/al005.bc -sym-stdin 10
klee -output-dir=Results/Klee/Projects/asa_1920_p2/Fri_Aug_26_05:47:06_2022/Project_al015 --posix-runtime --libc=uclibc --only-output-states-covering-new -max-time=900 --watchdog Projects/asa_1920_p2/al015/preprocessed/al015.bc -sym-stdin 10
klee -output-dir=Results/Klee/Projects/asa_1920_p2/Fri_Aug_26_05:47:06_2022/Project_al016 --posix-runtime --libc=uclibc --only-output-states-covering-new -max-time=900 --watchdog Projects/asa_1920_p2/al016/preprocessed/al016.bc -sym-stdin 10

[!] 15min Timeout Detected: ['klee', '-output-dir=Results/Klee/Projects/asa_1920_p2/Fri_Aug_26_05:47:06_2022/Project_al011', '--posix-runtime', '--libc=uclibc', '--only-output-states-covering-new', '-max-time=900', '--watchdog', 'Projects/asa_1920_p2/al011/preprocessed/al011.bc', '-sym-stdin 10']

[!] 15min Timeout Detected: ['klee', '-output-dir=Results/Klee/Projects/asa_1920_p2/Fri_Aug_26_05:47:06_2022/Project_al005', '--posix-runtime', '--libc=uclibc', '--only-output-states-covering-new', '-max-time=900', '--watchdog', 'Projects/asa_1920_p2/al005/preprocessed/al005.bc', '-sym-stdin 10']
klee -output-dir=Results/Klee/Projects/asa_1920_p2/Fri_Aug_26_05:47:06_2022/Project_al017 --posix-runtime --libc=uclibc --only-output-states-covering-new -max-time=900 --watchdog Projects/asa_1920_p2/al017/preprocessed/al017.bc -sym-stdin 10
klee -output-dir=Results/Klee/Projects/asa_1920_p2/Fri_Aug_26_05:47:06_2022/Project_al012 --posix-runtime --libc=uclibc --only-output-states-covering-new -max-time=900 --watchdog Projects/asa_1920_p2/al012/preprocessed/al012.bc -sym-stdin 10

[!] 15min Timeout Detected: ['klee', '-output-dir=Results/Klee/Projects/asa_1920_p2/Fri_Aug_26_05:47:06_2022/Project_al015', '--posix-runtime', '--libc=uclibc', '--only-output-states-covering-new', '-max-time=900', '--watchdog', 'Projects/asa_1920_p2/al015/preprocessed/al015.bc', '-sym-stdin 10']
klee -output-dir=Results/Klee/Projects/asa_1920_p2/Fri_Aug_26_05:47:06_2022/Project_al021 --posix-runtime --libc=uclibc --only-output-states-covering-new -max-time=900 --watchdog Projects/asa_1920_p2/al021/preprocessed/al021.bc -sym-stdin 10

[!] 15min Timeout Detected: ['klee', '-output-dir=Results/Klee/Projects/asa_1920_p2/Fri_Aug_26_05:47:06_2022/Project_al016', '--posix-runtime', '--libc=uclibc', '--only-output-states-covering-new', '-max-time=900', '--watchdog', 'Projects/asa_1920_p2/al016/preprocessed/al016.bc', '-sym-stdin 10']
klee -output-dir=Results/Klee/Projects/asa_1920_p2/Fri_Aug_26_05:47:06_2022/Project_al025 --posix-runtime --libc=uclibc --only-output-states-covering-new -max-time=900 --watchdog Projects/asa_1920_p2/al025/preprocessed/al025.bc -sym-stdin 10
klee -output-dir=Results/Klee/Projects/asa_1920_p2/Fri_Aug_26_05:47:06_2022/Project_al035 --posix-runtime --libc=uclibc --only-output-states-covering-new -max-time=900 --watchdog Projects/asa_1920_p2/al035/preprocessed/al035.bc -sym-stdin 10
klee -output-dir=Results/Klee/Projects/asa_1920_p2/Fri_Aug_26_05:47:06_2022/Project_al019 --posix-runtime --libc=uclibc --only-output-states-covering-new -max-time=900 --watchdog Projects/asa_1920_p2/al019/preprocessed/al019.bc -sym-stdin 10
klee -output-dir=Results/Klee/Projects/asa_1920_p2/Fri_Aug_26_05:47:06_2022/Project_al033 --posix-runtime --libc=uclibc --only-output-states-covering-new -max-time=900 --watchdog Projects/asa_1920_p2/al033/preprocessed/al033.bc -sym-stdin 10

[!] 15min Timeout Detected: ['klee', '-output-dir=Results/Klee/Projects/asa_1920_p2/Fri_Aug_26_05:47:06_2022/Project_al017', '--posix-runtime', '--libc=uclibc', '--only-output-states-covering-new', '-max-time=900', '--watchdog', 'Projects/asa_1920_p2/al017/preprocessed/al017.bc', '-sym-stdin 10']
klee -output-dir=Results/Klee/Projects/asa_1920_p2/Fri_Aug_26_05:47:06_2022/Project_al029 --posix-runtime --libc=uclibc --only-output-states-covering-new -max-time=900 --watchdog Projects/asa_1920_p2/al029/preprocessed/al029.bc -sym-stdin 10
klee -output-dir=Results/Klee/Projects/asa_1920_p2/Fri_Aug_26_05:47:06_2022/Project_al055 --posix-runtime --libc=uclibc --only-output-states-covering-new -max-time=900 --watchdog Projects/asa_1920_p2/al055/preprocessed/al055.bc -sym-stdin 10

[!] 15min Timeout Detected: ['klee', '-output-dir=Results/Klee/Projects/asa_1920_p2/Fri_Aug_26_05:47:06_2022/Project_al019', '--posix-runtime', '--libc=uclibc', '--only-output-states-covering-new', '-max-time=900', '--watchdog', 'Projects/asa_1920_p2/al019/preprocessed/al019.bc', '-sym-stdin 10']
klee -output-dir=Results/Klee/Projects/asa_1920_p2/Fri_Aug_26_05:47:06_2022/Project_al030 --posix-runtime --libc=uclibc --only-output-states-covering-new -max-time=900 --watchdog Projects/asa_1920_p2/al030/preprocessed/al030.bc -sym-stdin 10

[!] 15min Timeout Detected: ['klee', '-output-dir=Results/Klee/Projects/asa_1920_p2/Fri_Aug_26_05:47:06_2022/Project_al033', '--posix-runtime', '--libc=uclibc', '--only-output-states-covering-new', '-max-time=900', '--watchdog', 'Projects/asa_1920_p2/al033/preprocessed/al033.bc', '-sym-stdin 10']
klee -output-dir=Results/Klee/Projects/asa_1920_p2/Fri_Aug_26_05:47:06_2022/Project_al054 --posix-runtime --libc=uclibc --only-output-states-covering-new -max-time=900 --watchdog Projects/asa_1920_p2/al054/preprocessed/al054.bc -sym-stdin 10

[!] 15min Timeout Detected: ['klee', '-output-dir=Results/Klee/Projects/asa_1920_p2/Fri_Aug_26_05:47:06_2022/Project_al029', '--posix-runtime', '--libc=uclibc', '--only-output-states-covering-new', '-max-time=900', '--watchdog', 'Projects/asa_1920_p2/al029/preprocessed/al029.bc', '-sym-stdin 10']
klee -output-dir=Results/Klee/Projects/asa_1920_p2/Fri_Aug_26_05:47:06_2022/Project_al037 --posix-runtime --libc=uclibc --only-output-states-covering-new -max-time=900 --watchdog Projects/asa_1920_p2/al037/preprocessed/al037.bc -sym-stdin 10
klee -output-dir=Results/Klee/Projects/asa_1920_p2/Fri_Aug_26_05:47:06_2022/Project_al038 --posix-runtime --libc=uclibc --only-output-states-covering-new -max-time=900 --watchdog Projects/asa_1920_p2/al038/preprocessed/al038.bc -sym-stdin 10

[!] 15min Timeout Detected: ['klee', '-output-dir=Results/Klee/Projects/asa_1920_p2/Fri_Aug_26_05:47:06_2022/Project_al055', '--posix-runtime', '--libc=uclibc', '--only-output-states-covering-new', '-max-time=900', '--watchdog', 'Projects/asa_1920_p2/al055/preprocessed/al055.bc', '-sym-stdin 10']
klee -output-dir=Results/Klee/Projects/asa_1920_p2/Fri_Aug_26_05:47:06_2022/Project_al067 --posix-runtime --libc=uclibc --only-output-states-covering-new -max-time=900 --watchdog Projects/asa_1920_p2/al067/preprocessed/al067.bc -sym-stdin 10

[!] 15min Timeout Detected: ['klee', '-output-dir=Results/Klee/Projects/asa_1920_p2/Fri_Aug_26_05:47:06_2022/Project_al054', '--posix-runtime', '--libc=uclibc', '--only-output-states-covering-new', '-max-time=900', '--watchdog', 'Projects/asa_1920_p2/al054/preprocessed/al054.bc', '-sym-stdin 10']
klee -output-dir=Results/Klee/Projects/asa_1920_p2/Fri_Aug_26_05:47:06_2022/Project_al066 --posix-runtime --libc=uclibc --only-output-states-covering-new -max-time=900 --watchdog Projects/asa_1920_p2/al066/preprocessed/al066.bc -sym-stdin 10

[!] 15min Timeout Detected: ['klee', '-output-dir=Results/Klee/Projects/asa_1920_p2/Fri_Aug_26_05:47:06_2022/Project_al037', '--posix-runtime', '--libc=uclibc', '--only-output-states-covering-new', '-max-time=900', '--watchdog', 'Projects/asa_1920_p2/al037/preprocessed/al037.bc', '-sym-stdin 10']
klee -output-dir=Results/Klee/Projects/asa_1920_p2/Fri_Aug_26_05:47:06_2022/Project_al058 --posix-runtime --libc=uclibc --only-output-states-covering-new -max-time=900 --watchdog Projects/asa_1920_p2/al058/preprocessed/al058.bc -sym-stdin 10

[!] 15min Timeout Detected: ['klee', '-output-dir=Results/Klee/Projects/asa_1920_p2/Fri_Aug_26_05:47:06_2022/Project_al038', '--posix-runtime', '--libc=uclibc', '--only-output-states-covering-new', '-max-time=900', '--watchdog', 'Projects/asa_1920_p2/al038/preprocessed/al038.bc', '-sym-stdin 10']
klee -output-dir=Results/Klee/Projects/asa_1920_p2/Fri_Aug_26_05:47:06_2022/Project_al065 --posix-runtime --libc=uclibc --only-output-states-covering-new -max-time=900 --watchdog Projects/asa_1920_p2/al065/preprocessed/al065.bc -sym-stdin 10

[!] 15min Timeout Detected: ['klee', '-output-dir=Results/Klee/Projects/asa_1920_p2/Fri_Aug_26_05:47:06_2022/Project_al067', '--posix-runtime', '--libc=uclibc', '--only-output-states-covering-new', '-max-time=900', '--watchdog', 'Projects/asa_1920_p2/al067/preprocessed/al067.bc', '-sym-stdin 10']
klee -output-dir=Results/Klee/Projects/asa_1920_p2/Fri_Aug_26_05:47:06_2022/Project_al086 --posix-runtime --libc=uclibc --only-output-states-covering-new -max-time=900 --watchdog Projects/asa_1920_p2/al086/preprocessed/al086.bc -sym-stdin 10

[!] 15min Timeout Detected: ['klee', '-output-dir=Results/Klee/Projects/asa_1920_p2/Fri_Aug_26_05:47:06_2022/Project_al066', '--posix-runtime', '--libc=uclibc', '--only-output-states-covering-new', '-max-time=900', '--watchdog', 'Projects/asa_1920_p2/al066/preprocessed/al066.bc', '-sym-stdin 10']
klee -output-dir=Results/Klee/Projects/asa_1920_p2/Fri_Aug_26_05:47:06_2022/Project_al085 --posix-runtime --libc=uclibc --only-output-states-covering-new -max-time=900 --watchdog Projects/asa_1920_p2/al085/preprocessed/al085.bc -sym-stdin 10

[!] 15min Timeout Detected: ['klee', '-output-dir=Results/Klee/Projects/asa_1920_p2/Fri_Aug_26_05:47:06_2022/Project_al058', '--posix-runtime', '--libc=uclibc', '--only-output-states-covering-new', '-max-time=900', '--watchdog', 'Projects/asa_1920_p2/al058/preprocessed/al058.bc', '-sym-stdin 10']
klee -output-dir=Results/Klee/Projects/asa_1920_p2/Fri_Aug_26_05:47:06_2022/Project_al070 --posix-runtime --libc=uclibc --only-output-states-covering-new -max-time=900 --watchdog Projects/asa_1920_p2/al070/preprocessed/al070.bc -sym-stdin 10

[!] 15min Timeout Detected: ['klee', '-output-dir=Results/Klee/Projects/asa_1920_p2/Fri_Aug_26_05:47:06_2022/Project_al065', '--posix-runtime', '--libc=uclibc', '--only-output-states-covering-new', '-max-time=900', '--watchdog', 'Projects/asa_1920_p2/al065/preprocessed/al065.bc', '-sym-stdin 10']
klee -output-dir=Results/Klee/Projects/asa_1920_p2/Fri_Aug_26_05:47:06_2022/Project_al076 --posix-runtime --libc=uclibc --only-output-states-covering-new -max-time=900 --watchdog Projects/asa_1920_p2/al076/preprocessed/al076.bc -sym-stdin 10
klee -output-dir=Results/Klee/Projects/asa_1920_p2/Fri_Aug_26_05:47:06_2022/Project_al090 --posix-runtime --libc=uclibc --only-output-states-covering-new -max-time=900 --watchdog Projects/asa_1920_p2/al090/preprocessed/al090.bc -sym-stdin 10

[!] 15min Timeout Detected: ['klee', '-output-dir=Results/Klee/Projects/asa_1920_p2/Fri_Aug_26_05:47:06_2022/Project_al086', '--posix-runtime', '--libc=uclibc', '--only-output-states-covering-new', '-max-time=900', '--watchdog', 'Projects/asa_1920_p2/al086/preprocessed/al086.bc', '-sym-stdin 10']
klee -output-dir=Results/Klee/Projects/asa_1920_p2/Fri_Aug_26_05:47:06_2022/Project_al101 --posix-runtime --libc=uclibc --only-output-states-covering-new -max-time=900 --watchdog Projects/asa_1920_p2/al101/preprocessed/al101.bc -sym-stdin 10
klee -output-dir=Results/Klee/Projects/asa_1920_p2/Fri_Aug_26_05:47:06_2022/Project_al094 --posix-runtime --libc=uclibc --only-output-states-covering-new -max-time=900 --watchdog Projects/asa_1920_p2/al094/preprocessed/al094.bc -sym-stdin 10

[!] 15min Timeout Detected: ['klee', '-output-dir=Results/Klee/Projects/asa_1920_p2/Fri_Aug_26_05:47:06_2022/Project_al085', '--posix-runtime', '--libc=uclibc', '--only-output-states-covering-new', '-max-time=900', '--watchdog', 'Projects/asa_1920_p2/al085/preprocessed/al085.bc', '-sym-stdin 10']
klee -output-dir=Results/Klee/Projects/asa_1920_p2/Fri_Aug_26_05:47:06_2022/Project_al099 --posix-runtime --libc=uclibc --only-output-states-covering-new -max-time=900 --watchdog Projects/asa_1920_p2/al099/preprocessed/al099.bc -sym-stdin 10
klee -output-dir=Results/Klee/Projects/asa_1920_p2/Fri_Aug_26_05:47:06_2022/Project_al102 --posix-runtime --libc=uclibc --only-output-states-covering-new -max-time=900 --watchdog Projects/asa_1920_p2/al102/preprocessed/al102.bc -sym-stdin 10
klee -output-dir=Results/Klee/Projects/asa_1920_p2/Fri_Aug_26_05:47:06_2022/Project_al114 --posix-runtime --libc=uclibc --only-output-states-covering-new -max-time=900 --watchdog Projects/asa_1920_p2/al114/preprocessed/al114.bc -sym-stdin 10

[!] 15min Timeout Detected: ['klee', '-output-dir=Results/Klee/Projects/asa_1920_p2/Fri_Aug_26_05:47:06_2022/Project_al101', '--posix-runtime', '--libc=uclibc', '--only-output-states-covering-new', '-max-time=900', '--watchdog', 'Projects/asa_1920_p2/al101/preprocessed/al101.bc', '-sym-stdin 10']
klee -output-dir=Results/Klee/Projects/asa_1920_p2/Fri_Aug_26_05:47:06_2022/Project_al111 --posix-runtime --libc=uclibc --only-output-states-covering-new -max-time=900 --watchdog Projects/asa_1920_p2/al111/preprocessed/al111.bc -sym-stdin 10

[!] 15min Timeout Detected: ['klee', '-output-dir=Results/Klee/Projects/asa_1920_p2/Fri_Aug_26_05:47:06_2022/Project_al094', '--posix-runtime', '--libc=uclibc', '--only-output-states-covering-new', '-max-time=900', '--watchdog', 'Projects/asa_1920_p2/al094/preprocessed/al094.bc', '-sym-stdin 10']
klee -output-dir=Results/Klee/Projects/asa_1920_p2/Fri_Aug_26_05:47:06_2022/Project_al104 --posix-runtime --libc=uclibc --only-output-states-covering-new -max-time=900 --watchdog Projects/asa_1920_p2/al104/preprocessed/al104.bc -sym-stdin 10

[!] 15min Timeout Detected: ['klee', '-output-dir=Results/Klee/Projects/asa_1920_p2/Fri_Aug_26_05:47:06_2022/Project_al099', '--posix-runtime', '--libc=uclibc', '--only-output-states-covering-new', '-max-time=900', '--watchdog', 'Projects/asa_1920_p2/al099/preprocessed/al099.bc', '-sym-stdin 10']
klee -output-dir=Results/Klee/Projects/asa_1920_p2/Fri_Aug_26_05:47:06_2022/Project_al105 --posix-runtime --libc=uclibc --only-output-states-covering-new -max-time=900 --watchdog Projects/asa_1920_p2/al105/preprocessed/al105.bc -sym-stdin 10
klee -output-dir=Results/Klee/Projects/asa_1920_p2/Fri_Aug_26_05:47:06_2022/Project_al119 --posix-runtime --libc=uclibc --only-output-states-covering-new -max-time=900 --watchdog Projects/asa_1920_p2/al119/preprocessed/al119.bc -sym-stdin 10
klee -output-dir=Results/Klee/Projects/asa_1920_p2/Fri_Aug_26_05:47:06_2022/Project_al125 --posix-runtime --libc=uclibc --only-output-states-covering-new -max-time=900 --watchdog Projects/asa_1920_p2/al125/preprocessed/al125.bc -sym-stdin 10

[!] 15min Timeout Detected: ['klee', '-output-dir=Results/Klee/Projects/asa_1920_p2/Fri_Aug_26_05:47:06_2022/Project_al114', '--posix-runtime', '--libc=uclibc', '--only-output-states-covering-new', '-max-time=900', '--watchdog', 'Projects/asa_1920_p2/al114/preprocessed/al114.bc', '-sym-stdin 10']
klee -output-dir=Results/Klee/Projects/asa_1920_p2/Fri_Aug_26_05:47:06_2022/Project_al124 --posix-runtime --libc=uclibc --only-output-states-covering-new -max-time=900 --watchdog Projects/asa_1920_p2/al124/preprocessed/al124.bc -sym-stdin 10
klee -output-dir=Results/Klee/Projects/asa_1920_p2/Fri_Aug_26_05:47:06_2022/Project_al123 --posix-runtime --libc=uclibc --only-output-states-covering-new -max-time=900 --watchdog Projects/asa_1920_p2/al123/preprocessed/al123.bc -sym-stdin 10
klee -output-dir=Results/Klee/Projects/asa_1920_p2/Fri_Aug_26_05:47:06_2022/Project_al142 --posix-runtime --libc=uclibc --only-output-states-covering-new -max-time=900 --watchdog Projects/asa_1920_p2/al142/preprocessed/al142.bc -sym-stdin 10

[!] 15min Timeout Detected: ['klee', '-output-dir=Results/Klee/Projects/asa_1920_p2/Fri_Aug_26_05:47:06_2022/Project_al105', '--posix-runtime', '--libc=uclibc', '--only-output-states-covering-new', '-max-time=900', '--watchdog', 'Projects/asa_1920_p2/al105/preprocessed/al105.bc', '-sym-stdin 10']
klee -output-dir=Results/Klee/Projects/asa_1920_p2/Fri_Aug_26_05:47:06_2022/Project_al121 --posix-runtime --libc=uclibc --only-output-states-covering-new -max-time=900 --watchdog Projects/asa_1920_p2/al121/preprocessed/al121.bc -sym-stdin 10
klee -output-dir=Results/Klee/Projects/asa_1920_p2/Fri_Aug_26_05:47:06_2022/Project_al144 --posix-runtime --libc=uclibc --only-output-states-covering-new -max-time=900 --watchdog Projects/asa_1920_p2/al144/preprocessed/al144.bc -sym-stdin 10
klee -output-dir=Results/Klee/Projects/asa_1920_p2/Fri_Aug_26_05:47:06_2022/Project_al156 --posix-runtime --libc=uclibc --only-output-states-covering-new -max-time=900 --watchdog Projects/asa_1920_p2/al156/preprocessed/al156.bc -sym-stdin 10
klee -output-dir=Results/Klee/Projects/asa_1920_p2/Fri_Aug_26_05:47:06_2022/Project_al167 --posix-runtime --libc=uclibc --only-output-states-covering-new -max-time=900 --watchdog Projects/asa_1920_p2/al167/preprocessed/al167.bc -sym-stdin 10

[!] 15min Timeout Detected: ['klee', '-output-dir=Results/Klee/Projects/asa_1920_p2/Fri_Aug_26_05:47:06_2022/Project_al123', '--posix-runtime', '--libc=uclibc', '--only-output-states-covering-new', '-max-time=900', '--watchdog', 'Projects/asa_1920_p2/al123/preprocessed/al123.bc', '-sym-stdin 10']
klee -output-dir=Results/Klee/Projects/asa_1920_p2/Fri_Aug_26_05:47:06_2022/Project_al135 --posix-runtime --libc=uclibc --only-output-states-covering-new -max-time=900 --watchdog Projects/asa_1920_p2/al135/preprocessed/al135.bc -sym-stdin 10

[!] 15min Timeout Detected: ['klee', '-output-dir=Results/Klee/Projects/asa_1920_p2/Fri_Aug_26_05:47:06_2022/Project_al142', '--posix-runtime', '--libc=uclibc', '--only-output-states-covering-new', '-max-time=900', '--watchdog', 'Projects/asa_1920_p2/al142/preprocessed/al142.bc', '-sym-stdin 10']
klee -output-dir=Results/Klee/Projects/asa_1920_p2/Fri_Aug_26_05:47:06_2022/Project_al154 --posix-runtime --libc=uclibc --only-output-states-covering-new -max-time=900 --watchdog Projects/asa_1920_p2/al154/preprocessed/al154.bc -sym-stdin 10

[!] 15min Timeout Detected: ['klee', '-output-dir=Results/Klee/Projects/asa_1920_p2/Fri_Aug_26_05:47:06_2022/Project_al121', '--posix-runtime', '--libc=uclibc', '--only-output-states-covering-new', '-max-time=900', '--watchdog', 'Projects/asa_1920_p2/al121/preprocessed/al121.bc', '-sym-stdin 10']
klee -output-dir=Results/Klee/Projects/asa_1920_p2/Fri_Aug_26_05:47:06_2022/Project_al131 --posix-runtime --libc=uclibc --only-output-states-covering-new -max-time=900 --watchdog Projects/asa_1920_p2/al131/preprocessed/al131.bc -sym-stdin 10
klee -output-dir=Results/Klee/Projects/asa_1920_p2/Fri_Aug_26_05:47:06_2022/Project_al150 --posix-runtime --libc=uclibc --only-output-states-covering-new -max-time=900 --watchdog Projects/asa_1920_p2/al150/preprocessed/al150.bc -sym-stdin 10
klee -output-dir=Results/Klee/Projects/asa_1920_p2/Fri_Aug_26_05:47:06_2022/Project_tp001 --posix-runtime --libc=uclibc --only-output-states-covering-new -max-time=900 --watchdog Projects/asa_1920_p2/tp001/preprocessed/tp001.bc -sym-stdin 10
klee -output-dir=Results/Klee/Projects/asa_1920_p2/Fri_Aug_26_05:47:06_2022/Project_tp012 --posix-runtime --libc=uclibc --only-output-states-covering-new -max-time=900 --watchdog Projects/asa_1920_p2/tp012/preprocessed/tp012.bc -sym-stdin 10
klee -output-dir=Results/Klee/Projects/asa_1920_p2/Fri_Aug_26_05:47:06_2022/Project_al166 --posix-runtime --libc=uclibc --only-output-states-covering-new -max-time=900 --watchdog Projects/asa_1920_p2/al166/preprocessed/al166.bc -sym-stdin 10

[!] 15min Timeout Detected: ['klee', '-output-dir=Results/Klee/Projects/asa_1920_p2/Fri_Aug_26_05:47:06_2022/Project_al135', '--posix-runtime', '--libc=uclibc', '--only-output-states-covering-new', '-max-time=900', '--watchdog', 'Projects/asa_1920_p2/al135/preprocessed/al135.bc', '-sym-stdin 10']
klee -output-dir=Results/Klee/Projects/asa_1920_p2/Fri_Aug_26_05:47:06_2022/Project_al152 --posix-runtime --libc=uclibc --only-output-states-covering-new -max-time=900 --watchdog Projects/asa_1920_p2/al152/preprocessed/al152.bc -sym-stdin 10
klee -output-dir=Results/Klee/Projects/asa_1920_p2/Fri_Aug_26_05:47:06_2022/Project_al171 --posix-runtime --libc=uclibc --only-output-states-covering-new -max-time=900 --watchdog Projects/asa_1920_p2/al171/preprocessed/al171.bc -sym-stdin 10

[!] 15min Timeout Detected: ['klee', '-output-dir=Results/Klee/Projects/asa_1920_p2/Fri_Aug_26_05:47:06_2022/Project_al150', '--posix-runtime', '--libc=uclibc', '--only-output-states-covering-new', '-max-time=900', '--watchdog', 'Projects/asa_1920_p2/al150/preprocessed/al150.bc', '-sym-stdin 10']
klee -output-dir=Results/Klee/Projects/asa_1920_p2/Fri_Aug_26_05:47:06_2022/Project_al157 --posix-runtime --libc=uclibc --only-output-states-covering-new -max-time=900 --watchdog Projects/asa_1920_p2/al157/preprocessed/al157.bc -sym-stdin 10
klee -output-dir=Results/Klee/Projects/asa_1920_p2/Fri_Aug_26_05:47:06_2022/Project_tp027 --posix-runtime --libc=uclibc --only-output-states-covering-new -max-time=900 --watchdog Projects/asa_1920_p2/tp027/preprocessed/tp027.bc -sym-stdin 10
klee -output-dir=Results/Klee/Projects/asa_1920_p2/Fri_Aug_26_05:47:06_2022/Project_tp041 --posix-runtime --libc=uclibc --only-output-states-covering-new -max-time=900 --watchdog Projects/asa_1920_p2/tp041/preprocessed/tp041.bc -sym-stdin 10
klee -output-dir=Results/Klee/Projects/asa_1920_p2/Fri_Aug_26_05:47:06_2022/Project_tp054 --posix-runtime --libc=uclibc --only-output-states-covering-new -max-time=900 --watchdog Projects/asa_1920_p2/tp054/preprocessed/tp054.bc -sym-stdin 10

[!] 15min Timeout Detected: ['klee', '-output-dir=Results/Klee/Projects/asa_1920_p2/Fri_Aug_26_05:47:06_2022/Project_al152', '--posix-runtime', '--libc=uclibc', '--only-output-states-covering-new', '-max-time=900', '--watchdog', 'Projects/asa_1920_p2/al152/preprocessed/al152.bc', '-sym-stdin 10']
klee -output-dir=Results/Klee/Projects/asa_1920_p2/Fri_Aug_26_05:47:06_2022/Project_al160 --posix-runtime --libc=uclibc --only-output-states-covering-new -max-time=900 --watchdog Projects/asa_1920_p2/al160/preprocessed/al160.bc -sym-stdin 10
klee -output-dir=Results/Klee/Projects/asa_1920_p2/Fri_Aug_26_05:47:06_2022/Project_al170 --posix-runtime --libc=uclibc --only-output-states-covering-new -max-time=900 --watchdog Projects/asa_1920_p2/al170/preprocessed/al170.bc -sym-stdin 10

[!] 15min Timeout Detected: ['klee', '-output-dir=Results/Klee/Projects/asa_1920_p2/Fri_Aug_26_05:47:06_2022/Project_al171', '--posix-runtime', '--libc=uclibc', '--only-output-states-covering-new', '-max-time=900', '--watchdog', 'Projects/asa_1920_p2/al171/preprocessed/al171.bc', '-sym-stdin 10']
klee -output-dir=Results/Klee/Projects/asa_1920_p2/Fri_Aug_26_05:47:06_2022/Project_tp009 --posix-runtime --libc=uclibc --only-output-states-covering-new -max-time=900 --watchdog Projects/asa_1920_p2/tp009/preprocessed/tp009.bc -sym-stdin 10
klee -output-dir=Results/Klee/Projects/asa_1920_p2/Fri_Aug_26_05:47:06_2022/Project_al168 --posix-runtime --libc=uclibc --only-output-states-covering-new -max-time=900 --watchdog Projects/asa_1920_p2/al168/preprocessed/al168.bc -sym-stdin 10
klee -output-dir=Results/Klee/Projects/asa_1920_p2/Fri_Aug_26_05:47:06_2022/Project_tp008 --posix-runtime --libc=uclibc --only-output-states-covering-new -max-time=900 --watchdog Projects/asa_1920_p2/tp008/preprocessed/tp008.bc -sym-stdin 10

[!] 15min Timeout Detected: ['klee', '-output-dir=Results/Klee/Projects/asa_1920_p2/Fri_Aug_26_05:47:06_2022/Project_tp009', '--posix-runtime', '--libc=uclibc', '--only-output-states-covering-new', '-max-time=900', '--watchdog', 'Projects/asa_1920_p2/tp009/preprocessed/tp009.bc', '-sym-stdin 10']
klee -output-dir=Results/Klee/Projects/asa_1920_p2/Fri_Aug_26_05:47:06_2022/Project_tp023 --posix-runtime --libc=uclibc --only-output-states-covering-new -max-time=900 --watchdog Projects/asa_1920_p2/tp023/preprocessed/tp023.bc -sym-stdin 10

[!] 15min Timeout Detected: ['klee', '-output-dir=Results/Klee/Projects/asa_1920_p2/Fri_Aug_26_05:47:06_2022/Project_al168', '--posix-runtime', '--libc=uclibc', '--only-output-states-covering-new', '-max-time=900', '--watchdog', 'Projects/asa_1920_p2/al168/preprocessed/al168.bc', '-sym-stdin 10']
klee -output-dir=Results/Klee/Projects/asa_1920_p2/Fri_Aug_26_05:47:06_2022/Project_tp004 --posix-runtime --libc=uclibc --only-output-states-covering-new -max-time=900 --watchdog Projects/asa_1920_p2/tp004/preprocessed/tp004.bc -sym-stdin 10

[!] 15min Timeout Detected: ['klee', '-output-dir=Results/Klee/Projects/asa_1920_p2/Fri_Aug_26_05:47:06_2022/Project_tp008', '--posix-runtime', '--libc=uclibc', '--only-output-states-covering-new', '-max-time=900', '--watchdog', 'Projects/asa_1920_p2/tp008/preprocessed/tp008.bc', '-sym-stdin 10']
klee -output-dir=Results/Klee/Projects/asa_1920_p2/Fri_Aug_26_05:47:06_2022/Project_tp015 --posix-runtime --libc=uclibc --only-output-states-covering-new -max-time=900 --watchdog Projects/asa_1920_p2/tp015/preprocessed/tp015.bc -sym-stdin 10

[!] 15min Timeout Detected: ['klee', '-output-dir=Results/Klee/Projects/asa_1920_p2/Fri_Aug_26_05:47:06_2022/Project_tp023', '--posix-runtime', '--libc=uclibc', '--only-output-states-covering-new', '-max-time=900', '--watchdog', 'Projects/asa_1920_p2/tp023/preprocessed/tp023.bc', '-sym-stdin 10']
klee -output-dir=Results/Klee/Projects/asa_1920_p2/Fri_Aug_26_05:47:06_2022/Project_tp034 --posix-runtime --libc=uclibc --only-output-states-covering-new -max-time=900 --watchdog Projects/asa_1920_p2/tp034/preprocessed/tp034.bc -sym-stdin 10

[!] 15min Timeout Detected: ['klee', '-output-dir=Results/Klee/Projects/asa_1920_p2/Fri_Aug_26_05:47:06_2022/Project_tp004', '--posix-runtime', '--libc=uclibc', '--only-output-states-covering-new', '-max-time=900', '--watchdog', 'Projects/asa_1920_p2/tp004/preprocessed/tp004.bc', '-sym-stdin 10']
klee -output-dir=Results/Klee/Projects/asa_1920_p2/Fri_Aug_26_05:47:06_2022/Project_tp013 --posix-runtime --libc=uclibc --only-output-states-covering-new -max-time=900 --watchdog Projects/asa_1920_p2/tp013/preprocessed/tp013.bc -sym-stdin 10
klee -output-dir=Results/Klee/Projects/asa_1920_p2/Fri_Aug_26_05:47:06_2022/Project_tp031 --posix-runtime --libc=uclibc --only-output-states-covering-new -max-time=900 --watchdog Projects/asa_1920_p2/tp031/preprocessed/tp031.bc -sym-stdin 10
klee -output-dir=Results/Klee/Projects/asa_1920_p2/Fri_Aug_26_05:47:06_2022/Project_tp050 --posix-runtime --libc=uclibc --only-output-states-covering-new -max-time=900 --watchdog Projects/asa_1920_p2/tp050/preprocessed/tp050.bc -sym-stdin 10
klee -output-dir=Results/Klee/Projects/asa_1920_p2/Fri_Aug_26_05:47:06_2022/Project_tp056 --posix-runtime --libc=uclibc --only-output-states-covering-new -max-time=900 --watchdog Projects/asa_1920_p2/tp056/preprocessed/tp056.bc -sym-stdin 10
klee -output-dir=Results/Klee/Projects/asa_1920_p2/Fri_Aug_26_05:47:06_2022/Project_tp052 --posix-runtime --libc=uclibc --only-output-states-covering-new -max-time=900 --watchdog Projects/asa_1920_p2/tp052/preprocessed/tp052.bc -sym-stdin 10

[!] 15min Timeout Detected: ['klee', '-output-dir=Results/Klee/Projects/asa_1920_p2/Fri_Aug_26_05:47:06_2022/Project_tp015', '--posix-runtime', '--libc=uclibc', '--only-output-states-covering-new', '-max-time=900', '--watchdog', 'Projects/asa_1920_p2/tp015/preprocessed/tp015.bc', '-sym-stdin 10']
klee -output-dir=Results/Klee/Projects/asa_1920_p2/Fri_Aug_26_05:47:06_2022/Project_tp032 --posix-runtime --libc=uclibc --only-output-states-covering-new -max-time=900 --watchdog Projects/asa_1920_p2/tp032/preprocessed/tp032.bc -sym-stdin 10
klee -output-dir=Results/Klee/Projects/asa_1920_p2/Fri_Aug_26_05:47:06_2022/Project_tp062 --posix-runtime --libc=uclibc --only-output-states-covering-new -max-time=900 --watchdog Projects/asa_1920_p2/tp062/preprocessed/tp062.bc -sym-stdin 10

[!] 15min Timeout Detected: ['klee', '-output-dir=Results/Klee/Projects/asa_1920_p2/Fri_Aug_26_05:47:06_2022/Project_tp056', '--posix-runtime', '--libc=uclibc', '--only-output-states-covering-new', '-max-time=900', '--watchdog', 'Projects/asa_1920_p2/tp056/preprocessed/tp056.bc', '-sym-stdin 10']

[!] 15min Timeout Detected: ['klee', '-output-dir=Results/Klee/Projects/asa_1920_p2/Fri_Aug_26_05:47:06_2022/Project_tp032', '--posix-runtime', '--libc=uclibc', '--only-output-states-covering-new', '-max-time=900', '--watchdog', 'Projects/asa_1920_p2/tp032/preprocessed/tp032.bc', '-sym-stdin 10']
klee -output-dir=Results/Klee/Projects/asa_1920_p2/Fri_Aug_26_05:47:06_2022/Project_tp051 --posix-runtime --libc=uclibc --only-output-states-covering-new -max-time=900 --watchdog Projects/asa_1920_p2/tp051/preprocessed/tp051.bc -sym-stdin 10
klee -output-dir=Results/Klee/Projects/asa_1920_p2/Fri_Aug_26_05:47:06_2022/Project_tp057 --posix-runtime --libc=uclibc --only-output-states-covering-new -max-time=900 --watchdog Projects/asa_1920_p2/tp057/preprocessed/tp057.bc -sym-stdin 10

[!] 15min Timeout Detected: ['klee', '-output-dir=Results/Klee/Projects/asa_1920_p2/Fri_Aug_26_05:47:06_2022/Project_tp062', '--posix-runtime', '--libc=uclibc', '--only-output-states-covering-new', '-max-time=900', '--watchdog', 'Projects/asa_1920_p2/tp062/preprocessed/tp062.bc', '-sym-stdin 10']

[!] 15min Timeout Detected: ['klee', '-output-dir=Results/Klee/Projects/asa_1920_p2/Fri_Aug_26_05:47:06_2022/Project_tp057', '--posix-runtime', '--libc=uclibc', '--only-output-states-covering-new', '-max-time=900', '--watchdog', 'Projects/asa_1920_p2/tp057/preprocessed/tp057.bc', '-sym-stdin 10']
Elapsed: 14003.761 seconds (3.89 hours)
