Preprocessing Project al001
Preprocessing Project al003
Preprocessing Project al005
Preprocessing Project al008
Preprocessing Project al009
Preprocessing Project al011
Preprocessing Project al012
Preprocessing Project al015
Preprocessing Project al016
Preprocessing Project al017
Preprocessing Project al019
Preprocessing Project al021
Preprocessing Project al023
Preprocessing Project al024
Preprocessing Project al025
Preprocessing Project al029
Preprocessing Project al030
Preprocessing Project al031
Preprocessing Project al033
Preprocessing Project al035
Preprocessing Project al037
Preprocessing Project al038
Preprocessing Project al044
Preprocessing Project al046
Preprocessing Project al048
Preprocessing Project al054
Preprocessing Project al055
Preprocessing Project al057
Preprocessing Project al058
Preprocessing Project al065
Preprocessing Project al066
Preprocessing Project al067
Preprocessing Project al070
Preprocessing Project al072
Preprocessing Project al076
Preprocessing Project al077
Preprocessing Project al080
Preprocessing Project al081
Preprocessing Project al082
Preprocessing Project al085
Preprocessing Project al086
Preprocessing Project al090
Preprocessing Project al092
Preprocessing Project al094
Preprocessing Project al099
Preprocessing Project al101
Preprocessing Project al102
Preprocessing Project al103
Preprocessing Project al104
Preprocessing Project al105
Preprocessing Project al108
Preprocessing Project al111
Preprocessing Project al114
Preprocessing Project al117
Preprocessing Project al119
Preprocessing Project al120
Preprocessing Project al121
Preprocessing Project al123
Preprocessing Project al124
Preprocessing Project al125
Preprocessing Project al126
Preprocessing Project al127
Preprocessing Project al128
Preprocessing Project al131
Preprocessing Project al132
Preprocessing Project al133
Preprocessing Project al135
Preprocessing Project al136
Preprocessing Project al137
Preprocessing Project al142
Preprocessing Project al144
Preprocessing Project al146
Preprocessing Project al147
Preprocessing Project al149
Preprocessing Project al150
Preprocessing Project al151
Preprocessing Project al152
Preprocessing Project al153
Preprocessing Project al154
Preprocessing Project al156
Preprocessing Project al157
Preprocessing Project al160
Preprocessing Project al166
Preprocessing Project al167
Preprocessing Project al168
Preprocessing Project al170
Preprocessing Project al171
Preprocessing Project tp001
Preprocessing Project tp002
Preprocessing Project tp004
Preprocessing Project tp008
Preprocessing Project tp009
Preprocessing Project tp011
Preprocessing Project tp012
Preprocessing Project tp013
Preprocessing Project tp015
Preprocessing Project tp021
Preprocessing Project tp023
Preprocessing Project tp025
Preprocessing Project tp027
Preprocessing Project tp031
Preprocessing Project tp032
Preprocessing Project tp033
Preprocessing Project tp034
Preprocessing Project tp038
Preprocessing Project tp041
Preprocessing Project tp045
Preprocessing Project tp050
Preprocessing Project tp051
Preprocessing Project tp052
Preprocessing Project tp053
Preprocessing Project tp054
Preprocessing Project tp056
Preprocessing Project tp057
Preprocessing Project tp060
Preprocessing Project tp062
Preprocessing Project tp068
Compiling Llvm bytecode for preprocessed Project al001
Compiling Llvm bytecode for preprocessed Project al003
Compiling Llvm bytecode for preprocessed Project al005
Compiling Llvm bytecode for preprocessed Project al008
Compiling Llvm bytecode for preprocessed Project al009
Compiling Llvm bytecode for preprocessed Project al011
Compiling Llvm bytecode for preprocessed Project al012
Compiling Llvm bytecode for preprocessed Project al015
Compiling Llvm bytecode for preprocessed Project al016
Compiling Llvm bytecode for preprocessed Project al017
Compiling Llvm bytecode for preprocessed Project al019
Compiling Llvm bytecode for preprocessed Project al021
Compiling Llvm bytecode for preprocessed Project al023
Compiling Llvm bytecode for preprocessed Project al024
Compiling Llvm bytecode for preprocessed Project al025
Compiling Llvm bytecode for preprocessed Project al029
Compiling Llvm bytecode for preprocessed Project al030
Compiling Llvm bytecode for preprocessed Project al031
Compiling Llvm bytecode for preprocessed Project al033
Compiling Llvm bytecode for preprocessed Project al035
Compiling Llvm bytecode for preprocessed Project al037
Compiling Llvm bytecode for preprocessed Project al038
Compiling Llvm bytecode for preprocessed Project al044
Compiling Llvm bytecode for preprocessed Project al046
Compiling Llvm bytecode for preprocessed Project al048
Compiling Llvm bytecode for preprocessed Project al054
Compiling Llvm bytecode for preprocessed Project al055
Compiling Llvm bytecode for preprocessed Project al057
Compiling Llvm bytecode for preprocessed Project al058
Compiling Llvm bytecode for preprocessed Project al065
Compiling Llvm bytecode for preprocessed Project al066
Compiling Llvm bytecode for preprocessed Project al067
Compiling Llvm bytecode for preprocessed Project al070
Compiling Llvm bytecode for preprocessed Project al072
Compiling Llvm bytecode for preprocessed Project al076
Compiling Llvm bytecode for preprocessed Project al077
Compiling Llvm bytecode for preprocessed Project al080
Compiling Llvm bytecode for preprocessed Project al081
Compiling Llvm bytecode for preprocessed Project al082
Compiling Llvm bytecode for preprocessed Project al085
Compiling Llvm bytecode for preprocessed Project al086
Compiling Llvm bytecode for preprocessed Project al090
Compiling Llvm bytecode for preprocessed Project al092
Compiling Llvm bytecode for preprocessed Project al094
Compiling Llvm bytecode for preprocessed Project al099
Compiling Llvm bytecode for preprocessed Project al101
Compiling Llvm bytecode for preprocessed Project al102
Compiling Llvm bytecode for preprocessed Project al103
Compiling Llvm bytecode for preprocessed Project al104
Compiling Llvm bytecode for preprocessed Project al105
Compiling Llvm bytecode for preprocessed Project al108
Compiling Llvm bytecode for preprocessed Project al111
Compiling Llvm bytecode for preprocessed Project al114
Compiling Llvm bytecode for preprocessed Project al117
Compiling Llvm bytecode for preprocessed Project al119
Compiling Llvm bytecode for preprocessed Project al120
Compiling Llvm bytecode for preprocessed Project al121
Compiling Llvm bytecode for preprocessed Project al123
Compiling Llvm bytecode for preprocessed Project al124
Compiling Llvm bytecode for preprocessed Project al125
Compiling Llvm bytecode for preprocessed Project al126
Compiling Llvm bytecode for preprocessed Project al127
Compiling Llvm bytecode for preprocessed Project al128
Compiling Llvm bytecode for preprocessed Project al131
Compiling Llvm bytecode for preprocessed Project al132
Compiling Llvm bytecode for preprocessed Project al133
Compiling Llvm bytecode for preprocessed Project al135
Compiling Llvm bytecode for preprocessed Project al136
Compiling Llvm bytecode for preprocessed Project al137
Compiling Llvm bytecode for preprocessed Project al142
Compiling Llvm bytecode for preprocessed Project al144
Compiling Llvm bytecode for preprocessed Project al146
Compiling Llvm bytecode for preprocessed Project al147
Compiling Llvm bytecode for preprocessed Project al149
Compiling Llvm bytecode for preprocessed Project al150
Compiling Llvm bytecode for preprocessed Project al151
Compiling Llvm bytecode for preprocessed Project al152
Compiling Llvm bytecode for preprocessed Project al153
Compiling Llvm bytecode for preprocessed Project al154
Compiling Llvm bytecode for preprocessed Project al156
Compiling Llvm bytecode for preprocessed Project al157
Compiling Llvm bytecode for preprocessed Project al160
Compiling Llvm bytecode for preprocessed Project al166
Compiling Llvm bytecode for preprocessed Project al167
Compiling Llvm bytecode for preprocessed Project al168
Compiling Llvm bytecode for preprocessed Project al170
Compiling Llvm bytecode for preprocessed Project al171
Compiling Llvm bytecode for preprocessed Project tp001
Compiling Llvm bytecode for preprocessed Project tp002
Compiling Llvm bytecode for preprocessed Project tp004
Compiling Llvm bytecode for preprocessed Project tp008
Compiling Llvm bytecode for preprocessed Project tp009
Compiling Llvm bytecode for preprocessed Project tp011
Compiling Llvm bytecode for preprocessed Project tp012
Compiling Llvm bytecode for preprocessed Project tp013
Compiling Llvm bytecode for preprocessed Project tp015
Compiling Llvm bytecode for preprocessed Project tp021
Compiling Llvm bytecode for preprocessed Project tp023
Compiling Llvm bytecode for preprocessed Project tp025
Compiling Llvm bytecode for preprocessed Project tp027
Compiling Llvm bytecode for preprocessed Project tp031
Compiling Llvm bytecode for preprocessed Project tp032
Compiling Llvm bytecode for preprocessed Project tp033
Compiling Llvm bytecode for preprocessed Project tp034
Compiling Llvm bytecode for preprocessed Project tp038
Compiling Llvm bytecode for preprocessed Project tp041
Compiling Llvm bytecode for preprocessed Project tp045
Compiling Llvm bytecode for preprocessed Project tp050
Compiling Llvm bytecode for preprocessed Project tp051
Compiling Llvm bytecode for preprocessed Project tp052
Compiling Llvm bytecode for preprocessed Project tp053
Compiling Llvm bytecode for preprocessed Project tp054
Compiling Llvm bytecode for preprocessed Project tp056
Compiling Llvm bytecode for preprocessed Project tp057
Compiling Llvm bytecode for preprocessed Project tp060
Compiling Llvm bytecode for preprocessed Project tp062
Compiling Llvm bytecode for preprocessed Project tp068
klee -output-dir=Results/Klee/Projects/asa_1920_p1/Fri_Aug_26_00:54:49_2022/Project_al003 --posix-runtime --libc=uclibc --only-output-states-covering-new -max-time=900 --watchdog Projects/asa_1920_p1/al003/preprocessed/al003.bc -sym-stdin 10
klee -output-dir=Results/Klee/Projects/asa_1920_p1/Fri_Aug_26_00:54:49_2022/Project_al005 --posix-runtime --libc=uclibc --only-output-states-covering-new -max-time=900 --watchdog Projects/asa_1920_p1/al005/preprocessed/al005.bc -sym-stdin 10
klee -output-dir=Results/Klee/Projects/asa_1920_p1/Fri_Aug_26_00:54:49_2022/Project_al008 --posix-runtime --libc=uclibc --only-output-states-covering-new -max-time=900 --watchdog Projects/asa_1920_p1/al008/preprocessed/al008.bc -sym-stdin 10
klee -output-dir=Results/Klee/Projects/asa_1920_p1/Fri_Aug_26_00:54:49_2022/Project_al001 --posix-runtime --libc=uclibc --only-output-states-covering-new -max-time=900 --watchdog Projects/asa_1920_p1/al001/preprocessed/al001.bc -sym-stdin 10
klee -output-dir=Results/Klee/Projects/asa_1920_p1/Fri_Aug_26_00:54:49_2022/Project_al012 --posix-runtime --libc=uclibc --only-output-states-covering-new -max-time=900 --watchdog Projects/asa_1920_p1/al012/preprocessed/al012.bc -sym-stdin 10
klee -output-dir=Results/Klee/Projects/asa_1920_p1/Fri_Aug_26_00:54:49_2022/Project_al015 --posix-runtime --libc=uclibc --only-output-states-covering-new -max-time=900 --watchdog Projects/asa_1920_p1/al015/preprocessed/al015.bc -sym-stdin 10
klee -output-dir=Results/Klee/Projects/asa_1920_p1/Fri_Aug_26_00:54:49_2022/Project_al019 --posix-runtime --libc=uclibc --only-output-states-covering-new -max-time=900 --watchdog Projects/asa_1920_p1/al019/preprocessed/al019.bc -sym-stdin 10

[!] 15min Timeout Detected: ['klee', '-output-dir=Results/Klee/Projects/asa_1920_p1/Fri_Aug_26_00:54:49_2022/Project_al003', '--posix-runtime', '--libc=uclibc', '--only-output-states-covering-new', '-max-time=900', '--watchdog', 'Projects/asa_1920_p1/al003/preprocessed/al003.bc', '-sym-stdin 10']
klee -output-dir=Results/Klee/Projects/asa_1920_p1/Fri_Aug_26_00:54:49_2022/Project_al011 --posix-runtime --libc=uclibc --only-output-states-covering-new -max-time=900 --watchdog Projects/asa_1920_p1/al011/preprocessed/al011.bc -sym-stdin 10

[!] 15min Timeout Detected: ['klee', '-output-dir=Results/Klee/Projects/asa_1920_p1/Fri_Aug_26_00:54:49_2022/Project_al001', '--posix-runtime', '--libc=uclibc', '--only-output-states-covering-new', '-max-time=900', '--watchdog', 'Projects/asa_1920_p1/al001/preprocessed/al001.bc', '-sym-stdin 10']
klee -output-dir=Results/Klee/Projects/asa_1920_p1/Fri_Aug_26_00:54:49_2022/Project_al009 --posix-runtime --libc=uclibc --only-output-states-covering-new -max-time=900 --watchdog Projects/asa_1920_p1/al009/preprocessed/al009.bc -sym-stdin 10
klee -output-dir=Results/Klee/Projects/asa_1920_p1/Fri_Aug_26_00:54:49_2022/Project_al021 --posix-runtime --libc=uclibc --only-output-states-covering-new -max-time=900 --watchdog Projects/asa_1920_p1/al021/preprocessed/al021.bc -sym-stdin 10

[!] 15min Timeout Detected: ['klee', '-output-dir=Results/Klee/Projects/asa_1920_p1/Fri_Aug_26_00:54:49_2022/Project_al019', '--posix-runtime', '--libc=uclibc', '--only-output-states-covering-new', '-max-time=900', '--watchdog', 'Projects/asa_1920_p1/al019/preprocessed/al019.bc', '-sym-stdin 10']
klee -output-dir=Results/Klee/Projects/asa_1920_p1/Fri_Aug_26_00:54:49_2022/Project_al025 --posix-runtime --libc=uclibc --only-output-states-covering-new -max-time=900 --watchdog Projects/asa_1920_p1/al025/preprocessed/al025.bc -sym-stdin 10
klee -output-dir=Results/Klee/Projects/asa_1920_p1/Fri_Aug_26_00:54:49_2022/Project_al017 --posix-runtime --libc=uclibc --only-output-states-covering-new -max-time=900 --watchdog Projects/asa_1920_p1/al017/preprocessed/al017.bc -sym-stdin 10
klee -output-dir=Results/Klee/Projects/asa_1920_p1/Fri_Aug_26_00:54:49_2022/Project_al029 --posix-runtime --libc=uclibc --only-output-states-covering-new -max-time=900 --watchdog Projects/asa_1920_p1/al029/preprocessed/al029.bc -sym-stdin 10

[!] 15min Timeout Detected: ['klee', '-output-dir=Results/Klee/Projects/asa_1920_p1/Fri_Aug_26_00:54:49_2022/Project_al009', '--posix-runtime', '--libc=uclibc', '--only-output-states-covering-new', '-max-time=900', '--watchdog', 'Projects/asa_1920_p1/al009/preprocessed/al009.bc', '-sym-stdin 10']
klee -output-dir=Results/Klee/Projects/asa_1920_p1/Fri_Aug_26_00:54:49_2022/Project_al016 --posix-runtime --libc=uclibc --only-output-states-covering-new -max-time=900 --watchdog Projects/asa_1920_p1/al016/preprocessed/al016.bc -sym-stdin 10

[!] 15min Timeout Detected: ['klee', '-output-dir=Results/Klee/Projects/asa_1920_p1/Fri_Aug_26_00:54:49_2022/Project_al025', '--posix-runtime', '--libc=uclibc', '--only-output-states-covering-new', '-max-time=900', '--watchdog', 'Projects/asa_1920_p1/al025/preprocessed/al025.bc', '-sym-stdin 10']
klee -output-dir=Results/Klee/Projects/asa_1920_p1/Fri_Aug_26_00:54:49_2022/Project_al033 --posix-runtime --libc=uclibc --only-output-states-covering-new -max-time=900 --watchdog Projects/asa_1920_p1/al033/preprocessed/al033.bc -sym-stdin 10
klee -output-dir=Results/Klee/Projects/asa_1920_p1/Fri_Aug_26_00:54:49_2022/Project_al044 --posix-runtime --libc=uclibc --only-output-states-covering-new -max-time=900 --watchdog Projects/asa_1920_p1/al044/preprocessed/al044.bc -sym-stdin 10

[!] 15min Timeout Detected: ['klee', '-output-dir=Results/Klee/Projects/asa_1920_p1/Fri_Aug_26_00:54:49_2022/Project_al017', '--posix-runtime', '--libc=uclibc', '--only-output-states-covering-new', '-max-time=900', '--watchdog', 'Projects/asa_1920_p1/al017/preprocessed/al017.bc', '-sym-stdin 10']
klee -output-dir=Results/Klee/Projects/asa_1920_p1/Fri_Aug_26_00:54:49_2022/Project_al024 --posix-runtime --libc=uclibc --only-output-states-covering-new -max-time=900 --watchdog Projects/asa_1920_p1/al024/preprocessed/al024.bc -sym-stdin 10
klee -output-dir=Results/Klee/Projects/asa_1920_p1/Fri_Aug_26_00:54:49_2022/Project_al031 --posix-runtime --libc=uclibc --only-output-states-covering-new -max-time=900 --watchdog Projects/asa_1920_p1/al031/preprocessed/al031.bc -sym-stdin 10
klee -output-dir=Results/Klee/Projects/asa_1920_p1/Fri_Aug_26_00:54:49_2022/Project_al035 --posix-runtime --libc=uclibc --only-output-states-covering-new -max-time=900 --watchdog Projects/asa_1920_p1/al035/preprocessed/al035.bc -sym-stdin 10

[!] 15min Timeout Detected: ['klee', '-output-dir=Results/Klee/Projects/asa_1920_p1/Fri_Aug_26_00:54:49_2022/Project_al016', '--posix-runtime', '--libc=uclibc', '--only-output-states-covering-new', '-max-time=900', '--watchdog', 'Projects/asa_1920_p1/al016/preprocessed/al016.bc', '-sym-stdin 10']
klee -output-dir=Results/Klee/Projects/asa_1920_p1/Fri_Aug_26_00:54:49_2022/Project_al023 --posix-runtime --libc=uclibc --only-output-states-covering-new -max-time=900 --watchdog Projects/asa_1920_p1/al023/preprocessed/al023.bc -sym-stdin 10

[!] 15min Timeout Detected: ['klee', '-output-dir=Results/Klee/Projects/asa_1920_p1/Fri_Aug_26_00:54:49_2022/Project_al044', '--posix-runtime', '--libc=uclibc', '--only-output-states-covering-new', '-max-time=900', '--watchdog', 'Projects/asa_1920_p1/al044/preprocessed/al044.bc', '-sym-stdin 10']
klee -output-dir=Results/Klee/Projects/asa_1920_p1/Fri_Aug_26_00:54:49_2022/Project_al055 --posix-runtime --libc=uclibc --only-output-states-covering-new -max-time=900 --watchdog Projects/asa_1920_p1/al055/preprocessed/al055.bc -sym-stdin 10
klee -output-dir=Results/Klee/Projects/asa_1920_p1/Fri_Aug_26_00:54:49_2022/Project_al066 --posix-runtime --libc=uclibc --only-output-states-covering-new -max-time=900 --watchdog Projects/asa_1920_p1/al066/preprocessed/al066.bc -sym-stdin 10
klee -output-dir=Results/Klee/Projects/asa_1920_p1/Fri_Aug_26_00:54:49_2022/Project_al076 --posix-runtime --libc=uclibc --only-output-states-covering-new -max-time=900 --watchdog Projects/asa_1920_p1/al076/preprocessed/al076.bc -sym-stdin 10

[!] 15min Timeout Detected: ['klee', '-output-dir=Results/Klee/Projects/asa_1920_p1/Fri_Aug_26_00:54:49_2022/Project_al031', '--posix-runtime', '--libc=uclibc', '--only-output-states-covering-new', '-max-time=900', '--watchdog', 'Projects/asa_1920_p1/al031/preprocessed/al031.bc', '-sym-stdin 10']
klee -output-dir=Results/Klee/Projects/asa_1920_p1/Fri_Aug_26_00:54:49_2022/Project_al038 --posix-runtime --libc=uclibc --only-output-states-covering-new -max-time=900 --watchdog Projects/asa_1920_p1/al038/preprocessed/al038.bc -sym-stdin 10

[!] 15min Timeout Detected: ['klee', '-output-dir=Results/Klee/Projects/asa_1920_p1/Fri_Aug_26_00:54:49_2022/Project_al035', '--posix-runtime', '--libc=uclibc', '--only-output-states-covering-new', '-max-time=900', '--watchdog', 'Projects/asa_1920_p1/al035/preprocessed/al035.bc', '-sym-stdin 10']
klee -output-dir=Results/Klee/Projects/asa_1920_p1/Fri_Aug_26_00:54:49_2022/Project_al046 --posix-runtime --libc=uclibc --only-output-states-covering-new -max-time=900 --watchdog Projects/asa_1920_p1/al046/preprocessed/al046.bc -sym-stdin 10
klee -output-dir=Results/Klee/Projects/asa_1920_p1/Fri_Aug_26_00:54:49_2022/Project_al057 --posix-runtime --libc=uclibc --only-output-states-covering-new -max-time=900 --watchdog Projects/asa_1920_p1/al057/preprocessed/al057.bc -sym-stdin 10

[!] 15min Timeout Detected: ['klee', '-output-dir=Results/Klee/Projects/asa_1920_p1/Fri_Aug_26_00:54:49_2022/Project_al023', '--posix-runtime', '--libc=uclibc', '--only-output-states-covering-new', '-max-time=900', '--watchdog', 'Projects/asa_1920_p1/al023/preprocessed/al023.bc', '-sym-stdin 10']
klee -output-dir=Results/Klee/Projects/asa_1920_p1/Fri_Aug_26_00:54:49_2022/Project_al030 --posix-runtime --libc=uclibc --only-output-states-covering-new -max-time=900 --watchdog Projects/asa_1920_p1/al030/preprocessed/al030.bc -sym-stdin 10

[!] 15min Timeout Detected: ['klee', '-output-dir=Results/Klee/Projects/asa_1920_p1/Fri_Aug_26_00:54:49_2022/Project_al076', '--posix-runtime', '--libc=uclibc', '--only-output-states-covering-new', '-max-time=900', '--watchdog', 'Projects/asa_1920_p1/al076/preprocessed/al076.bc', '-sym-stdin 10']
klee -output-dir=Results/Klee/Projects/asa_1920_p1/Fri_Aug_26_00:54:49_2022/Project_al082 --posix-runtime --libc=uclibc --only-output-states-covering-new -max-time=900 --watchdog Projects/asa_1920_p1/al082/preprocessed/al082.bc -sym-stdin 10

[!] 15min Timeout Detected: ['klee', '-output-dir=Results/Klee/Projects/asa_1920_p1/Fri_Aug_26_00:54:49_2022/Project_al038', '--posix-runtime', '--libc=uclibc', '--only-output-states-covering-new', '-max-time=900', '--watchdog', 'Projects/asa_1920_p1/al038/preprocessed/al038.bc', '-sym-stdin 10']
klee -output-dir=Results/Klee/Projects/asa_1920_p1/Fri_Aug_26_00:54:49_2022/Project_al054 --posix-runtime --libc=uclibc --only-output-states-covering-new -max-time=900 --watchdog Projects/asa_1920_p1/al054/preprocessed/al054.bc -sym-stdin 10
klee -output-dir=Results/Klee/Projects/asa_1920_p1/Fri_Aug_26_00:54:49_2022/Project_al037 --posix-runtime --libc=uclibc --only-output-states-covering-new -max-time=900 --watchdog Projects/asa_1920_p1/al037/preprocessed/al037.bc -sym-stdin 10

[!] 15min Timeout Detected: ['klee', '-output-dir=Results/Klee/Projects/asa_1920_p1/Fri_Aug_26_00:54:49_2022/Project_al057', '--posix-runtime', '--libc=uclibc', '--only-output-states-covering-new', '-max-time=900', '--watchdog', 'Projects/asa_1920_p1/al057/preprocessed/al057.bc', '-sym-stdin 10']
klee -output-dir=Results/Klee/Projects/asa_1920_p1/Fri_Aug_26_00:54:49_2022/Project_al067 --posix-runtime --libc=uclibc --only-output-states-covering-new -max-time=900 --watchdog Projects/asa_1920_p1/al067/preprocessed/al067.bc -sym-stdin 10

[!] 15min Timeout Detected: ['klee', '-output-dir=Results/Klee/Projects/asa_1920_p1/Fri_Aug_26_00:54:49_2022/Project_al082', '--posix-runtime', '--libc=uclibc', '--only-output-states-covering-new', '-max-time=900', '--watchdog', 'Projects/asa_1920_p1/al082/preprocessed/al082.bc', '-sym-stdin 10']
klee -output-dir=Results/Klee/Projects/asa_1920_p1/Fri_Aug_26_00:54:49_2022/Project_al092 --posix-runtime --libc=uclibc --only-output-states-covering-new -max-time=900 --watchdog Projects/asa_1920_p1/al092/preprocessed/al092.bc -sym-stdin 10
klee -output-dir=Results/Klee/Projects/asa_1920_p1/Fri_Aug_26_00:54:49_2022/Project_al065 --posix-runtime --libc=uclibc --only-output-states-covering-new -max-time=900 --watchdog Projects/asa_1920_p1/al065/preprocessed/al065.bc -sym-stdin 10
klee -output-dir=Results/Klee/Projects/asa_1920_p1/Fri_Aug_26_00:54:49_2022/Project_al077 --posix-runtime --libc=uclibc --only-output-states-covering-new -max-time=900 --watchdog Projects/asa_1920_p1/al077/preprocessed/al077.bc -sym-stdin 10

[!] 15min Timeout Detected: ['klee', '-output-dir=Results/Klee/Projects/asa_1920_p1/Fri_Aug_26_00:54:49_2022/Project_al037', '--posix-runtime', '--libc=uclibc', '--only-output-states-covering-new', '-max-time=900', '--watchdog', 'Projects/asa_1920_p1/al037/preprocessed/al037.bc', '-sym-stdin 10']
klee -output-dir=Results/Klee/Projects/asa_1920_p1/Fri_Aug_26_00:54:49_2022/Project_al048 --posix-runtime --libc=uclibc --only-output-states-covering-new -max-time=900 --watchdog Projects/asa_1920_p1/al048/preprocessed/al048.bc -sym-stdin 10

[!] 15min Timeout Detected: ['klee', '-output-dir=Results/Klee/Projects/asa_1920_p1/Fri_Aug_26_00:54:49_2022/Project_al092', '--posix-runtime', '--libc=uclibc', '--only-output-states-covering-new', '-max-time=900', '--watchdog', 'Projects/asa_1920_p1/al092/preprocessed/al092.bc', '-sym-stdin 10']
klee -output-dir=Results/Klee/Projects/asa_1920_p1/Fri_Aug_26_00:54:49_2022/Project_al102 --posix-runtime --libc=uclibc --only-output-states-covering-new -max-time=900 --watchdog Projects/asa_1920_p1/al102/preprocessed/al102.bc -sym-stdin 10
klee -output-dir=Results/Klee/Projects/asa_1920_p1/Fri_Aug_26_00:54:49_2022/Project_al072 --posix-runtime --libc=uclibc --only-output-states-covering-new -max-time=900 --watchdog Projects/asa_1920_p1/al072/preprocessed/al072.bc -sym-stdin 10
klee -output-dir=Results/Klee/Projects/asa_1920_p1/Fri_Aug_26_00:54:49_2022/Project_al081 --posix-runtime --libc=uclibc --only-output-states-covering-new -max-time=900 --watchdog Projects/asa_1920_p1/al081/preprocessed/al081.bc -sym-stdin 10
klee -output-dir=Results/Klee/Projects/asa_1920_p1/Fri_Aug_26_00:54:49_2022/Project_al058 --posix-runtime --libc=uclibc --only-output-states-covering-new -max-time=900 --watchdog Projects/asa_1920_p1/al058/preprocessed/al058.bc -sym-stdin 10

[!] 15min Timeout Detected: ['klee', '-output-dir=Results/Klee/Projects/asa_1920_p1/Fri_Aug_26_00:54:49_2022/Project_al077', '--posix-runtime', '--libc=uclibc', '--only-output-states-covering-new', '-max-time=900', '--watchdog', 'Projects/asa_1920_p1/al077/preprocessed/al077.bc', '-sym-stdin 10']
klee -output-dir=Results/Klee/Projects/asa_1920_p1/Fri_Aug_26_00:54:49_2022/Project_al085 --posix-runtime --libc=uclibc --only-output-states-covering-new -max-time=900 --watchdog Projects/asa_1920_p1/al085/preprocessed/al085.bc -sym-stdin 10
klee -output-dir=Results/Klee/Projects/asa_1920_p1/Fri_Aug_26_00:54:49_2022/Project_al070 --posix-runtime --libc=uclibc --only-output-states-covering-new -max-time=900 --watchdog Projects/asa_1920_p1/al070/preprocessed/al070.bc -sym-stdin 10
klee -output-dir=Results/Klee/Projects/asa_1920_p1/Fri_Aug_26_00:54:49_2022/Project_al108 --posix-runtime --libc=uclibc --only-output-states-covering-new -max-time=900 --watchdog Projects/asa_1920_p1/al108/preprocessed/al108.bc -sym-stdin 10
klee -output-dir=Results/Klee/Projects/asa_1920_p1/Fri_Aug_26_00:54:49_2022/Project_al090 --posix-runtime --libc=uclibc --only-output-states-covering-new -max-time=900 --watchdog Projects/asa_1920_p1/al090/preprocessed/al090.bc -sym-stdin 10
klee -output-dir=Results/Klee/Projects/asa_1920_p1/Fri_Aug_26_00:54:49_2022/Project_al101 --posix-runtime --libc=uclibc --only-output-states-covering-new -max-time=900 --watchdog Projects/asa_1920_p1/al101/preprocessed/al101.bc -sym-stdin 10
klee -output-dir=Results/Klee/Projects/asa_1920_p1/Fri_Aug_26_00:54:49_2022/Project_al080 --posix-runtime --libc=uclibc --only-output-states-covering-new -max-time=900 --watchdog Projects/asa_1920_p1/al080/preprocessed/al080.bc -sym-stdin 10
klee -output-dir=Results/Klee/Projects/asa_1920_p1/Fri_Aug_26_00:54:49_2022/Project_al086 --posix-runtime --libc=uclibc --only-output-states-covering-new -max-time=900 --watchdog Projects/asa_1920_p1/al086/preprocessed/al086.bc -sym-stdin 10

[!] 15min Timeout Detected: ['klee', '-output-dir=Results/Klee/Projects/asa_1920_p1/Fri_Aug_26_00:54:49_2022/Project_al085', '--posix-runtime', '--libc=uclibc', '--only-output-states-covering-new', '-max-time=900', '--watchdog', 'Projects/asa_1920_p1/al085/preprocessed/al085.bc', '-sym-stdin 10']
klee -output-dir=Results/Klee/Projects/asa_1920_p1/Fri_Aug_26_00:54:49_2022/Project_al094 --posix-runtime --libc=uclibc --only-output-states-covering-new -max-time=900 --watchdog Projects/asa_1920_p1/al094/preprocessed/al094.bc -sym-stdin 10
klee -output-dir=Results/Klee/Projects/asa_1920_p1/Fri_Aug_26_00:54:49_2022/Project_al119 --posix-runtime --libc=uclibc --only-output-states-covering-new -max-time=900 --watchdog Projects/asa_1920_p1/al119/preprocessed/al119.bc -sym-stdin 10
klee -output-dir=Results/Klee/Projects/asa_1920_p1/Fri_Aug_26_00:54:49_2022/Project_al124 --posix-runtime --libc=uclibc --only-output-states-covering-new -max-time=900 --watchdog Projects/asa_1920_p1/al124/preprocessed/al124.bc -sym-stdin 10
klee -output-dir=Results/Klee/Projects/asa_1920_p1/Fri_Aug_26_00:54:49_2022/Project_al128 --posix-runtime --libc=uclibc --only-output-states-covering-new -max-time=900 --watchdog Projects/asa_1920_p1/al128/preprocessed/al128.bc -sym-stdin 10
klee -output-dir=Results/Klee/Projects/asa_1920_p1/Fri_Aug_26_00:54:49_2022/Project_al135 --posix-runtime --libc=uclibc --only-output-states-covering-new -max-time=900 --watchdog Projects/asa_1920_p1/al135/preprocessed/al135.bc -sym-stdin 10

[!] 15min Timeout Detected: ['klee', '-output-dir=Results/Klee/Projects/asa_1920_p1/Fri_Aug_26_00:54:49_2022/Project_al101', '--posix-runtime', '--libc=uclibc', '--only-output-states-covering-new', '-max-time=900', '--watchdog', 'Projects/asa_1920_p1/al101/preprocessed/al101.bc', '-sym-stdin 10']
klee -output-dir=Results/Klee/Projects/asa_1920_p1/Fri_Aug_26_00:54:49_2022/Project_al105 --posix-runtime --libc=uclibc --only-output-states-covering-new -max-time=900 --watchdog Projects/asa_1920_p1/al105/preprocessed/al105.bc -sym-stdin 10

[!] 15min Timeout Detected: ['klee', '-output-dir=Results/Klee/Projects/asa_1920_p1/Fri_Aug_26_00:54:49_2022/Project_al086', '--posix-runtime', '--libc=uclibc', '--only-output-states-covering-new', '-max-time=900', '--watchdog', 'Projects/asa_1920_p1/al086/preprocessed/al086.bc', '-sym-stdin 10']
klee -output-dir=Results/Klee/Projects/asa_1920_p1/Fri_Aug_26_00:54:49_2022/Project_al099 --posix-runtime --libc=uclibc --only-output-states-covering-new -max-time=900 --watchdog Projects/asa_1920_p1/al099/preprocessed/al099.bc -sym-stdin 10
klee -output-dir=Results/Klee/Projects/asa_1920_p1/Fri_Aug_26_00:54:49_2022/Project_al104 --posix-runtime --libc=uclibc --only-output-states-covering-new -max-time=900 --watchdog Projects/asa_1920_p1/al104/preprocessed/al104.bc -sym-stdin 10
klee -output-dir=Results/Klee/Projects/asa_1920_p1/Fri_Aug_26_00:54:49_2022/Project_al114 --posix-runtime --libc=uclibc --only-output-states-covering-new -max-time=900 --watchdog Projects/asa_1920_p1/al114/preprocessed/al114.bc -sym-stdin 10
klee -output-dir=Results/Klee/Projects/asa_1920_p1/Fri_Aug_26_00:54:49_2022/Project_al121 --posix-runtime --libc=uclibc --only-output-states-covering-new -max-time=900 --watchdog Projects/asa_1920_p1/al121/preprocessed/al121.bc -sym-stdin 10
klee -output-dir=Results/Klee/Projects/asa_1920_p1/Fri_Aug_26_00:54:49_2022/Project_al126 --posix-runtime --libc=uclibc --only-output-states-covering-new -max-time=900 --watchdog Projects/asa_1920_p1/al126/preprocessed/al126.bc -sym-stdin 10
klee -output-dir=Results/Klee/Projects/asa_1920_p1/Fri_Aug_26_00:54:49_2022/Project_al103 --posix-runtime --libc=uclibc --only-output-states-covering-new -max-time=900 --watchdog Projects/asa_1920_p1/al103/preprocessed/al103.bc -sym-stdin 10

[!] 15min Timeout Detected: ['klee', '-output-dir=Results/Klee/Projects/asa_1920_p1/Fri_Aug_26_00:54:49_2022/Project_al135', '--posix-runtime', '--libc=uclibc', '--only-output-states-covering-new', '-max-time=900', '--watchdog', 'Projects/asa_1920_p1/al135/preprocessed/al135.bc', '-sym-stdin 10']
klee -output-dir=Results/Klee/Projects/asa_1920_p1/Fri_Aug_26_00:54:49_2022/Project_al144 --posix-runtime --libc=uclibc --only-output-states-covering-new -max-time=900 --watchdog Projects/asa_1920_p1/al144/preprocessed/al144.bc -sym-stdin 10

[!] 15min Timeout Detected: ['klee', '-output-dir=Results/Klee/Projects/asa_1920_p1/Fri_Aug_26_00:54:49_2022/Project_al105', '--posix-runtime', '--libc=uclibc', '--only-output-states-covering-new', '-max-time=900', '--watchdog', 'Projects/asa_1920_p1/al105/preprocessed/al105.bc', '-sym-stdin 10']
klee -output-dir=Results/Klee/Projects/asa_1920_p1/Fri_Aug_26_00:54:49_2022/Project_al117 --posix-runtime --libc=uclibc --only-output-states-covering-new -max-time=900 --watchdog Projects/asa_1920_p1/al117/preprocessed/al117.bc -sym-stdin 10

[!] 15min Timeout Detected: ['klee', '-output-dir=Results/Klee/Projects/asa_1920_p1/Fri_Aug_26_00:54:49_2022/Project_al126', '--posix-runtime', '--libc=uclibc', '--only-output-states-covering-new', '-max-time=900', '--watchdog', 'Projects/asa_1920_p1/al126/preprocessed/al126.bc', '-sym-stdin 10']
klee -output-dir=Results/Klee/Projects/asa_1920_p1/Fri_Aug_26_00:54:49_2022/Project_al132 --posix-runtime --libc=uclibc --only-output-states-covering-new -max-time=900 --watchdog Projects/asa_1920_p1/al132/preprocessed/al132.bc -sym-stdin 10

[!] 15min Timeout Detected: ['klee', '-output-dir=Results/Klee/Projects/asa_1920_p1/Fri_Aug_26_00:54:49_2022/Project_al103', '--posix-runtime', '--libc=uclibc', '--only-output-states-covering-new', '-max-time=900', '--watchdog', 'Projects/asa_1920_p1/al103/preprocessed/al103.bc', '-sym-stdin 10']
klee -output-dir=Results/Klee/Projects/asa_1920_p1/Fri_Aug_26_00:54:49_2022/Project_al111 --posix-runtime --libc=uclibc --only-output-states-covering-new -max-time=900 --watchdog Projects/asa_1920_p1/al111/preprocessed/al111.bc -sym-stdin 10
klee -output-dir=Results/Klee/Projects/asa_1920_p1/Fri_Aug_26_00:54:49_2022/Project_al150 --posix-runtime --libc=uclibc --only-output-states-covering-new -max-time=900 --watchdog Projects/asa_1920_p1/al150/preprocessed/al150.bc -sym-stdin 10

[!] 15min Timeout Detected: ['klee', '-output-dir=Results/Klee/Projects/asa_1920_p1/Fri_Aug_26_00:54:49_2022/Project_al117', '--posix-runtime', '--libc=uclibc', '--only-output-states-covering-new', '-max-time=900', '--watchdog', 'Projects/asa_1920_p1/al117/preprocessed/al117.bc', '-sym-stdin 10']
klee -output-dir=Results/Klee/Projects/asa_1920_p1/Fri_Aug_26_00:54:49_2022/Project_al123 --posix-runtime --libc=uclibc --only-output-states-covering-new -max-time=900 --watchdog Projects/asa_1920_p1/al123/preprocessed/al123.bc -sym-stdin 10
klee -output-dir=Results/Klee/Projects/asa_1920_p1/Fri_Aug_26_00:54:49_2022/Project_al127 --posix-runtime --libc=uclibc --only-output-states-covering-new -max-time=900 --watchdog Projects/asa_1920_p1/al127/preprocessed/al127.bc -sym-stdin 10

[!] 15min Timeout Detected: ['klee', '-output-dir=Results/Klee/Projects/asa_1920_p1/Fri_Aug_26_00:54:49_2022/Project_al132', '--posix-runtime', '--libc=uclibc', '--only-output-states-covering-new', '-max-time=900', '--watchdog', 'Projects/asa_1920_p1/al132/preprocessed/al132.bc', '-sym-stdin 10']
klee -output-dir=Results/Klee/Projects/asa_1920_p1/Fri_Aug_26_00:54:49_2022/Project_al137 --posix-runtime --libc=uclibc --only-output-states-covering-new -max-time=900 --watchdog Projects/asa_1920_p1/al137/preprocessed/al137.bc -sym-stdin 10
klee -output-dir=Results/Klee/Projects/asa_1920_p1/Fri_Aug_26_00:54:49_2022/Project_al147 --posix-runtime --libc=uclibc --only-output-states-covering-new -max-time=900 --watchdog Projects/asa_1920_p1/al147/preprocessed/al147.bc -sym-stdin 10
klee -output-dir=Results/Klee/Projects/asa_1920_p1/Fri_Aug_26_00:54:49_2022/Project_al152 --posix-runtime --libc=uclibc --only-output-states-covering-new -max-time=900 --watchdog Projects/asa_1920_p1/al152/preprocessed/al152.bc -sym-stdin 10
klee -output-dir=Results/Klee/Projects/asa_1920_p1/Fri_Aug_26_00:54:49_2022/Project_al120 --posix-runtime --libc=uclibc --only-output-states-covering-new -max-time=900 --watchdog Projects/asa_1920_p1/al120/preprocessed/al120.bc -sym-stdin 10

[!] 15min Timeout Detected: ['klee', '-output-dir=Results/Klee/Projects/asa_1920_p1/Fri_Aug_26_00:54:49_2022/Project_al150', '--posix-runtime', '--libc=uclibc', '--only-output-states-covering-new', '-max-time=900', '--watchdog', 'Projects/asa_1920_p1/al150/preprocessed/al150.bc', '-sym-stdin 10']
klee -output-dir=Results/Klee/Projects/asa_1920_p1/Fri_Aug_26_00:54:49_2022/Project_al154 --posix-runtime --libc=uclibc --only-output-states-covering-new -max-time=900 --watchdog Projects/asa_1920_p1/al154/preprocessed/al154.bc -sym-stdin 10

[!] 15min Timeout Detected: ['klee', '-output-dir=Results/Klee/Projects/asa_1920_p1/Fri_Aug_26_00:54:49_2022/Project_al127', '--posix-runtime', '--libc=uclibc', '--only-output-states-covering-new', '-max-time=900', '--watchdog', 'Projects/asa_1920_p1/al127/preprocessed/al127.bc', '-sym-stdin 10']
klee -output-dir=Results/Klee/Projects/asa_1920_p1/Fri_Aug_26_00:54:49_2022/Project_al133 --posix-runtime --libc=uclibc --only-output-states-covering-new -max-time=900 --watchdog Projects/asa_1920_p1/al133/preprocessed/al133.bc -sym-stdin 10

[!] 15min Timeout Detected: ['klee', '-output-dir=Results/Klee/Projects/asa_1920_p1/Fri_Aug_26_00:54:49_2022/Project_al152', '--posix-runtime', '--libc=uclibc', '--only-output-states-covering-new', '-max-time=900', '--watchdog', 'Projects/asa_1920_p1/al152/preprocessed/al152.bc', '-sym-stdin 10']
klee -output-dir=Results/Klee/Projects/asa_1920_p1/Fri_Aug_26_00:54:49_2022/Project_al157 --posix-runtime --libc=uclibc --only-output-states-covering-new -max-time=900 --watchdog Projects/asa_1920_p1/al157/preprocessed/al157.bc -sym-stdin 10
klee -output-dir=Results/Klee/Projects/asa_1920_p1/Fri_Aug_26_00:54:49_2022/Project_al168 --posix-runtime --libc=uclibc --only-output-states-covering-new -max-time=900 --watchdog Projects/asa_1920_p1/al168/preprocessed/al168.bc -sym-stdin 10
klee -output-dir=Results/Klee/Projects/asa_1920_p1/Fri_Aug_26_00:54:49_2022/Project_al125 --posix-runtime --libc=uclibc --only-output-states-covering-new -max-time=900 --watchdog Projects/asa_1920_p1/al125/preprocessed/al125.bc -sym-stdin 10
klee -output-dir=Results/Klee/Projects/asa_1920_p1/Fri_Aug_26_00:54:49_2022/Project_al131 --posix-runtime --libc=uclibc --only-output-states-covering-new -max-time=900 --watchdog Projects/asa_1920_p1/al131/preprocessed/al131.bc -sym-stdin 10
klee -output-dir=Results/Klee/Projects/asa_1920_p1/Fri_Aug_26_00:54:49_2022/Project_al136 --posix-runtime --libc=uclibc --only-output-states-covering-new -max-time=900 --watchdog Projects/asa_1920_p1/al136/preprocessed/al136.bc -sym-stdin 10

[!] 15min Timeout Detected: ['klee', '-output-dir=Results/Klee/Projects/asa_1920_p1/Fri_Aug_26_00:54:49_2022/Project_al154', '--posix-runtime', '--libc=uclibc', '--only-output-states-covering-new', '-max-time=900', '--watchdog', 'Projects/asa_1920_p1/al154/preprocessed/al154.bc', '-sym-stdin 10']
klee -output-dir=Results/Klee/Projects/asa_1920_p1/Fri_Aug_26_00:54:49_2022/Project_al166 --posix-runtime --libc=uclibc --only-output-states-covering-new -max-time=900 --watchdog Projects/asa_1920_p1/al166/preprocessed/al166.bc -sym-stdin 10

[!] 15min Timeout Detected: ['klee', '-output-dir=Results/Klee/Projects/asa_1920_p1/Fri_Aug_26_00:54:49_2022/Project_al133', '--posix-runtime', '--libc=uclibc', '--only-output-states-covering-new', '-max-time=900', '--watchdog', 'Projects/asa_1920_p1/al133/preprocessed/al133.bc', '-sym-stdin 10']
klee -output-dir=Results/Klee/Projects/asa_1920_p1/Fri_Aug_26_00:54:49_2022/Project_al142 --posix-runtime --libc=uclibc --only-output-states-covering-new -max-time=900 --watchdog Projects/asa_1920_p1/al142/preprocessed/al142.bc -sym-stdin 10

[!] 15min Timeout Detected: ['klee', '-output-dir=Results/Klee/Projects/asa_1920_p1/Fri_Aug_26_00:54:49_2022/Project_al168', '--posix-runtime', '--libc=uclibc', '--only-output-states-covering-new', '-max-time=900', '--watchdog', 'Projects/asa_1920_p1/al168/preprocessed/al168.bc', '-sym-stdin 10']
klee -output-dir=Results/Klee/Projects/asa_1920_p1/Fri_Aug_26_00:54:49_2022/Project_tp002 --posix-runtime --libc=uclibc --only-output-states-covering-new -max-time=900 --watchdog Projects/asa_1920_p1/tp002/preprocessed/tp002.bc -sym-stdin 10

[!] 15min Timeout Detected: ['klee', '-output-dir=Results/Klee/Projects/asa_1920_p1/Fri_Aug_26_00:54:49_2022/Project_al136', '--posix-runtime', '--libc=uclibc', '--only-output-states-covering-new', '-max-time=900', '--watchdog', 'Projects/asa_1920_p1/al136/preprocessed/al136.bc', '-sym-stdin 10']
klee -output-dir=Results/Klee/Projects/asa_1920_p1/Fri_Aug_26_00:54:49_2022/Project_al146 --posix-runtime --libc=uclibc --only-output-states-covering-new -max-time=900 --watchdog Projects/asa_1920_p1/al146/preprocessed/al146.bc -sym-stdin 10

[!] 15min Timeout Detected: ['klee', '-output-dir=Results/Klee/Projects/asa_1920_p1/Fri_Aug_26_00:54:49_2022/Project_al166', '--posix-runtime', '--libc=uclibc', '--only-output-states-covering-new', '-max-time=900', '--watchdog', 'Projects/asa_1920_p1/al166/preprocessed/al166.bc', '-sym-stdin 10']
klee -output-dir=Results/Klee/Projects/asa_1920_p1/Fri_Aug_26_00:54:49_2022/Project_al171 --posix-runtime --libc=uclibc --only-output-states-covering-new -max-time=900 --watchdog Projects/asa_1920_p1/al171/preprocessed/al171.bc -sym-stdin 10

[!] 15min Timeout Detected: ['klee', '-output-dir=Results/Klee/Projects/asa_1920_p1/Fri_Aug_26_00:54:49_2022/Project_al142', '--posix-runtime', '--libc=uclibc', '--only-output-states-covering-new', '-max-time=900', '--watchdog', 'Projects/asa_1920_p1/al142/preprocessed/al142.bc', '-sym-stdin 10']
klee -output-dir=Results/Klee/Projects/asa_1920_p1/Fri_Aug_26_00:54:49_2022/Project_al149 --posix-runtime --libc=uclibc --only-output-states-covering-new -max-time=900 --watchdog Projects/asa_1920_p1/al149/preprocessed/al149.bc -sym-stdin 10
klee -output-dir=Results/Klee/Projects/asa_1920_p1/Fri_Aug_26_00:54:49_2022/Project_al153 --posix-runtime --libc=uclibc --only-output-states-covering-new -max-time=900 --watchdog Projects/asa_1920_p1/al153/preprocessed/al153.bc -sym-stdin 10

[!] 15min Timeout Detected: ['klee', '-output-dir=Results/Klee/Projects/asa_1920_p1/Fri_Aug_26_00:54:49_2022/Project_tp002', '--posix-runtime', '--libc=uclibc', '--only-output-states-covering-new', '-max-time=900', '--watchdog', 'Projects/asa_1920_p1/tp002/preprocessed/tp002.bc', '-sym-stdin 10']
klee -output-dir=Results/Klee/Projects/asa_1920_p1/Fri_Aug_26_00:54:49_2022/Project_tp011 --posix-runtime --libc=uclibc --only-output-states-covering-new -max-time=900 --watchdog Projects/asa_1920_p1/tp011/preprocessed/tp011.bc -sym-stdin 10

[!] 15min Timeout Detected: ['klee', '-output-dir=Results/Klee/Projects/asa_1920_p1/Fri_Aug_26_00:54:49_2022/Project_al146', '--posix-runtime', '--libc=uclibc', '--only-output-states-covering-new', '-max-time=900', '--watchdog', 'Projects/asa_1920_p1/al146/preprocessed/al146.bc', '-sym-stdin 10']
klee -output-dir=Results/Klee/Projects/asa_1920_p1/Fri_Aug_26_00:54:49_2022/Project_al151 --posix-runtime --libc=uclibc --only-output-states-covering-new -max-time=900 --watchdog Projects/asa_1920_p1/al151/preprocessed/al151.bc -sym-stdin 10

[!] 15min Timeout Detected: ['klee', '-output-dir=Results/Klee/Projects/asa_1920_p1/Fri_Aug_26_00:54:49_2022/Project_al171', '--posix-runtime', '--libc=uclibc', '--only-output-states-covering-new', '-max-time=900', '--watchdog', 'Projects/asa_1920_p1/al171/preprocessed/al171.bc', '-sym-stdin 10']
klee -output-dir=Results/Klee/Projects/asa_1920_p1/Fri_Aug_26_00:54:49_2022/Project_tp008 --posix-runtime --libc=uclibc --only-output-states-covering-new -max-time=900 --watchdog Projects/asa_1920_p1/tp008/preprocessed/tp008.bc -sym-stdin 10

[!] 15min Timeout Detected: ['klee', '-output-dir=Results/Klee/Projects/asa_1920_p1/Fri_Aug_26_00:54:49_2022/Project_al153', '--posix-runtime', '--libc=uclibc', '--only-output-states-covering-new', '-max-time=900', '--watchdog', 'Projects/asa_1920_p1/al153/preprocessed/al153.bc', '-sym-stdin 10']
klee -output-dir=Results/Klee/Projects/asa_1920_p1/Fri_Aug_26_00:54:49_2022/Project_al160 --posix-runtime --libc=uclibc --only-output-states-covering-new -max-time=900 --watchdog Projects/asa_1920_p1/al160/preprocessed/al160.bc -sym-stdin 10
klee -output-dir=Results/Klee/Projects/asa_1920_p1/Fri_Aug_26_00:54:49_2022/Project_tp021 --posix-runtime --libc=uclibc --only-output-states-covering-new -max-time=900 --watchdog Projects/asa_1920_p1/tp021/preprocessed/tp021.bc -sym-stdin 10
klee -output-dir=Results/Klee/Projects/asa_1920_p1/Fri_Aug_26_00:54:49_2022/Project_al156 --posix-runtime --libc=uclibc --only-output-states-covering-new -max-time=900 --watchdog Projects/asa_1920_p1/al156/preprocessed/al156.bc -sym-stdin 10

[!] 15min Timeout Detected: ['klee', '-output-dir=Results/Klee/Projects/asa_1920_p1/Fri_Aug_26_00:54:49_2022/Project_tp008', '--posix-runtime', '--libc=uclibc', '--only-output-states-covering-new', '-max-time=900', '--watchdog', 'Projects/asa_1920_p1/tp008/preprocessed/tp008.bc', '-sym-stdin 10']
klee -output-dir=Results/Klee/Projects/asa_1920_p1/Fri_Aug_26_00:54:49_2022/Project_tp013 --posix-runtime --libc=uclibc --only-output-states-covering-new -max-time=900 --watchdog Projects/asa_1920_p1/tp013/preprocessed/tp013.bc -sym-stdin 10
klee -output-dir=Results/Klee/Projects/asa_1920_p1/Fri_Aug_26_00:54:49_2022/Project_tp025 --posix-runtime --libc=uclibc --only-output-states-covering-new -max-time=900 --watchdog Projects/asa_1920_p1/tp025/preprocessed/tp025.bc -sym-stdin 10
klee -output-dir=Results/Klee/Projects/asa_1920_p1/Fri_Aug_26_00:54:49_2022/Project_tp033 --posix-runtime --libc=uclibc --only-output-states-covering-new -max-time=900 --watchdog Projects/asa_1920_p1/tp033/preprocessed/tp033.bc -sym-stdin 10
klee -output-dir=Results/Klee/Projects/asa_1920_p1/Fri_Aug_26_00:54:49_2022/Project_tp045 --posix-runtime --libc=uclibc --only-output-states-covering-new -max-time=900 --watchdog Projects/asa_1920_p1/tp045/preprocessed/tp045.bc -sym-stdin 10
klee -output-dir=Results/Klee/Projects/asa_1920_p1/Fri_Aug_26_00:54:49_2022/Project_al170 --posix-runtime --libc=uclibc --only-output-states-covering-new -max-time=900 --watchdog Projects/asa_1920_p1/al170/preprocessed/al170.bc -sym-stdin 10
klee -output-dir=Results/Klee/Projects/asa_1920_p1/Fri_Aug_26_00:54:49_2022/Project_tp004 --posix-runtime --libc=uclibc --only-output-states-covering-new -max-time=900 --watchdog Projects/asa_1920_p1/tp004/preprocessed/tp004.bc -sym-stdin 10
klee -output-dir=Results/Klee/Projects/asa_1920_p1/Fri_Aug_26_00:54:49_2022/Project_tp031 --posix-runtime --libc=uclibc --only-output-states-covering-new -max-time=900 --watchdog Projects/asa_1920_p1/tp031/preprocessed/tp031.bc -sym-stdin 10
klee -output-dir=Results/Klee/Projects/asa_1920_p1/Fri_Aug_26_00:54:49_2022/Project_tp038 --posix-runtime --libc=uclibc --only-output-states-covering-new -max-time=900 --watchdog Projects/asa_1920_p1/tp038/preprocessed/tp038.bc -sym-stdin 10

[!] 15min Timeout Detected: ['klee', '-output-dir=Results/Klee/Projects/asa_1920_p1/Fri_Aug_26_00:54:49_2022/Project_al156', '--posix-runtime', '--libc=uclibc', '--only-output-states-covering-new', '-max-time=900', '--watchdog', 'Projects/asa_1920_p1/al156/preprocessed/al156.bc', '-sym-stdin 10']
klee -output-dir=Results/Klee/Projects/asa_1920_p1/Fri_Aug_26_00:54:49_2022/Project_al167 --posix-runtime --libc=uclibc --only-output-states-covering-new -max-time=900 --watchdog Projects/asa_1920_p1/al167/preprocessed/al167.bc -sym-stdin 10

[!] 15min Timeout Detected: ['klee', '-output-dir=Results/Klee/Projects/asa_1920_p1/Fri_Aug_26_00:54:49_2022/Project_tp045', '--posix-runtime', '--libc=uclibc', '--only-output-states-covering-new', '-max-time=900', '--watchdog', 'Projects/asa_1920_p1/tp045/preprocessed/tp045.bc', '-sym-stdin 10']
klee -output-dir=Results/Klee/Projects/asa_1920_p1/Fri_Aug_26_00:54:49_2022/Project_tp053 --posix-runtime --libc=uclibc --only-output-states-covering-new -max-time=900 --watchdog Projects/asa_1920_p1/tp053/preprocessed/tp053.bc -sym-stdin 10
klee -output-dir=Results/Klee/Projects/asa_1920_p1/Fri_Aug_26_00:54:49_2022/Project_tp012 --posix-runtime --libc=uclibc --only-output-states-covering-new -max-time=900 --watchdog Projects/asa_1920_p1/tp012/preprocessed/tp012.bc -sym-stdin 10

[!] 15min Timeout Detected: ['klee', '-output-dir=Results/Klee/Projects/asa_1920_p1/Fri_Aug_26_00:54:49_2022/Project_tp038', '--posix-runtime', '--libc=uclibc', '--only-output-states-covering-new', '-max-time=900', '--watchdog', 'Projects/asa_1920_p1/tp038/preprocessed/tp038.bc', '-sym-stdin 10']
klee -output-dir=Results/Klee/Projects/asa_1920_p1/Fri_Aug_26_00:54:49_2022/Project_tp051 --posix-runtime --libc=uclibc --only-output-states-covering-new -max-time=900 --watchdog Projects/asa_1920_p1/tp051/preprocessed/tp051.bc -sym-stdin 10
klee -output-dir=Results/Klee/Projects/asa_1920_p1/Fri_Aug_26_00:54:49_2022/Project_tp056 --posix-runtime --libc=uclibc --only-output-states-covering-new -max-time=900 --watchdog Projects/asa_1920_p1/tp056/preprocessed/tp056.bc -sym-stdin 10
klee -output-dir=Results/Klee/Projects/asa_1920_p1/Fri_Aug_26_00:54:49_2022/Project_tp068 --posix-runtime --libc=uclibc --only-output-states-covering-new -max-time=900 --watchdog Projects/asa_1920_p1/tp068/preprocessed/tp068.bc -sym-stdin 10

[!] 15min Timeout Detected: ['klee', '-output-dir=Results/Klee/Projects/asa_1920_p1/Fri_Aug_26_00:54:49_2022/Project_al167', '--posix-runtime', '--libc=uclibc', '--only-output-states-covering-new', '-max-time=900', '--watchdog', 'Projects/asa_1920_p1/al167/preprocessed/al167.bc', '-sym-stdin 10']
klee -output-dir=Results/Klee/Projects/asa_1920_p1/Fri_Aug_26_00:54:49_2022/Project_tp001 --posix-runtime --libc=uclibc --only-output-states-covering-new -max-time=900 --watchdog Projects/asa_1920_p1/tp001/preprocessed/tp001.bc -sym-stdin 10

[!] 15min Timeout Detected: ['klee', '-output-dir=Results/Klee/Projects/asa_1920_p1/Fri_Aug_26_00:54:49_2022/Project_tp053', '--posix-runtime', '--libc=uclibc', '--only-output-states-covering-new', '-max-time=900', '--watchdog', 'Projects/asa_1920_p1/tp053/preprocessed/tp053.bc', '-sym-stdin 10']
klee -output-dir=Results/Klee/Projects/asa_1920_p1/Fri_Aug_26_00:54:49_2022/Project_tp060 --posix-runtime --libc=uclibc --only-output-states-covering-new -max-time=900 --watchdog Projects/asa_1920_p1/tp060/preprocessed/tp060.bc -sym-stdin 10
klee -output-dir=Results/Klee/Projects/asa_1920_p1/Fri_Aug_26_00:54:49_2022/Project_tp023 --posix-runtime --libc=uclibc --only-output-states-covering-new -max-time=900 --watchdog Projects/asa_1920_p1/tp023/preprocessed/tp023.bc -sym-stdin 10
klee -output-dir=Results/Klee/Projects/asa_1920_p1/Fri_Aug_26_00:54:49_2022/Project_tp032 --posix-runtime --libc=uclibc --only-output-states-covering-new -max-time=900 --watchdog Projects/asa_1920_p1/tp032/preprocessed/tp032.bc -sym-stdin 10
klee -output-dir=Results/Klee/Projects/asa_1920_p1/Fri_Aug_26_00:54:49_2022/Project_tp041 --posix-runtime --libc=uclibc --only-output-states-covering-new -max-time=900 --watchdog Projects/asa_1920_p1/tp041/preprocessed/tp041.bc -sym-stdin 10
klee -output-dir=Results/Klee/Projects/asa_1920_p1/Fri_Aug_26_00:54:49_2022/Project_tp052 --posix-runtime --libc=uclibc --only-output-states-covering-new -max-time=900 --watchdog Projects/asa_1920_p1/tp052/preprocessed/tp052.bc -sym-stdin 10

[!] 15min Timeout Detected: ['klee', '-output-dir=Results/Klee/Projects/asa_1920_p1/Fri_Aug_26_00:54:49_2022/Project_tp068', '--posix-runtime', '--libc=uclibc', '--only-output-states-covering-new', '-max-time=900', '--watchdog', 'Projects/asa_1920_p1/tp068/preprocessed/tp068.bc', '-sym-stdin 10']

[!] 15min Timeout Detected: ['klee', '-output-dir=Results/Klee/Projects/asa_1920_p1/Fri_Aug_26_00:54:49_2022/Project_tp001', '--posix-runtime', '--libc=uclibc', '--only-output-states-covering-new', '-max-time=900', '--watchdog', 'Projects/asa_1920_p1/tp001/preprocessed/tp001.bc', '-sym-stdin 10']
klee -output-dir=Results/Klee/Projects/asa_1920_p1/Fri_Aug_26_00:54:49_2022/Project_tp009 --posix-runtime --libc=uclibc --only-output-states-covering-new -max-time=900 --watchdog Projects/asa_1920_p1/tp009/preprocessed/tp009.bc -sym-stdin 10
klee -output-dir=Results/Klee/Projects/asa_1920_p1/Fri_Aug_26_00:54:49_2022/Project_tp015 --posix-runtime --libc=uclibc --only-output-states-covering-new -max-time=900 --watchdog Projects/asa_1920_p1/tp015/preprocessed/tp015.bc -sym-stdin 10

[!] 15min Timeout Detected: ['klee', '-output-dir=Results/Klee/Projects/asa_1920_p1/Fri_Aug_26_00:54:49_2022/Project_tp060', '--posix-runtime', '--libc=uclibc', '--only-output-states-covering-new', '-max-time=900', '--watchdog', 'Projects/asa_1920_p1/tp060/preprocessed/tp060.bc', '-sym-stdin 10']

[!] 15min Timeout Detected: ['klee', '-output-dir=Results/Klee/Projects/asa_1920_p1/Fri_Aug_26_00:54:49_2022/Project_tp052', '--posix-runtime', '--libc=uclibc', '--only-output-states-covering-new', '-max-time=900', '--watchdog', 'Projects/asa_1920_p1/tp052/preprocessed/tp052.bc', '-sym-stdin 10']
klee -output-dir=Results/Klee/Projects/asa_1920_p1/Fri_Aug_26_00:54:49_2022/Project_tp057 --posix-runtime --libc=uclibc --only-output-states-covering-new -max-time=900 --watchdog Projects/asa_1920_p1/tp057/preprocessed/tp057.bc -sym-stdin 10

[!] 15min Timeout Detected: ['klee', '-output-dir=Results/Klee/Projects/asa_1920_p1/Fri_Aug_26_00:54:49_2022/Project_tp015', '--posix-runtime', '--libc=uclibc', '--only-output-states-covering-new', '-max-time=900', '--watchdog', 'Projects/asa_1920_p1/tp015/preprocessed/tp015.bc', '-sym-stdin 10']
klee -output-dir=Results/Klee/Projects/asa_1920_p1/Fri_Aug_26_00:54:49_2022/Project_tp027 --posix-runtime --libc=uclibc --only-output-states-covering-new -max-time=900 --watchdog Projects/asa_1920_p1/tp027/preprocessed/tp027.bc -sym-stdin 10
klee -output-dir=Results/Klee/Projects/asa_1920_p1/Fri_Aug_26_00:54:49_2022/Project_tp034 --posix-runtime --libc=uclibc --only-output-states-covering-new -max-time=900 --watchdog Projects/asa_1920_p1/tp034/preprocessed/tp034.bc -sym-stdin 10
klee -output-dir=Results/Klee/Projects/asa_1920_p1/Fri_Aug_26_00:54:49_2022/Project_tp050 --posix-runtime --libc=uclibc --only-output-states-covering-new -max-time=900 --watchdog Projects/asa_1920_p1/tp050/preprocessed/tp050.bc -sym-stdin 10
klee -output-dir=Results/Klee/Projects/asa_1920_p1/Fri_Aug_26_00:54:49_2022/Project_tp054 --posix-runtime --libc=uclibc --only-output-states-covering-new -max-time=900 --watchdog Projects/asa_1920_p1/tp054/preprocessed/tp054.bc -sym-stdin 10
klee -output-dir=Results/Klee/Projects/asa_1920_p1/Fri_Aug_26_00:54:49_2022/Project_tp062 --posix-runtime --libc=uclibc --only-output-states-covering-new -max-time=900 --watchdog Projects/asa_1920_p1/tp062/preprocessed/tp062.bc -sym-stdin 10
Elapsed: 17518.803 seconds (4.87 hours)
